

<!DOCTYPE html>
<html>
<head>
	<meta charset='utf-8' /> 
	<meta name='description' content='' />
	<meta name='robots' content='noodp, noydir' />
	<meta name='viewport' content='width=device-width, initial-scale=1' />
	<meta id="timeStampFormat" name="timeStampFormat" content='MMM d, yyyy hh:mm:ss a'/>
	
	<link href='https://fonts.googleapis.com/css?family=Source+Sans+Pro:400,600' rel='stylesheet' type='text/css' />
	<link href="https://fonts.googleapis.com/icon?family=Material+Icons" rel="stylesheet" />
	<link href='https://cdn.rawgit.com/extent-framework/extent-github-cdn/b65cd69/v3html/css/extent.css' type='text/css' rel='stylesheet' />
	
	<title>RB AT by Selenium report</title>

	<style type='text/css'>
		/* json-tree */
		.jstBracket,.jstComma,.jstValue{white-space:pre-wrap}.jstValue{font-size:10px;font-weight:400;font-family:"Lucida Console",Monaco,monospace}.jstProperty{color:#666;word-wrap:break-word}.jstBool{color:#2525CC}.jstNum{color:#D036D0}.jstNull{color:gray}.jstStr{color:#2DB669}.jstFold:after{content:' -';cursor:pointer}.jstExpand{white-space:normal}.jstExpand:after{content:' +';cursor:pointer}.jstFolded{white-space:normal!important}.jstHiddenBlock{display:none}
	</style>
	
	<script type="text/javascript">
		/*! json-tree - v0.2.2 - 2017-09-25, MIT LICENSE */
		var JSONTree=function(){var n={"&":"&amp;","<":"&lt;",">":"&gt;",'"':"&quot;","'":"&#x27;","/":"&#x2F;"},t=0,r=0;this.create=function(n,t){return r+=1,N(u(n,0,!1),{class:"jstValue"})};var e=function(t){return t.replace(/[&<>'"]/g,function(t){return n[t]})},s=function(){return r+"_"+t++},u=function(n,t,r){if(null===n)return f(r?t:0);switch(typeof n){case"boolean":return l(n,r?t:0);case"number":return i(n,r?t:0);case"string":return o(n,r?t:0);default:return n instanceof Array?a(n,t,r):c(n,t,r)}},c=function(n,t,r){var e=s(),u=Object.keys(n).map(function(r){return j(r,n[r],t+1,!0)}).join(m()),c=[g("{",r?t:0,e),N(u,{id:e}),p("}",t)].join("\n");return N(c,{})},a=function(n,t,r){var e=s(),c=n.map(function(n){return u(n,t+1,!0)}).join(m());return[g("[",r?t:0,e),N(c,{id:e}),p("]",t)].join("\n")},o=function(n,t){var r=e(JSON.stringify(n));return N(v(r,t),{class:"jstStr"})},i=function(n,t){return N(v(n,t),{class:"jstNum"})},l=function(n,t){return N(v(n,t),{class:"jstBool"})},f=function(n){return N(v("null",n),{class:"jstNull"})},j=function(n,t,r){var s=v(e(JSON.stringify(n))+": ",r),c=N(u(t,r,!1),{});return N(s+c,{class:"jstProperty"})},m=function(){return N(",\n",{class:"jstComma"})},N=function(n,t){return d("span",t,n)},d=function(n,t,r){return"<"+n+Object.keys(t).map(function(n){return" "+n+'="'+t[n]+'"'}).join("")+">"+r+"</"+n+">"},g=function(n,t,r){return N(v(n,t),{class:"jstBracket"})+N("",{class:"jstFold",onclick:"JSONTree.toggle('"+r+"')"})};this.toggle=function(n){var t=document.getElementById(n),r=t.parentNode,e=t.previousElementSibling;""===t.className?(t.className="jstHiddenBlock",r.className="jstFolded",e.className="jstExpand"):(t.className="",r.className="",e.className="jstFold")};var p=function(n,t){return N(v(n,t),{})},v=function(n,t){return Array(2*t+1).join(" ")+n};return this}();
	</script>
</head>
	<body class='extent standard default hide-overflow '>
		<div id='theme-selector' alt='Click to toggle theme. To enable by default, use theme configuration.' title='Click to toggle theme. To enable by default, use theme configuration.'>
			<span><i class='material-icons'>desktop_windows</i></span>
		</div>
<nav>
	<div class="nav-wrapper">
		<a href="#!" class="brand-logo black"><img src="https://cdn.rawgit.com/extent-framework/extent-github-cdn/d74480e/commons/img/logo.png"></a>
		<!-- slideout menu -->
		<ul id='slide-out' class='side-nav fixed hide-on-med-and-down'>
			<li class='waves-effect active'><a href='#!' view='test-view' onclick="configureView(0);chartsView('test');"><i class='material-icons'>dashboard</i></a></li>
						<li class='waves-effect'><a href='#!' view='category-view' onclick="configureView(1)"><i class='material-icons'>label_outline</i></a></li>
			<li class='waves-effect'><a href='#!' view='exception-view' onclick="configureView(2)"><i class='material-icons'>bug_report</i></a></li>
			<li class='waves-effect'><a href='#!' onclick="configureView(-1);chartsView('dashboard');" view='dashboard-view'><i class='material-icons'>track_changes</i></a></li>
		</ul>
		<!-- report name -->
		<span class='report-name'>Rainbow Automated Tests by Selenium Report - 2022.06.28</span>
		<!-- report headline -->
		<span class='report-headline'></span>
		<!-- nav-right -->
		<ul id='nav-mobile' class='right hide-on-med-and-down nav-right'>
			<a href='#!'>
			<span class='label blue darken-3 suite-start-time'>Jun 28, 2022 10:09:24 AM</span>
			</a>
		</ul>
	</div>
</nav>		<!-- container -->
		<div class='container'>
<div id='test-view' class='view'>
	<section id='controls'>
		<div class='controls grey lighten-4'>
			<!-- test toggle -->
			<div class='chip transparent'>
				<a class='dropdown-button tests-toggle' data-activates='tests-toggle' data-constrainwidth='true' data-beloworigin='true' data-hover='true' href='#'>
				<i class='material-icons'>warning</i> Status
				</a>
				<ul id='tests-toggle' class='dropdown-content'>
										<li status='pass'><a href='#!'>Pass <i class='material-icons green-text'>check_circle</i></a></li>
					<li status='fail'><a href='#!'>Fail <i class='material-icons red-text'>cancel</i></a></li>
					<li status='skip'><a href='#!'>Skip <i class='material-icons cyan-text'>redo</i></a></li>
					<li class='divider'></li>
					<li status='clear' clear='true'><a href='#!'>Clear Filters <i class='material-icons'>clear</i></a></li>
				</ul>
			</div>
			<!-- test toggle -->
			<!-- category toggle -->
			<div class='chip transparent'>
				<a class='dropdown-button category-toggle' data-activates='category-toggle' data-constrainwidth='false' data-beloworigin='true' data-hover='true' href='#'>
				<i class='material-icons'>local_offer</i> Category
				</a>
				<ul id='category-toggle' class='dropdown-content'>
					<li><a href='#'>GUESTS</a></li>
					<li class='divider'></li>
					<li class='clear'><a href='#!' clear='true'>Clear Filters</a></li>
				</ul>
			</div>
			<!-- category toggle -->
			<!-- clear filters -->
			<div class='chip transparent hide'>
				<a class='' id='clear-filters' alt='Clear Filters' title='Clear Filters'>
				<i class='material-icons'>close</i> Clear
				</a>
			</div>
			<!-- clear filters -->
			<!-- enable dashboard -->
			<div id='toggle-test-view-charts' class='chip transparent'>
				<a class='pink-text' id='enable-dashboard' alt='Enable Dashboard' title='Enable Dashboard'>
				<i class='material-icons'>track_changes</i> Dashboard
				</a>
			</div>
			<!-- enable dashboard -->
			<!-- search -->
			<div class='chip transparent' alt='Search Tests' title='Search Tests'>
				<a href="#" class='search-div'>
				<i class='material-icons'>search</i> Search
				</a>
				<div class='input-field left hide'>
					<input id='search-tests' type='text' class='validate browser-default' placeholder='Search Tests...'>
				</div>
			</div>
			<!-- search -->
		</div>
	</section>
<div id='test-view-charts' class='subview-full'>
    <div id='charts-row' class='row nm-v nm-h'>
        <div class='col s12 m12 l12 np-h'>
            <div class='card-panel nm-v'>
                <div class='left panel-name'>Tests</div>
                <div class='chart-box' style="max-height:94px;">
                    <canvas id='parent-analysis' width='90' height='70'></canvas>
                </div>
                <div class='block text-small'>
                    <span class='tooltipped' data-position='top' data-tooltip='68.627%'><span class='strong'>35</span> test(s) passed</span>
                </div>
                <div class='block text-small'>
                    <span class='strong tooltipped' data-position='top' data-tooltip='7.843%'>4</span> test(s) failed, <span class='strong tooltipped' data-position='top' data-tooltip='0%'>12</span> others
                </div>
            </div>
        </div>
    </div>
    <div id="timeline-chart" class="row nm-v nm-h">
        <div class="col s12 m12 l12 np-h">
            <div class="card-panel">
                <div class='left panel-name'>Timeline (seconds)</div>
                <div class="chart-box" style="width:98%;max-height:145px;">
                    <canvas id="timeline" height="120"></canvas>
                </div>
            </div>
        </div>
    </div>
</div>	<div class='subview-left left'>
		<div class='view-summary'>
			<ul id='test-collection' class='test-collection'>
				<li class='test displayed active  pass' status='pass' bdd='false' test-id='1'>
					<div class='test-heading'>
						<span class='test-name'>TC1200_createBubbleWithInvalidEmailGuest</span>
						<span class='test-time'>Jun 28, 2022 10:10:37 AM</span>
						<span class='test-status right pass'>pass</span>
					</div>
					<div class='test-content hide'>
<div class='test-time-info'>
	<span class='label start-time'>Jun 28, 2022 10:10:37 AM</span>
	<span class='label end-time'>Jun 28, 2022 10:11:08 AM</span>
	<span class='label time-taken grey lighten-1 white-text'>0h 0m 31s+94ms</span>
</div>
<div class='test-attributes'>
	<div class='category-list'>
		<span class='category label'>GUESTS</span>
	</div>
</div>
<div class='test-steps'>
	<table class='bordered table-results'>
		<thead>
			<tr>
				<th>Status</th>
				<th>Timestamp</th>
				<th>Details</th>
			</tr>
		</thead>
		<tbody>
			<tr class='log' status='info'>
				<td class='status info' title='info' alt='info'><i class='material-icons'>info_outline</i></td>
				<td class='timestamp'>10:10:37 AM</td>
				<td class='step-details'>
						<font style='color:#013ADF;'><b>Test purpose: Create a bubble with a guest but wrong email</b></font>
					
				</td>
			</tr>
			<tr class='log' status='pass'>
				<td class='status pass' title='pass' alt='pass'><i class='material-icons'>check_circle</i></td>
				<td class='timestamp'>10:11:08 AM</td>
				<td class='step-details'>
						TC1200_createBubbleWithInvalidEmailGuest
					
				</td>
			</tr>
		</tbody>
	</table>
</div>
					</div>
				</li>
				<li class='test displayed active  pass' status='pass' bdd='false' test-id='2'>
					<div class='test-heading'>
						<span class='test-name'>TC1201_createBubbleWithGuest</span>
						<span class='test-time'>Jun 28, 2022 10:11:09 AM</span>
						<span class='test-status right pass'>pass</span>
					</div>
					<div class='test-content hide'>
<div class='test-time-info'>
	<span class='label start-time'>Jun 28, 2022 10:11:09 AM</span>
	<span class='label end-time'>Jun 28, 2022 10:11:21 AM</span>
	<span class='label time-taken grey lighten-1 white-text'>0h 0m 12s+779ms</span>
</div>
<div class='test-attributes'>
	<div class='category-list'>
		<span class='category label'>GUESTS</span>
	</div>
</div>
<div class='test-steps'>
	<table class='bordered table-results'>
		<thead>
			<tr>
				<th>Status</th>
				<th>Timestamp</th>
				<th>Details</th>
			</tr>
		</thead>
		<tbody>
			<tr class='log' status='info'>
				<td class='status info' title='info' alt='info'><i class='material-icons'>info_outline</i></td>
				<td class='timestamp'>10:11:09 AM</td>
				<td class='step-details'>
						<font style='color:#013ADF;'><b>Test purpose: Create a bubble witha guest as participant</b></font>
					
				</td>
			</tr>
			<tr class='log' status='pass'>
				<td class='status pass' title='pass' alt='pass'><i class='material-icons'>check_circle</i></td>
				<td class='timestamp'>10:11:21 AM</td>
				<td class='step-details'>
						TC1201_createBubbleWithGuest
					
				</td>
			</tr>
		</tbody>
	</table>
</div>
					</div>
				</li>
				<li class='test displayed active  pass' status='pass' bdd='false' test-id='3'>
					<div class='test-heading'>
						<span class='test-name'>TC1202_checkLinkEmailInviteGuest</span>
						<span class='test-time'>Jun 28, 2022 10:11:21 AM</span>
						<span class='test-status right pass'>pass</span>
					</div>
					<div class='test-content hide'>
<div class='test-time-info'>
	<span class='label start-time'>Jun 28, 2022 10:11:21 AM</span>
	<span class='label end-time'>Jun 28, 2022 10:11:28 AM</span>
	<span class='label time-taken grey lighten-1 white-text'>0h 0m 6s+569ms</span>
</div>
<div class='test-attributes'>
	<div class='category-list'>
		<span class='category label'>GUESTS</span>
	</div>
</div>
<div class='test-steps'>
	<table class='bordered table-results'>
		<thead>
			<tr>
				<th>Status</th>
				<th>Timestamp</th>
				<th>Details</th>
			</tr>
		</thead>
		<tbody>
			<tr class='log' status='info'>
				<td class='status info' title='info' alt='info'><i class='material-icons'>info_outline</i></td>
				<td class='timestamp'>10:11:21 AM</td>
				<td class='step-details'>
						<font style='color:#013ADF;'><b>Test purpose: Check the link from the received email after a guest bubble invitation is valid</b></font>
					
				</td>
			</tr>
			<tr class='log' status='pass'>
				<td class='status pass' title='pass' alt='pass'><i class='material-icons'>check_circle</i></td>
				<td class='timestamp'>10:11:28 AM</td>
				<td class='step-details'>
						TC1202_checkLinkEmailInviteGuest
					
				</td>
			</tr>
		</tbody>
	</table>
</div>
					</div>
				</li>
				<li class='test displayed active  pass' status='pass' bdd='false' test-id='4'>
					<div class='test-heading'>
						<span class='test-name'>TC1203_enterGuestFirstnameAndLastname</span>
						<span class='test-time'>Jun 28, 2022 10:11:28 AM</span>
						<span class='test-status right pass'>pass</span>
					</div>
					<div class='test-content hide'>
<div class='test-time-info'>
	<span class='label start-time'>Jun 28, 2022 10:11:28 AM</span>
	<span class='label end-time'>Jun 28, 2022 10:11:51 AM</span>
	<span class='label time-taken grey lighten-1 white-text'>0h 0m 23s+78ms</span>
</div>
<div class='test-attributes'>
	<div class='category-list'>
		<span class='category label'>GUESTS</span>
	</div>
</div>
<div class='test-steps'>
	<table class='bordered table-results'>
		<thead>
			<tr>
				<th>Status</th>
				<th>Timestamp</th>
				<th>Details</th>
			</tr>
		</thead>
		<tbody>
			<tr class='log' status='info'>
				<td class='status info' title='info' alt='info'><i class='material-icons'>info_outline</i></td>
				<td class='timestamp'>10:11:28 AM</td>
				<td class='step-details'>
						<font style='color:#013ADF;'><b>Test purpose: Enter firstname and lastanme for guest and click on the Continue button</b></font>
					
				</td>
			</tr>
			<tr class='log' status='pass'>
				<td class='status pass' title='pass' alt='pass'><i class='material-icons'>check_circle</i></td>
				<td class='timestamp'>10:11:51 AM</td>
				<td class='step-details'>
						TC1203_enterGuestFirstnameAndLastname
					
				</td>
			</tr>
		</tbody>
	</table>
</div>
					</div>
				</li>
				<li class='test displayed active  pass' status='pass' bdd='false' test-id='5'>
					<div class='test-heading'>
						<span class='test-name'>TC1204_disableVideo</span>
						<span class='test-time'>Jun 28, 2022 10:11:51 AM</span>
						<span class='test-status right pass'>pass</span>
					</div>
					<div class='test-content hide'>
<div class='test-time-info'>
	<span class='label start-time'>Jun 28, 2022 10:11:51 AM</span>
	<span class='label end-time'>Jun 28, 2022 10:12:02 AM</span>
	<span class='label time-taken grey lighten-1 white-text'>0h 0m 10s+731ms</span>
</div>
<div class='test-attributes'>
	<div class='category-list'>
		<span class='category label'>GUESTS</span>
	</div>
</div>
<div class='test-steps'>
	<table class='bordered table-results'>
		<thead>
			<tr>
				<th>Status</th>
				<th>Timestamp</th>
				<th>Details</th>
			</tr>
		</thead>
		<tbody>
			<tr class='log' status='info'>
				<td class='status info' title='info' alt='info'><i class='material-icons'>info_outline</i></td>
				<td class='timestamp'>10:11:51 AM</td>
				<td class='step-details'>
						<font style='color:#013ADF;'><b>Test purpose: Click on the button to disable video</b></font>
					
				</td>
			</tr>
			<tr class='log' status='pass'>
				<td class='status pass' title='pass' alt='pass'><i class='material-icons'>check_circle</i></td>
				<td class='timestamp'>10:12:02 AM</td>
				<td class='step-details'>
						TC1204_disableVideo
					
				</td>
			</tr>
		</tbody>
	</table>
</div>
					</div>
				</li>
				<li class='test displayed active  pass' status='pass' bdd='false' test-id='6'>
					<div class='test-heading'>
						<span class='test-name'>TC1205_disableMicro</span>
						<span class='test-time'>Jun 28, 2022 10:12:02 AM</span>
						<span class='test-status right pass'>pass</span>
					</div>
					<div class='test-content hide'>
<div class='test-time-info'>
	<span class='label start-time'>Jun 28, 2022 10:12:02 AM</span>
	<span class='label end-time'>Jun 28, 2022 10:12:13 AM</span>
	<span class='label time-taken grey lighten-1 white-text'>0h 0m 10s+722ms</span>
</div>
<div class='test-attributes'>
	<div class='category-list'>
		<span class='category label'>GUESTS</span>
	</div>
</div>
<div class='test-steps'>
	<table class='bordered table-results'>
		<thead>
			<tr>
				<th>Status</th>
				<th>Timestamp</th>
				<th>Details</th>
			</tr>
		</thead>
		<tbody>
			<tr class='log' status='info'>
				<td class='status info' title='info' alt='info'><i class='material-icons'>info_outline</i></td>
				<td class='timestamp'>10:12:02 AM</td>
				<td class='step-details'>
						<font style='color:#013ADF;'><b>Test purpose: Click on the button to disable microphone</b></font>
					
				</td>
			</tr>
			<tr class='log' status='pass'>
				<td class='status pass' title='pass' alt='pass'><i class='material-icons'>check_circle</i></td>
				<td class='timestamp'>10:12:13 AM</td>
				<td class='step-details'>
						TC1205_disableMicro
					
				</td>
			</tr>
		</tbody>
	</table>
</div>
					</div>
				</li>
				<li class='test displayed active  pass' status='pass' bdd='false' test-id='7'>
					<div class='test-heading'>
						<span class='test-name'>TC1206_clickChoiceWebcam</span>
						<span class='test-time'>Jun 28, 2022 10:12:13 AM</span>
						<span class='test-status right pass'>pass</span>
					</div>
					<div class='test-content hide'>
<div class='test-time-info'>
	<span class='label start-time'>Jun 28, 2022 10:12:13 AM</span>
	<span class='label end-time'>Jun 28, 2022 10:12:16 AM</span>
	<span class='label time-taken grey lighten-1 white-text'>0h 0m 2s+680ms</span>
</div>
<div class='test-attributes'>
	<div class='category-list'>
		<span class='category label'>GUESTS</span>
	</div>
</div>
<div class='test-steps'>
	<table class='bordered table-results'>
		<thead>
			<tr>
				<th>Status</th>
				<th>Timestamp</th>
				<th>Details</th>
			</tr>
		</thead>
		<tbody>
			<tr class='log' status='info'>
				<td class='status info' title='info' alt='info'><i class='material-icons'>info_outline</i></td>
				<td class='timestamp'>10:12:13 AM</td>
				<td class='step-details'>
						<font style='color:#013ADF;'><b>Test purpose: Click on the button to disable microphone</b></font>
					
				</td>
			</tr>
			<tr class='log' status='pass'>
				<td class='status pass' title='pass' alt='pass'><i class='material-icons'>check_circle</i></td>
				<td class='timestamp'>10:12:16 AM</td>
				<td class='step-details'>
						TC1206_clickChoiceWebcam
					
				</td>
			</tr>
		</tbody>
	</table>
</div>
					</div>
				</li>
				<li class='test displayed active  fail' status='fail' bdd='false' test-id='8'>
					<div class='test-heading'>
						<span class='test-name'>TC1213_joinConference</span>
						<span class='test-time'>Jun 28, 2022 10:12:16 AM</span>
						<span class='test-status right fail'>fail</span>
					</div>
					<div class='test-content hide'>
<div class='test-time-info'>
	<span class='label start-time'>Jun 28, 2022 10:12:16 AM</span>
	<span class='label end-time'>Jun 28, 2022 10:12:46 AM</span>
	<span class='label time-taken grey lighten-1 white-text'>0h 0m 30s+330ms</span>
</div>
<div class='test-attributes'>
	<div class='category-list'>
		<span class='category label'>GUESTS</span>
	</div>
</div>
<div class='test-steps'>
	<table class='bordered table-results'>
		<thead>
			<tr>
				<th>Status</th>
				<th>Timestamp</th>
				<th>Details</th>
			</tr>
		</thead>
		<tbody>
			<tr class='log' status='info'>
				<td class='status info' title='info' alt='info'><i class='material-icons'>info_outline</i></td>
				<td class='timestamp'>10:12:16 AM</td>
				<td class='step-details'>
						<font style='color:#013ADF;'><b>Test purpose: From the Configure test page, start the tests by clicking on, the corresponding button</b></font>
					
				</td>
			</tr>
			<tr class='log' status='fail'>
				<td class='status fail' title='fail' alt='fail'><i class='material-icons'>cancel</i></td>
				<td class='timestamp'>10:12:46 AM</td>
				<td class='step-details'>
						TC1213_joinConference
					
				</td>
			</tr>
			<tr class='log' status='fail'>
				<td class='status fail' title='fail' alt='fail'><i class='material-icons'>cancel</i></td>
				<td class='timestamp'>10:12:46 AM</td>
				<td class='step-details'>
						<textarea disabled class="code-block">java.lang.AssertionError: 
Expecting:
 <false>
to be equal to:
 <true>
but was not.
	at net.cloudservices.operations.qa.Tests.WebClients.TS_Guests.TC1213_joinConference(TS_Guests.java:405)
	at sun.reflect.NativeMethodAccessorImpl.invoke0(Native Method)
	at sun.reflect.NativeMethodAccessorImpl.invoke(NativeMethodAccessorImpl.java:62)
	at sun.reflect.DelegatingMethodAccessorImpl.invoke(DelegatingMethodAccessorImpl.java:43)
	at java.lang.reflect.Method.invoke(Method.java:498)
	at org.testng.internal.MethodInvocationHelper.invokeMethod(MethodInvocationHelper.java:133)
	at org.testng.internal.TestInvoker.invokeMethod(TestInvoker.java:598)
	at org.testng.internal.TestInvoker.invokeTestMethod(TestInvoker.java:173)
	at org.testng.internal.MethodRunner.runInSequence(MethodRunner.java:46)
	at org.testng.internal.TestInvoker$MethodInvocationAgent.invoke(TestInvoker.java:824)
	at org.testng.internal.TestInvoker.invokeTestMethods(TestInvoker.java:146)
	at org.testng.internal.TestMethodWorker.invokeTestMethods(TestMethodWorker.java:146)
	at org.testng.internal.TestMethodWorker.run(TestMethodWorker.java:128)
	at java.util.ArrayList.forEach(ArrayList.java:1259)
	at org.testng.TestRunner.privateRun(TestRunner.java:794)
	at org.testng.TestRunner.run(TestRunner.java:596)
	at org.testng.SuiteRunner.runTest(SuiteRunner.java:377)
	at org.testng.SuiteRunner.runSequentially(SuiteRunner.java:371)
	at org.testng.SuiteRunner.privateRun(SuiteRunner.java:332)
	at org.testng.SuiteRunner.run(SuiteRunner.java:276)
	at org.testng.SuiteRunnerWorker.runSuite(SuiteRunnerWorker.java:53)
	at org.testng.SuiteRunnerWorker.run(SuiteRunnerWorker.java:96)
	at org.testng.TestNG.runSuitesSequentially(TestNG.java:1212)
	at org.testng.TestNG.runSuitesLocally(TestNG.java:1134)
	at org.testng.TestNG.runSuites(TestNG.java:1063)
	at org.testng.TestNG.run(TestNG.java:1031)
	at org.apache.maven.surefire.testng.TestNGExecutor.run(TestNGExecutor.java:73)
	at org.apache.maven.surefire.testng.TestNGXmlTestSuite.execute(TestNGXmlTestSuite.java:94)
	at org.apache.maven.surefire.Surefire.run(Surefire.java:169)
	at sun.reflect.NativeMethodAccessorImpl.invoke0(Native Method)
	at sun.reflect.NativeMethodAccessorImpl.invoke(NativeMethodAccessorImpl.java:62)
	at sun.reflect.DelegatingMethodAccessorImpl.invoke(DelegatingMethodAccessorImpl.java:43)
	at java.lang.reflect.Method.invoke(Method.java:498)
	at org.apache.maven.surefire.booter.SurefireBooter.runSuitesInProcess(SurefireBooter.java:350)
	at org.apache.maven.surefire.booter.SurefireBooter.main(SurefireBooter.java:1021)
</textarea>
					
				</td>
			</tr>
			<tr class='log' status='fail'>
				<td class='status fail' title='fail' alt='fail'><i class='material-icons'>cancel</i></td>
				<td class='timestamp'>10:12:46 AM</td>
				<td class='step-details'>
						Screenshot Device 0: see thumbnail below
					
				</td>
			</tr>
			<tr class='log' status='info'>
				<td class='status info' title='info' alt='info'><i class='material-icons'>info_outline</i></td>
				<td class='timestamp'>10:12:46 AM</td>
				<td class='step-details'>
						<a href=''>Logs from Device 0</a>
					
				</td>
			</tr>
			<tr class='log' status='fail'>
				<td class='status fail' title='fail' alt='fail'><i class='material-icons'>cancel</i></td>
				<td class='timestamp'>10:12:46 AM</td>
				<td class='step-details'>
						Screenshot Device 1: see thumbnail below
					
				</td>
			</tr>
			<tr class='log' status='info'>
				<td class='status info' title='info' alt='info'><i class='material-icons'>info_outline</i></td>
				<td class='timestamp'>10:12:46 AM</td>
				<td class='step-details'>
						<a href=''>Logs from Device 1</a>
					
				</td>
			</tr>
		</tbody>
	</table>
</div>
						<ul class='screenshots'>
							<li><img class='r-img' onerror='this.style.display="none"' data-featherlight='ReportLogs\TC1213_joinConference-0.png' src='ReportLogs\TC1213_joinConference-0.png' data-src='ReportLogs\TC1213_joinConference-0.png'></li>
							<li><img class='r-img' onerror='this.style.display="none"' data-featherlight='ReportLogs\TC1213_joinConference-1.png' src='ReportLogs\TC1213_joinConference-1.png' data-src='ReportLogs\TC1213_joinConference-1.png'></li>
						</ul>
					</div>
				</li>
				<li class='test displayed active  pass' status='pass' bdd='false' test-id='9'>
					<div class='test-heading'>
						<span class='test-name'>TC1214_guestSendsMessage</span>
						<span class='test-time'>Jun 28, 2022 10:12:53 AM</span>
						<span class='test-status right pass'>pass</span>
					</div>
					<div class='test-content hide'>
<div class='test-time-info'>
	<span class='label start-time'>Jun 28, 2022 10:12:53 AM</span>
	<span class='label end-time'>Jun 28, 2022 10:12:53 AM</span>
	<span class='label time-taken grey lighten-1 white-text'>0h 0m 0s+0ms</span>
</div>
<div class='test-attributes'>
	<div class='category-list'>
		<span class='category label'>GUESTS</span>
	</div>
</div>
<div class='test-steps'>
	<table class='bordered table-results'>
		<thead>
			<tr>
				<th>Status</th>
				<th>Timestamp</th>
				<th>Details</th>
			</tr>
		</thead>
		<tbody>
			<tr class='log' status='info'>
				<td class='status info' title='info' alt='info'><i class='material-icons'>info_outline</i></td>
				<td class='timestamp'>10:12:53 AM</td>
				<td class='step-details'>
						<font style='color:#013ADF;'><b>Test purpose: Guests write and sends a message in the bubble</b></font>
					
				</td>
			</tr>
		</tbody>
	</table>
</div>
					</div>
				</li>
				<li class='test displayed active  skip' status='skip' bdd='false' test-id='10'>
					<div class='test-heading'>
						<span class='test-name'>TC1214_guestSendsMessage</span>
						<span class='test-time'>Jun 28, 2022 10:12:53 AM</span>
						<span class='test-status right skip'>skip</span>
					</div>
					<div class='test-content hide'>
<div class='test-time-info'>
	<span class='label start-time'>Jun 28, 2022 10:12:53 AM</span>
	<span class='label end-time'>Jun 28, 2022 10:12:53 AM</span>
	<span class='label time-taken grey lighten-1 white-text'>0h 0m 0s+0ms</span>
</div>
<div class='test-attributes'>
	<div class='category-list'>
		<span class='category label'>GUESTS</span>
	</div>
</div>
<div class='test-steps'>
	<table class='bordered table-results'>
		<thead>
			<tr>
				<th>Status</th>
				<th>Timestamp</th>
				<th>Details</th>
			</tr>
		</thead>
		<tbody>
			<tr class='log' status='info'>
				<td class='status info' title='info' alt='info'><i class='material-icons'>info_outline</i></td>
				<td class='timestamp'>10:12:53 AM</td>
				<td class='step-details'>
						<font style='color:#013ADF;'><b>Test purpose: Guests write and sends a message in the bubble</b></font>
					
				</td>
			</tr>
			<tr class='log' status='skip'>
				<td class='status skip' title='skip' alt='skip'><i class='material-icons'>redo</i></td>
				<td class='timestamp'>10:12:53 AM</td>
				<td class='step-details'>
						TC1214_guestSendsMessage
					
				</td>
			</tr>
			<tr class='log' status='skip'>
				<td class='status skip' title='skip' alt='skip'><i class='material-icons'>redo</i></td>
				<td class='timestamp'>10:12:53 AM</td>
				<td class='step-details'>
						Test Case: TC1214_guestSendsMessage has been skipped
					
				</td>
			</tr>
		</tbody>
	</table>
</div>
					</div>
				</li>
				<li class='test displayed active  pass' status='pass' bdd='false' test-id='11'>
					<div class='test-heading'>
						<span class='test-name'>TC1215_startConference</span>
						<span class='test-time'>Jun 28, 2022 10:12:53 AM</span>
						<span class='test-status right pass'>pass</span>
					</div>
					<div class='test-content hide'>
<div class='test-time-info'>
	<span class='label start-time'>Jun 28, 2022 10:12:53 AM</span>
	<span class='label end-time'>Jun 28, 2022 10:12:53 AM</span>
	<span class='label time-taken grey lighten-1 white-text'>0h 0m 0s+0ms</span>
</div>
<div class='test-attributes'>
	<div class='category-list'>
		<span class='category label'>GUESTS</span>
	</div>
</div>
<div class='test-steps'>
	<table class='bordered table-results'>
		<thead>
			<tr>
				<th>Status</th>
				<th>Timestamp</th>
				<th>Details</th>
			</tr>
		</thead>
		<tbody>
			<tr class='log' status='info'>
				<td class='status info' title='info' alt='info'><i class='material-icons'>info_outline</i></td>
				<td class='timestamp'>10:12:53 AM</td>
				<td class='step-details'>
						<font style='color:#013ADF;'><b>Test purpose: Bubble administrator starts the conference and guest joins it</b></font>
					
				</td>
			</tr>
		</tbody>
	</table>
</div>
					</div>
				</li>
				<li class='test displayed active  skip' status='skip' bdd='false' test-id='12'>
					<div class='test-heading'>
						<span class='test-name'>TC1215_startConference</span>
						<span class='test-time'>Jun 28, 2022 10:12:53 AM</span>
						<span class='test-status right skip'>skip</span>
					</div>
					<div class='test-content hide'>
<div class='test-time-info'>
	<span class='label start-time'>Jun 28, 2022 10:12:53 AM</span>
	<span class='label end-time'>Jun 28, 2022 10:12:53 AM</span>
	<span class='label time-taken grey lighten-1 white-text'>0h 0m 0s+0ms</span>
</div>
<div class='test-attributes'>
	<div class='category-list'>
		<span class='category label'>GUESTS</span>
	</div>
</div>
<div class='test-steps'>
	<table class='bordered table-results'>
		<thead>
			<tr>
				<th>Status</th>
				<th>Timestamp</th>
				<th>Details</th>
			</tr>
		</thead>
		<tbody>
			<tr class='log' status='info'>
				<td class='status info' title='info' alt='info'><i class='material-icons'>info_outline</i></td>
				<td class='timestamp'>10:12:53 AM</td>
				<td class='step-details'>
						<font style='color:#013ADF;'><b>Test purpose: Bubble administrator starts the conference and guest joins it</b></font>
					
				</td>
			</tr>
			<tr class='log' status='skip'>
				<td class='status skip' title='skip' alt='skip'><i class='material-icons'>redo</i></td>
				<td class='timestamp'>10:12:53 AM</td>
				<td class='step-details'>
						TC1215_startConference
					
				</td>
			</tr>
			<tr class='log' status='skip'>
				<td class='status skip' title='skip' alt='skip'><i class='material-icons'>redo</i></td>
				<td class='timestamp'>10:12:53 AM</td>
				<td class='step-details'>
						Test Case: TC1215_startConference has been skipped
					
				</td>
			</tr>
		</tbody>
	</table>
</div>
					</div>
				</li>
				<li class='test displayed active  pass' status='pass' bdd='false' test-id='13'>
					<div class='test-heading'>
						<span class='test-name'>TC1216_joinRainbowForGuestFinalizeLater</span>
						<span class='test-time'>Jun 28, 2022 10:12:54 AM</span>
						<span class='test-status right pass'>pass</span>
					</div>
					<div class='test-content hide'>
<div class='test-time-info'>
	<span class='label start-time'>Jun 28, 2022 10:12:54 AM</span>
	<span class='label end-time'>Jun 28, 2022 10:12:54 AM</span>
	<span class='label time-taken grey lighten-1 white-text'>0h 0m 0s+0ms</span>
</div>
<div class='test-attributes'>
	<div class='category-list'>
		<span class='category label'>GUESTS</span>
	</div>
</div>
<div class='test-steps'>
	<table class='bordered table-results'>
		<thead>
			<tr>
				<th>Status</th>
				<th>Timestamp</th>
				<th>Details</th>
			</tr>
		</thead>
		<tbody>
			<tr class='log' status='info'>
				<td class='status info' title='info' alt='info'><i class='material-icons'>info_outline</i></td>
				<td class='timestamp'>10:12:54 AM</td>
				<td class='step-details'>
						<font style='color:#013ADF;'><b>Test purpose: Finalize your account creation later</b></font>
					
				</td>
			</tr>
		</tbody>
	</table>
</div>
					</div>
				</li>
				<li class='test displayed active  skip' status='skip' bdd='false' test-id='14'>
					<div class='test-heading'>
						<span class='test-name'>TC1216_joinRainbowForGuestFinalizeLater</span>
						<span class='test-time'>Jun 28, 2022 10:12:54 AM</span>
						<span class='test-status right skip'>skip</span>
					</div>
					<div class='test-content hide'>
<div class='test-time-info'>
	<span class='label start-time'>Jun 28, 2022 10:12:54 AM</span>
	<span class='label end-time'>Jun 28, 2022 10:12:54 AM</span>
	<span class='label time-taken grey lighten-1 white-text'>0h 0m 0s+1ms</span>
</div>
<div class='test-attributes'>
	<div class='category-list'>
		<span class='category label'>GUESTS</span>
	</div>
</div>
<div class='test-steps'>
	<table class='bordered table-results'>
		<thead>
			<tr>
				<th>Status</th>
				<th>Timestamp</th>
				<th>Details</th>
			</tr>
		</thead>
		<tbody>
			<tr class='log' status='info'>
				<td class='status info' title='info' alt='info'><i class='material-icons'>info_outline</i></td>
				<td class='timestamp'>10:12:54 AM</td>
				<td class='step-details'>
						<font style='color:#013ADF;'><b>Test purpose: Finalize your account creation later</b></font>
					
				</td>
			</tr>
			<tr class='log' status='skip'>
				<td class='status skip' title='skip' alt='skip'><i class='material-icons'>redo</i></td>
				<td class='timestamp'>10:12:54 AM</td>
				<td class='step-details'>
						TC1216_joinRainbowForGuestFinalizeLater
					
				</td>
			</tr>
			<tr class='log' status='skip'>
				<td class='status skip' title='skip' alt='skip'><i class='material-icons'>redo</i></td>
				<td class='timestamp'>10:12:54 AM</td>
				<td class='step-details'>
						Test Case: TC1216_joinRainbowForGuestFinalizeLater has been skipped
					
				</td>
			</tr>
		</tbody>
	</table>
</div>
					</div>
				</li>
				<li class='test displayed active  pass' status='pass' bdd='false' test-id='15'>
					<div class='test-heading'>
						<span class='test-name'>TC1217_joinRainbowForGuestFinalizeForPassword</span>
						<span class='test-time'>Jun 28, 2022 10:12:54 AM</span>
						<span class='test-status right pass'>pass</span>
					</div>
					<div class='test-content hide'>
<div class='test-time-info'>
	<span class='label start-time'>Jun 28, 2022 10:12:54 AM</span>
	<span class='label end-time'>Jun 28, 2022 10:12:54 AM</span>
	<span class='label time-taken grey lighten-1 white-text'>0h 0m 0s+0ms</span>
</div>
<div class='test-attributes'>
	<div class='category-list'>
		<span class='category label'>GUESTS</span>
	</div>
</div>
<div class='test-steps'>
	<table class='bordered table-results'>
		<thead>
			<tr>
				<th>Status</th>
				<th>Timestamp</th>
				<th>Details</th>
			</tr>
		</thead>
		<tbody>
			<tr class='log' status='info'>
				<td class='status info' title='info' alt='info'><i class='material-icons'>info_outline</i></td>
				<td class='timestamp'>10:12:54 AM</td>
				<td class='step-details'>
						<font style='color:#013ADF;'><b>Test purpose: Finalize your account creation by clicking on the Started button</b></font>
					
				</td>
			</tr>
		</tbody>
	</table>
</div>
					</div>
				</li>
				<li class='test displayed active  skip' status='skip' bdd='false' test-id='16'>
					<div class='test-heading'>
						<span class='test-name'>TC1217_joinRainbowForGuestFinalizeForPassword</span>
						<span class='test-time'>Jun 28, 2022 10:12:54 AM</span>
						<span class='test-status right skip'>skip</span>
					</div>
					<div class='test-content hide'>
<div class='test-time-info'>
	<span class='label start-time'>Jun 28, 2022 10:12:54 AM</span>
	<span class='label end-time'>Jun 28, 2022 10:12:54 AM</span>
	<span class='label time-taken grey lighten-1 white-text'>0h 0m 0s+0ms</span>
</div>
<div class='test-attributes'>
	<div class='category-list'>
		<span class='category label'>GUESTS</span>
	</div>
</div>
<div class='test-steps'>
	<table class='bordered table-results'>
		<thead>
			<tr>
				<th>Status</th>
				<th>Timestamp</th>
				<th>Details</th>
			</tr>
		</thead>
		<tbody>
			<tr class='log' status='info'>
				<td class='status info' title='info' alt='info'><i class='material-icons'>info_outline</i></td>
				<td class='timestamp'>10:12:54 AM</td>
				<td class='step-details'>
						<font style='color:#013ADF;'><b>Test purpose: Finalize your account creation by clicking on the Started button</b></font>
					
				</td>
			</tr>
			<tr class='log' status='skip'>
				<td class='status skip' title='skip' alt='skip'><i class='material-icons'>redo</i></td>
				<td class='timestamp'>10:12:54 AM</td>
				<td class='step-details'>
						TC1217_joinRainbowForGuestFinalizeForPassword
					
				</td>
			</tr>
			<tr class='log' status='skip'>
				<td class='status skip' title='skip' alt='skip'><i class='material-icons'>redo</i></td>
				<td class='timestamp'>10:12:54 AM</td>
				<td class='step-details'>
						Test Case: TC1217_joinRainbowForGuestFinalizeForPassword has been skipped
					
				</td>
			</tr>
		</tbody>
	</table>
</div>
					</div>
				</li>
				<li class='test displayed active  pass' status='pass' bdd='false' test-id='17'>
					<div class='test-heading'>
						<span class='test-name'>TC1218_joinRainbowForGuestFinalizeForPassword</span>
						<span class='test-time'>Jun 28, 2022 10:12:54 AM</span>
						<span class='test-status right pass'>pass</span>
					</div>
					<div class='test-content hide'>
<div class='test-time-info'>
	<span class='label start-time'>Jun 28, 2022 10:12:54 AM</span>
	<span class='label end-time'>Jun 28, 2022 10:12:54 AM</span>
	<span class='label time-taken grey lighten-1 white-text'>0h 0m 0s+0ms</span>
</div>
<div class='test-attributes'>
	<div class='category-list'>
		<span class='category label'>GUESTS</span>
	</div>
</div>
<div class='test-steps'>
	<table class='bordered table-results'>
		<thead>
			<tr>
				<th>Status</th>
				<th>Timestamp</th>
				<th>Details</th>
			</tr>
		</thead>
		<tbody>
			<tr class='log' status='info'>
				<td class='status info' title='info' alt='info'><i class='material-icons'>info_outline</i></td>
				<td class='timestamp'>10:12:54 AM</td>
				<td class='step-details'>
						<font style='color:#013ADF;'><b>Test purpose: Finalize your account creation by clicking on the Started button</b></font>
					
				</td>
			</tr>
		</tbody>
	</table>
</div>
					</div>
				</li>
				<li class='test displayed active  skip' status='skip' bdd='false' test-id='18'>
					<div class='test-heading'>
						<span class='test-name'>TC1218_joinRainbowForGuestFinalizeForPassword</span>
						<span class='test-time'>Jun 28, 2022 10:12:54 AM</span>
						<span class='test-status right skip'>skip</span>
					</div>
					<div class='test-content hide'>
<div class='test-time-info'>
	<span class='label start-time'>Jun 28, 2022 10:12:54 AM</span>
	<span class='label end-time'>Jun 28, 2022 10:12:54 AM</span>
	<span class='label time-taken grey lighten-1 white-text'>0h 0m 0s+0ms</span>
</div>
<div class='test-attributes'>
	<div class='category-list'>
		<span class='category label'>GUESTS</span>
	</div>
</div>
<div class='test-steps'>
	<table class='bordered table-results'>
		<thead>
			<tr>
				<th>Status</th>
				<th>Timestamp</th>
				<th>Details</th>
			</tr>
		</thead>
		<tbody>
			<tr class='log' status='info'>
				<td class='status info' title='info' alt='info'><i class='material-icons'>info_outline</i></td>
				<td class='timestamp'>10:12:54 AM</td>
				<td class='step-details'>
						<font style='color:#013ADF;'><b>Test purpose: Finalize your account creation by clicking on the Started button</b></font>
					
				</td>
			</tr>
			<tr class='log' status='skip'>
				<td class='status skip' title='skip' alt='skip'><i class='material-icons'>redo</i></td>
				<td class='timestamp'>10:12:54 AM</td>
				<td class='step-details'>
						TC1218_joinRainbowForGuestFinalizeForPassword
					
				</td>
			</tr>
			<tr class='log' status='skip'>
				<td class='status skip' title='skip' alt='skip'><i class='material-icons'>redo</i></td>
				<td class='timestamp'>10:12:54 AM</td>
				<td class='step-details'>
						Test Case: TC1218_joinRainbowForGuestFinalizeForPassword has been skipped
					
				</td>
			</tr>
		</tbody>
	</table>
</div>
					</div>
				</li>
				<li class='test displayed active  pass' status='pass' bdd='false' test-id='19'>
					<div class='test-heading'>
						<span class='test-name'>TC1219_enterCodeAndPassword</span>
						<span class='test-time'>Jun 28, 2022 10:12:54 AM</span>
						<span class='test-status right pass'>pass</span>
					</div>
					<div class='test-content hide'>
<div class='test-time-info'>
	<span class='label start-time'>Jun 28, 2022 10:12:54 AM</span>
	<span class='label end-time'>Jun 28, 2022 10:12:54 AM</span>
	<span class='label time-taken grey lighten-1 white-text'>0h 0m 0s+0ms</span>
</div>
<div class='test-attributes'>
	<div class='category-list'>
		<span class='category label'>GUESTS</span>
	</div>
</div>
<div class='test-steps'>
	<table class='bordered table-results'>
		<thead>
			<tr>
				<th>Status</th>
				<th>Timestamp</th>
				<th>Details</th>
			</tr>
		</thead>
		<tbody>
			<tr class='log' status='info'>
				<td class='status info' title='info' alt='info'><i class='material-icons'>info_outline</i></td>
				<td class='timestamp'>10:12:54 AM</td>
				<td class='step-details'>
						<font style='color:#013ADF;'><b>Test purpose: Auto join: check the Welcome page displayed after entering a valid code and password</b></font>
					
				</td>
			</tr>
		</tbody>
	</table>
</div>
					</div>
				</li>
				<li class='test displayed active  skip' status='skip' bdd='false' test-id='20'>
					<div class='test-heading'>
						<span class='test-name'>TC1219_enterCodeAndPassword</span>
						<span class='test-time'>Jun 28, 2022 10:12:54 AM</span>
						<span class='test-status right skip'>skip</span>
					</div>
					<div class='test-content hide'>
<div class='test-time-info'>
	<span class='label start-time'>Jun 28, 2022 10:12:54 AM</span>
	<span class='label end-time'>Jun 28, 2022 10:12:54 AM</span>
	<span class='label time-taken grey lighten-1 white-text'>0h 0m 0s+0ms</span>
</div>
<div class='test-attributes'>
	<div class='category-list'>
		<span class='category label'>GUESTS</span>
	</div>
</div>
<div class='test-steps'>
	<table class='bordered table-results'>
		<thead>
			<tr>
				<th>Status</th>
				<th>Timestamp</th>
				<th>Details</th>
			</tr>
		</thead>
		<tbody>
			<tr class='log' status='info'>
				<td class='status info' title='info' alt='info'><i class='material-icons'>info_outline</i></td>
				<td class='timestamp'>10:12:54 AM</td>
				<td class='step-details'>
						<font style='color:#013ADF;'><b>Test purpose: Auto join: check the Welcome page displayed after entering a valid code and password</b></font>
					
				</td>
			</tr>
			<tr class='log' status='skip'>
				<td class='status skip' title='skip' alt='skip'><i class='material-icons'>redo</i></td>
				<td class='timestamp'>10:12:54 AM</td>
				<td class='step-details'>
						TC1219_enterCodeAndPassword
					
				</td>
			</tr>
			<tr class='log' status='skip'>
				<td class='status skip' title='skip' alt='skip'><i class='material-icons'>redo</i></td>
				<td class='timestamp'>10:12:54 AM</td>
				<td class='step-details'>
						Test Case: TC1219_enterCodeAndPassword has been skipped
					
				</td>
			</tr>
		</tbody>
	</table>
</div>
					</div>
				</li>
				<li class='test displayed active  pass' status='pass' bdd='false' test-id='21'>
					<div class='test-heading'>
						<span class='test-name'>TC1220_validateFirstnameAndLastname</span>
						<span class='test-time'>Jun 28, 2022 10:12:54 AM</span>
						<span class='test-status right pass'>pass</span>
					</div>
					<div class='test-content hide'>
<div class='test-time-info'>
	<span class='label start-time'>Jun 28, 2022 10:12:54 AM</span>
	<span class='label end-time'>Jun 28, 2022 10:12:54 AM</span>
	<span class='label time-taken grey lighten-1 white-text'>0h 0m 0s+0ms</span>
</div>
<div class='test-attributes'>
	<div class='category-list'>
		<span class='category label'>GUESTS</span>
	</div>
</div>
<div class='test-steps'>
	<table class='bordered table-results'>
		<thead>
			<tr>
				<th>Status</th>
				<th>Timestamp</th>
				<th>Details</th>
			</tr>
		</thead>
		<tbody>
			<tr class='log' status='info'>
				<td class='status info' title='info' alt='info'><i class='material-icons'>info_outline</i></td>
				<td class='timestamp'>10:12:54 AM</td>
				<td class='step-details'>
						<font style='color:#013ADF;'><b>Test purpose: Validate the firstname and lastname entered in previous tests and click on the continue button</b></font>
					
				</td>
			</tr>
		</tbody>
	</table>
</div>
					</div>
				</li>
				<li class='test displayed active  skip' status='skip' bdd='false' test-id='22'>
					<div class='test-heading'>
						<span class='test-name'>TC1220_validateFirstnameAndLastname</span>
						<span class='test-time'>Jun 28, 2022 10:12:54 AM</span>
						<span class='test-status right skip'>skip</span>
					</div>
					<div class='test-content hide'>
<div class='test-time-info'>
	<span class='label start-time'>Jun 28, 2022 10:12:54 AM</span>
	<span class='label end-time'>Jun 28, 2022 10:12:54 AM</span>
	<span class='label time-taken grey lighten-1 white-text'>0h 0m 0s+0ms</span>
</div>
<div class='test-attributes'>
	<div class='category-list'>
		<span class='category label'>GUESTS</span>
	</div>
</div>
<div class='test-steps'>
	<table class='bordered table-results'>
		<thead>
			<tr>
				<th>Status</th>
				<th>Timestamp</th>
				<th>Details</th>
			</tr>
		</thead>
		<tbody>
			<tr class='log' status='info'>
				<td class='status info' title='info' alt='info'><i class='material-icons'>info_outline</i></td>
				<td class='timestamp'>10:12:54 AM</td>
				<td class='step-details'>
						<font style='color:#013ADF;'><b>Test purpose: Validate the firstname and lastname entered in previous tests and click on the continue button</b></font>
					
				</td>
			</tr>
			<tr class='log' status='skip'>
				<td class='status skip' title='skip' alt='skip'><i class='material-icons'>redo</i></td>
				<td class='timestamp'>10:12:54 AM</td>
				<td class='step-details'>
						TC1220_validateFirstnameAndLastname
					
				</td>
			</tr>
			<tr class='log' status='skip'>
				<td class='status skip' title='skip' alt='skip'><i class='material-icons'>redo</i></td>
				<td class='timestamp'>10:12:54 AM</td>
				<td class='step-details'>
						Test Case: TC1220_validateFirstnameAndLastname has been skipped
					
				</td>
			</tr>
		</tbody>
	</table>
</div>
					</div>
				</li>
				<li class='test displayed active  pass' status='pass' bdd='false' test-id='23'>
					<div class='test-heading'>
						<span class='test-name'>TC1221_activateCamera</span>
						<span class='test-time'>Jun 28, 2022 10:12:54 AM</span>
						<span class='test-status right pass'>pass</span>
					</div>
					<div class='test-content hide'>
<div class='test-time-info'>
	<span class='label start-time'>Jun 28, 2022 10:12:54 AM</span>
	<span class='label end-time'>Jun 28, 2022 10:12:54 AM</span>
	<span class='label time-taken grey lighten-1 white-text'>0h 0m 0s+0ms</span>
</div>
<div class='test-attributes'>
	<div class='category-list'>
		<span class='category label'>GUESTS</span>
	</div>
</div>
<div class='test-steps'>
	<table class='bordered table-results'>
		<thead>
			<tr>
				<th>Status</th>
				<th>Timestamp</th>
				<th>Details</th>
			</tr>
		</thead>
		<tbody>
			<tr class='log' status='info'>
				<td class='status info' title='info' alt='info'><i class='material-icons'>info_outline</i></td>
				<td class='timestamp'>10:12:54 AM</td>
				<td class='step-details'>
						<font style='color:#013ADF;'><b>Test purpose: Activate the camera</b></font>
					
				</td>
			</tr>
		</tbody>
	</table>
</div>
					</div>
				</li>
				<li class='test displayed active  skip' status='skip' bdd='false' test-id='24'>
					<div class='test-heading'>
						<span class='test-name'>TC1221_activateCamera</span>
						<span class='test-time'>Jun 28, 2022 10:12:54 AM</span>
						<span class='test-status right skip'>skip</span>
					</div>
					<div class='test-content hide'>
<div class='test-time-info'>
	<span class='label start-time'>Jun 28, 2022 10:12:54 AM</span>
	<span class='label end-time'>Jun 28, 2022 10:12:54 AM</span>
	<span class='label time-taken grey lighten-1 white-text'>0h 0m 0s+0ms</span>
</div>
<div class='test-attributes'>
	<div class='category-list'>
		<span class='category label'>GUESTS</span>
	</div>
</div>
<div class='test-steps'>
	<table class='bordered table-results'>
		<thead>
			<tr>
				<th>Status</th>
				<th>Timestamp</th>
				<th>Details</th>
			</tr>
		</thead>
		<tbody>
			<tr class='log' status='info'>
				<td class='status info' title='info' alt='info'><i class='material-icons'>info_outline</i></td>
				<td class='timestamp'>10:12:54 AM</td>
				<td class='step-details'>
						<font style='color:#013ADF;'><b>Test purpose: Activate the camera</b></font>
					
				</td>
			</tr>
			<tr class='log' status='skip'>
				<td class='status skip' title='skip' alt='skip'><i class='material-icons'>redo</i></td>
				<td class='timestamp'>10:12:54 AM</td>
				<td class='step-details'>
						TC1221_activateCamera
					
				</td>
			</tr>
			<tr class='log' status='skip'>
				<td class='status skip' title='skip' alt='skip'><i class='material-icons'>redo</i></td>
				<td class='timestamp'>10:12:54 AM</td>
				<td class='step-details'>
						Test Case: TC1221_activateCamera has been skipped
					
				</td>
			</tr>
		</tbody>
	</table>
</div>
					</div>
				</li>
				<li class='test displayed active  pass' status='pass' bdd='false' test-id='25'>
					<div class='test-heading'>
						<span class='test-name'>TC1222_closePhotoByCamera</span>
						<span class='test-time'>Jun 28, 2022 10:12:54 AM</span>
						<span class='test-status right pass'>pass</span>
					</div>
					<div class='test-content hide'>
<div class='test-time-info'>
	<span class='label start-time'>Jun 28, 2022 10:12:54 AM</span>
	<span class='label end-time'>Jun 28, 2022 10:12:54 AM</span>
	<span class='label time-taken grey lighten-1 white-text'>0h 0m 0s+0ms</span>
</div>
<div class='test-attributes'>
	<div class='category-list'>
		<span class='category label'>GUESTS</span>
	</div>
</div>
<div class='test-steps'>
	<table class='bordered table-results'>
		<thead>
			<tr>
				<th>Status</th>
				<th>Timestamp</th>
				<th>Details</th>
			</tr>
		</thead>
		<tbody>
			<tr class='log' status='info'>
				<td class='status info' title='info' alt='info'><i class='material-icons'>info_outline</i></td>
				<td class='timestamp'>10:12:54 AM</td>
				<td class='step-details'>
						<font style='color:#013ADF;'><b>Test purpose: Disable the camera</b></font>
					
				</td>
			</tr>
		</tbody>
	</table>
</div>
					</div>
				</li>
				<li class='test displayed active  skip' status='skip' bdd='false' test-id='26'>
					<div class='test-heading'>
						<span class='test-name'>TC1222_closePhotoByCamera</span>
						<span class='test-time'>Jun 28, 2022 10:12:54 AM</span>
						<span class='test-status right skip'>skip</span>
					</div>
					<div class='test-content hide'>
<div class='test-time-info'>
	<span class='label start-time'>Jun 28, 2022 10:12:54 AM</span>
	<span class='label end-time'>Jun 28, 2022 10:12:54 AM</span>
	<span class='label time-taken grey lighten-1 white-text'>0h 0m 0s+0ms</span>
</div>
<div class='test-attributes'>
	<div class='category-list'>
		<span class='category label'>GUESTS</span>
	</div>
</div>
<div class='test-steps'>
	<table class='bordered table-results'>
		<thead>
			<tr>
				<th>Status</th>
				<th>Timestamp</th>
				<th>Details</th>
			</tr>
		</thead>
		<tbody>
			<tr class='log' status='info'>
				<td class='status info' title='info' alt='info'><i class='material-icons'>info_outline</i></td>
				<td class='timestamp'>10:12:54 AM</td>
				<td class='step-details'>
						<font style='color:#013ADF;'><b>Test purpose: Disable the camera</b></font>
					
				</td>
			</tr>
			<tr class='log' status='skip'>
				<td class='status skip' title='skip' alt='skip'><i class='material-icons'>redo</i></td>
				<td class='timestamp'>10:12:54 AM</td>
				<td class='step-details'>
						TC1222_closePhotoByCamera
					
				</td>
			</tr>
			<tr class='log' status='skip'>
				<td class='status skip' title='skip' alt='skip'><i class='material-icons'>redo</i></td>
				<td class='timestamp'>10:12:54 AM</td>
				<td class='step-details'>
						Test Case: TC1222_closePhotoByCamera has been skipped
					
				</td>
			</tr>
		</tbody>
	</table>
</div>
					</div>
				</li>
				<li class='test displayed active  pass' status='pass' bdd='false' test-id='27'>
					<div class='test-heading'>
						<span class='test-name'>TC1223_takePhotoByCamera</span>
						<span class='test-time'>Jun 28, 2022 10:12:54 AM</span>
						<span class='test-status right pass'>pass</span>
					</div>
					<div class='test-content hide'>
<div class='test-time-info'>
	<span class='label start-time'>Jun 28, 2022 10:12:54 AM</span>
	<span class='label end-time'>Jun 28, 2022 10:12:54 AM</span>
	<span class='label time-taken grey lighten-1 white-text'>0h 0m 0s+0ms</span>
</div>
<div class='test-attributes'>
	<div class='category-list'>
		<span class='category label'>GUESTS</span>
	</div>
</div>
<div class='test-steps'>
	<table class='bordered table-results'>
		<thead>
			<tr>
				<th>Status</th>
				<th>Timestamp</th>
				<th>Details</th>
			</tr>
		</thead>
		<tbody>
			<tr class='log' status='info'>
				<td class='status info' title='info' alt='info'><i class='material-icons'>info_outline</i></td>
				<td class='timestamp'>10:12:54 AM</td>
				<td class='step-details'>
						<font style='color:#013ADF;'><b>Test purpose: Enable the camera and take a photo</b></font>
					
				</td>
			</tr>
		</tbody>
	</table>
</div>
					</div>
				</li>
				<li class='test displayed active  skip' status='skip' bdd='false' test-id='28'>
					<div class='test-heading'>
						<span class='test-name'>TC1223_takePhotoByCamera</span>
						<span class='test-time'>Jun 28, 2022 10:12:54 AM</span>
						<span class='test-status right skip'>skip</span>
					</div>
					<div class='test-content hide'>
<div class='test-time-info'>
	<span class='label start-time'>Jun 28, 2022 10:12:54 AM</span>
	<span class='label end-time'>Jun 28, 2022 10:12:54 AM</span>
	<span class='label time-taken grey lighten-1 white-text'>0h 0m 0s+0ms</span>
</div>
<div class='test-attributes'>
	<div class='category-list'>
		<span class='category label'>GUESTS</span>
	</div>
</div>
<div class='test-steps'>
	<table class='bordered table-results'>
		<thead>
			<tr>
				<th>Status</th>
				<th>Timestamp</th>
				<th>Details</th>
			</tr>
		</thead>
		<tbody>
			<tr class='log' status='info'>
				<td class='status info' title='info' alt='info'><i class='material-icons'>info_outline</i></td>
				<td class='timestamp'>10:12:54 AM</td>
				<td class='step-details'>
						<font style='color:#013ADF;'><b>Test purpose: Enable the camera and take a photo</b></font>
					
				</td>
			</tr>
			<tr class='log' status='skip'>
				<td class='status skip' title='skip' alt='skip'><i class='material-icons'>redo</i></td>
				<td class='timestamp'>10:12:54 AM</td>
				<td class='step-details'>
						TC1223_takePhotoByCamera
					
				</td>
			</tr>
			<tr class='log' status='skip'>
				<td class='status skip' title='skip' alt='skip'><i class='material-icons'>redo</i></td>
				<td class='timestamp'>10:12:54 AM</td>
				<td class='step-details'>
						Test Case: TC1223_takePhotoByCamera has been skipped
					
				</td>
			</tr>
		</tbody>
	</table>
</div>
					</div>
				</li>
				<li class='test displayed active  pass' status='pass' bdd='false' test-id='29'>
					<div class='test-heading'>
						<span class='test-name'>TC1224_usePhotoAsAvatar</span>
						<span class='test-time'>Jun 28, 2022 10:12:55 AM</span>
						<span class='test-status right pass'>pass</span>
					</div>
					<div class='test-content hide'>
<div class='test-time-info'>
	<span class='label start-time'>Jun 28, 2022 10:12:55 AM</span>
	<span class='label end-time'>Jun 28, 2022 10:12:55 AM</span>
	<span class='label time-taken grey lighten-1 white-text'>0h 0m 0s+0ms</span>
</div>
<div class='test-attributes'>
	<div class='category-list'>
		<span class='category label'>GUESTS</span>
	</div>
</div>
<div class='test-steps'>
	<table class='bordered table-results'>
		<thead>
			<tr>
				<th>Status</th>
				<th>Timestamp</th>
				<th>Details</th>
			</tr>
		</thead>
		<tbody>
			<tr class='log' status='info'>
				<td class='status info' title='info' alt='info'><i class='material-icons'>info_outline</i></td>
				<td class='timestamp'>10:12:55 AM</td>
				<td class='step-details'>
						<font style='color:#013ADF;'><b>Test purpose: Click to use photo as avatar</b></font>
					
				</td>
			</tr>
		</tbody>
	</table>
</div>
					</div>
				</li>
				<li class='test displayed active  skip' status='skip' bdd='false' test-id='30'>
					<div class='test-heading'>
						<span class='test-name'>TC1224_usePhotoAsAvatar</span>
						<span class='test-time'>Jun 28, 2022 10:12:55 AM</span>
						<span class='test-status right skip'>skip</span>
					</div>
					<div class='test-content hide'>
<div class='test-time-info'>
	<span class='label start-time'>Jun 28, 2022 10:12:55 AM</span>
	<span class='label end-time'>Jun 28, 2022 10:12:55 AM</span>
	<span class='label time-taken grey lighten-1 white-text'>0h 0m 0s+0ms</span>
</div>
<div class='test-attributes'>
	<div class='category-list'>
		<span class='category label'>GUESTS</span>
	</div>
</div>
<div class='test-steps'>
	<table class='bordered table-results'>
		<thead>
			<tr>
				<th>Status</th>
				<th>Timestamp</th>
				<th>Details</th>
			</tr>
		</thead>
		<tbody>
			<tr class='log' status='info'>
				<td class='status info' title='info' alt='info'><i class='material-icons'>info_outline</i></td>
				<td class='timestamp'>10:12:55 AM</td>
				<td class='step-details'>
						<font style='color:#013ADF;'><b>Test purpose: Click to use photo as avatar</b></font>
					
				</td>
			</tr>
			<tr class='log' status='skip'>
				<td class='status skip' title='skip' alt='skip'><i class='material-icons'>redo</i></td>
				<td class='timestamp'>10:12:55 AM</td>
				<td class='step-details'>
						TC1224_usePhotoAsAvatar
					
				</td>
			</tr>
			<tr class='log' status='skip'>
				<td class='status skip' title='skip' alt='skip'><i class='material-icons'>redo</i></td>
				<td class='timestamp'>10:12:55 AM</td>
				<td class='step-details'>
						Test Case: TC1224_usePhotoAsAvatar has been skipped
					
				</td>
			</tr>
		</tbody>
	</table>
</div>
					</div>
				</li>
				<li class='test displayed active  pass' status='pass' bdd='false' test-id='31'>
					<div class='test-heading'>
						<span class='test-name'>TC1225_completeGuestAccountCreation</span>
						<span class='test-time'>Jun 28, 2022 10:12:55 AM</span>
						<span class='test-status right pass'>pass</span>
					</div>
					<div class='test-content hide'>
<div class='test-time-info'>
	<span class='label start-time'>Jun 28, 2022 10:12:55 AM</span>
	<span class='label end-time'>Jun 28, 2022 10:12:55 AM</span>
	<span class='label time-taken grey lighten-1 white-text'>0h 0m 0s+0ms</span>
</div>
<div class='test-attributes'>
	<div class='category-list'>
		<span class='category label'>GUESTS</span>
	</div>
</div>
<div class='test-steps'>
	<table class='bordered table-results'>
		<thead>
			<tr>
				<th>Status</th>
				<th>Timestamp</th>
				<th>Details</th>
			</tr>
		</thead>
		<tbody>
			<tr class='log' status='info'>
				<td class='status info' title='info' alt='info'><i class='material-icons'>info_outline</i></td>
				<td class='timestamp'>10:12:55 AM</td>
				<td class='step-details'>
						<font style='color:#013ADF;'><b>Test purpose: Click on the continue button to complete the account creation</b></font>
					
				</td>
			</tr>
		</tbody>
	</table>
</div>
					</div>
				</li>
				<li class='test displayed active  skip' status='skip' bdd='false' test-id='32'>
					<div class='test-heading'>
						<span class='test-name'>TC1225_completeGuestAccountCreation</span>
						<span class='test-time'>Jun 28, 2022 10:12:55 AM</span>
						<span class='test-status right skip'>skip</span>
					</div>
					<div class='test-content hide'>
<div class='test-time-info'>
	<span class='label start-time'>Jun 28, 2022 10:12:55 AM</span>
	<span class='label end-time'>Jun 28, 2022 10:12:55 AM</span>
	<span class='label time-taken grey lighten-1 white-text'>0h 0m 0s+0ms</span>
</div>
<div class='test-attributes'>
	<div class='category-list'>
		<span class='category label'>GUESTS</span>
	</div>
</div>
<div class='test-steps'>
	<table class='bordered table-results'>
		<thead>
			<tr>
				<th>Status</th>
				<th>Timestamp</th>
				<th>Details</th>
			</tr>
		</thead>
		<tbody>
			<tr class='log' status='info'>
				<td class='status info' title='info' alt='info'><i class='material-icons'>info_outline</i></td>
				<td class='timestamp'>10:12:55 AM</td>
				<td class='step-details'>
						<font style='color:#013ADF;'><b>Test purpose: Click on the continue button to complete the account creation</b></font>
					
				</td>
			</tr>
			<tr class='log' status='skip'>
				<td class='status skip' title='skip' alt='skip'><i class='material-icons'>redo</i></td>
				<td class='timestamp'>10:12:55 AM</td>
				<td class='step-details'>
						TC1225_completeGuestAccountCreation
					
				</td>
			</tr>
			<tr class='log' status='skip'>
				<td class='status skip' title='skip' alt='skip'><i class='material-icons'>redo</i></td>
				<td class='timestamp'>10:12:55 AM</td>
				<td class='step-details'>
						Test Case: TC1225_completeGuestAccountCreation has been skipped
					
				</td>
			</tr>
		</tbody>
	</table>
</div>
					</div>
				</li>
				<li class='test displayed active  fail' status='fail' bdd='false' test-id='33'>
					<div class='test-heading'>
						<span class='test-name'>TC1230_useYourBrowser</span>
						<span class='test-time'>Jun 28, 2022 10:12:55 AM</span>
						<span class='test-status right fail'>fail</span>
					</div>
					<div class='test-content hide'>
<div class='test-time-info'>
	<span class='label start-time'>Jun 28, 2022 10:12:55 AM</span>
	<span class='label end-time'>Jun 28, 2022 10:14:18 AM</span>
	<span class='label time-taken grey lighten-1 white-text'>0h 1m 23s+373ms</span>
</div>
<div class='test-attributes'>
	<div class='category-list'>
		<span class='category label'>GUESTS</span>
	</div>
</div>
<div class='test-steps'>
	<table class='bordered table-results'>
		<thead>
			<tr>
				<th>Status</th>
				<th>Timestamp</th>
				<th>Details</th>
			</tr>
		</thead>
		<tbody>
			<tr class='log' status='info'>
				<td class='status info' title='info' alt='info'><i class='material-icons'>info_outline</i></td>
				<td class='timestamp'>10:12:55 AM</td>
				<td class='step-details'>
						<font style='color:#013ADF;'><b>Test purpose: Click on Use your browser button to log with an existing account 'public one)</b></font>
					
				</td>
			</tr>
			<tr class='log' status='fail'>
				<td class='status fail' title='fail' alt='fail'><i class='material-icons'>cancel</i></td>
				<td class='timestamp'>10:14:18 AM</td>
				<td class='step-details'>
						TC1230_useYourBrowser
					
				</td>
			</tr>
			<tr class='log' status='fail'>
				<td class='status fail' title='fail' alt='fail'><i class='material-icons'>cancel</i></td>
				<td class='timestamp'>10:14:18 AM</td>
				<td class='step-details'>
						<textarea disabled class="code-block">java.lang.AssertionError: 
Expecting:
 <false>
to be equal to:
 <true>
but was not.
	at net.cloudservices.operations.qa.Tests.WebClients.TS_Guests.TC1230_useYourBrowser(TS_Guests.java:731)
	at sun.reflect.NativeMethodAccessorImpl.invoke0(Native Method)
	at sun.reflect.NativeMethodAccessorImpl.invoke(NativeMethodAccessorImpl.java:62)
	at sun.reflect.DelegatingMethodAccessorImpl.invoke(DelegatingMethodAccessorImpl.java:43)
	at java.lang.reflect.Method.invoke(Method.java:498)
	at org.testng.internal.MethodInvocationHelper.invokeMethod(MethodInvocationHelper.java:133)
	at org.testng.internal.TestInvoker.invokeMethod(TestInvoker.java:598)
	at org.testng.internal.TestInvoker.invokeTestMethod(TestInvoker.java:173)
	at org.testng.internal.MethodRunner.runInSequence(MethodRunner.java:46)
	at org.testng.internal.TestInvoker$MethodInvocationAgent.invoke(TestInvoker.java:824)
	at org.testng.internal.TestInvoker.invokeTestMethods(TestInvoker.java:146)
	at org.testng.internal.TestMethodWorker.invokeTestMethods(TestMethodWorker.java:146)
	at org.testng.internal.TestMethodWorker.run(TestMethodWorker.java:128)
	at java.util.ArrayList.forEach(ArrayList.java:1259)
	at org.testng.TestRunner.privateRun(TestRunner.java:794)
	at org.testng.TestRunner.run(TestRunner.java:596)
	at org.testng.SuiteRunner.runTest(SuiteRunner.java:377)
	at org.testng.SuiteRunner.runSequentially(SuiteRunner.java:371)
	at org.testng.SuiteRunner.privateRun(SuiteRunner.java:332)
	at org.testng.SuiteRunner.run(SuiteRunner.java:276)
	at org.testng.SuiteRunnerWorker.runSuite(SuiteRunnerWorker.java:53)
	at org.testng.SuiteRunnerWorker.run(SuiteRunnerWorker.java:96)
	at org.testng.TestNG.runSuitesSequentially(TestNG.java:1212)
	at org.testng.TestNG.runSuitesLocally(TestNG.java:1134)
	at org.testng.TestNG.runSuites(TestNG.java:1063)
	at org.testng.TestNG.run(TestNG.java:1031)
	at org.apache.maven.surefire.testng.TestNGExecutor.run(TestNGExecutor.java:73)
	at org.apache.maven.surefire.testng.TestNGXmlTestSuite.execute(TestNGXmlTestSuite.java:94)
	at org.apache.maven.surefire.Surefire.run(Surefire.java:169)
	at sun.reflect.NativeMethodAccessorImpl.invoke0(Native Method)
	at sun.reflect.NativeMethodAccessorImpl.invoke(NativeMethodAccessorImpl.java:62)
	at sun.reflect.DelegatingMethodAccessorImpl.invoke(DelegatingMethodAccessorImpl.java:43)
	at java.lang.reflect.Method.invoke(Method.java:498)
	at org.apache.maven.surefire.booter.SurefireBooter.runSuitesInProcess(SurefireBooter.java:350)
	at org.apache.maven.surefire.booter.SurefireBooter.main(SurefireBooter.java:1021)
</textarea>
					
				</td>
			</tr>
			<tr class='log' status='fail'>
				<td class='status fail' title='fail' alt='fail'><i class='material-icons'>cancel</i></td>
				<td class='timestamp'>10:14:18 AM</td>
				<td class='step-details'>
						Screenshot Device 0: see thumbnail below
					
				</td>
			</tr>
			<tr class='log' status='info'>
				<td class='status info' title='info' alt='info'><i class='material-icons'>info_outline</i></td>
				<td class='timestamp'>10:14:18 AM</td>
				<td class='step-details'>
						<a href=''>Logs from Device 0</a>
					
				</td>
			</tr>
			<tr class='log' status='fail'>
				<td class='status fail' title='fail' alt='fail'><i class='material-icons'>cancel</i></td>
				<td class='timestamp'>10:14:18 AM</td>
				<td class='step-details'>
						Screenshot Device 1: see thumbnail below
					
				</td>
			</tr>
			<tr class='log' status='info'>
				<td class='status info' title='info' alt='info'><i class='material-icons'>info_outline</i></td>
				<td class='timestamp'>10:14:18 AM</td>
				<td class='step-details'>
						<a href=''>Logs from Device 1</a>
					
				</td>
			</tr>
		</tbody>
	</table>
</div>
						<ul class='screenshots'>
							<li><img class='r-img' onerror='this.style.display="none"' data-featherlight='ReportLogs\TC1230_useYourBrowser-0.png' src='ReportLogs\TC1230_useYourBrowser-0.png' data-src='ReportLogs\TC1230_useYourBrowser-0.png'></li>
							<li><img class='r-img' onerror='this.style.display="none"' data-featherlight='ReportLogs\TC1230_useYourBrowser-1.png' src='ReportLogs\TC1230_useYourBrowser-1.png' data-src='ReportLogs\TC1230_useYourBrowser-1.png'></li>
						</ul>
					</div>
				</li>
				<li class='test displayed active  fail' status='fail' bdd='false' test-id='34'>
					<div class='test-heading'>
						<span class='test-name'>TC1231_guestAndConnectWithActiveAccount</span>
						<span class='test-time'>Jun 28, 2022 10:14:24 AM</span>
						<span class='test-status right fail'>fail</span>
					</div>
					<div class='test-content hide'>
<div class='test-time-info'>
	<span class='label start-time'>Jun 28, 2022 10:14:24 AM</span>
	<span class='label end-time'>Jun 28, 2022 10:15:39 AM</span>
	<span class='label time-taken grey lighten-1 white-text'>0h 1m 15s+37ms</span>
</div>
<div class='test-attributes'>
	<div class='category-list'>
		<span class='category label'>GUESTS</span>
	</div>
</div>
<div class='test-steps'>
	<table class='bordered table-results'>
		<thead>
			<tr>
				<th>Status</th>
				<th>Timestamp</th>
				<th>Details</th>
			</tr>
		</thead>
		<tbody>
			<tr class='log' status='info'>
				<td class='status info' title='info' alt='info'><i class='material-icons'>info_outline</i></td>
				<td class='timestamp'>10:14:24 AM</td>
				<td class='step-details'>
						<font style='color:#013ADF;'><b>Test purpose: Bubble creation with guest which is an already active account (company not visible)</b></font>
					
				</td>
			</tr>
			<tr class='log' status='fail'>
				<td class='status fail' title='fail' alt='fail'><i class='material-icons'>cancel</i></td>
				<td class='timestamp'>10:15:39 AM</td>
				<td class='step-details'>
						TC1231_guestAndConnectWithActiveAccount
					
				</td>
			</tr>
			<tr class='log' status='fail'>
				<td class='status fail' title='fail' alt='fail'><i class='material-icons'>cancel</i></td>
				<td class='timestamp'>10:15:39 AM</td>
				<td class='step-details'>
						<textarea disabled class="code-block">java.lang.AssertionError: 
Expecting:
 <false>
to be equal to:
 <true>
but was not.
	at net.cloudservices.operations.qa.Tests.WebClients.TS_Guests.TC1231_guestAndConnectWithActiveAccount(TS_Guests.java:773)
	at sun.reflect.NativeMethodAccessorImpl.invoke0(Native Method)
	at sun.reflect.NativeMethodAccessorImpl.invoke(NativeMethodAccessorImpl.java:62)
	at sun.reflect.DelegatingMethodAccessorImpl.invoke(DelegatingMethodAccessorImpl.java:43)
	at java.lang.reflect.Method.invoke(Method.java:498)
	at org.testng.internal.MethodInvocationHelper.invokeMethod(MethodInvocationHelper.java:133)
	at org.testng.internal.TestInvoker.invokeMethod(TestInvoker.java:598)
	at org.testng.internal.TestInvoker.invokeTestMethod(TestInvoker.java:173)
	at org.testng.internal.MethodRunner.runInSequence(MethodRunner.java:46)
	at org.testng.internal.TestInvoker$MethodInvocationAgent.invoke(TestInvoker.java:824)
	at org.testng.internal.TestInvoker.invokeTestMethods(TestInvoker.java:146)
	at org.testng.internal.TestMethodWorker.invokeTestMethods(TestMethodWorker.java:146)
	at org.testng.internal.TestMethodWorker.run(TestMethodWorker.java:128)
	at java.util.ArrayList.forEach(ArrayList.java:1259)
	at org.testng.TestRunner.privateRun(TestRunner.java:794)
	at org.testng.TestRunner.run(TestRunner.java:596)
	at org.testng.SuiteRunner.runTest(SuiteRunner.java:377)
	at org.testng.SuiteRunner.runSequentially(SuiteRunner.java:371)
	at org.testng.SuiteRunner.privateRun(SuiteRunner.java:332)
	at org.testng.SuiteRunner.run(SuiteRunner.java:276)
	at org.testng.SuiteRunnerWorker.runSuite(SuiteRunnerWorker.java:53)
	at org.testng.SuiteRunnerWorker.run(SuiteRunnerWorker.java:96)
	at org.testng.TestNG.runSuitesSequentially(TestNG.java:1212)
	at org.testng.TestNG.runSuitesLocally(TestNG.java:1134)
	at org.testng.TestNG.runSuites(TestNG.java:1063)
	at org.testng.TestNG.run(TestNG.java:1031)
	at org.apache.maven.surefire.testng.TestNGExecutor.run(TestNGExecutor.java:73)
	at org.apache.maven.surefire.testng.TestNGXmlTestSuite.execute(TestNGXmlTestSuite.java:94)
	at org.apache.maven.surefire.Surefire.run(Surefire.java:169)
	at sun.reflect.NativeMethodAccessorImpl.invoke0(Native Method)
	at sun.reflect.NativeMethodAccessorImpl.invoke(NativeMethodAccessorImpl.java:62)
	at sun.reflect.DelegatingMethodAccessorImpl.invoke(DelegatingMethodAccessorImpl.java:43)
	at java.lang.reflect.Method.invoke(Method.java:498)
	at org.apache.maven.surefire.booter.SurefireBooter.runSuitesInProcess(SurefireBooter.java:350)
	at org.apache.maven.surefire.booter.SurefireBooter.main(SurefireBooter.java:1021)
</textarea>
					
				</td>
			</tr>
			<tr class='log' status='fail'>
				<td class='status fail' title='fail' alt='fail'><i class='material-icons'>cancel</i></td>
				<td class='timestamp'>10:15:39 AM</td>
				<td class='step-details'>
						Screenshot Device 0: see thumbnail below
					
				</td>
			</tr>
			<tr class='log' status='info'>
				<td class='status info' title='info' alt='info'><i class='material-icons'>info_outline</i></td>
				<td class='timestamp'>10:15:39 AM</td>
				<td class='step-details'>
						<a href=''>Logs from Device 0</a>
					
				</td>
			</tr>
			<tr class='log' status='fail'>
				<td class='status fail' title='fail' alt='fail'><i class='material-icons'>cancel</i></td>
				<td class='timestamp'>10:15:39 AM</td>
				<td class='step-details'>
						Screenshot Device 1: see thumbnail below
					
				</td>
			</tr>
			<tr class='log' status='info'>
				<td class='status info' title='info' alt='info'><i class='material-icons'>info_outline</i></td>
				<td class='timestamp'>10:15:39 AM</td>
				<td class='step-details'>
						<a href=''>Logs from Device 1</a>
					
				</td>
			</tr>
		</tbody>
	</table>
</div>
						<ul class='screenshots'>
							<li><img class='r-img' onerror='this.style.display="none"' data-featherlight='ReportLogs\TC1231_guestAndConnectWithActiveAccount-0.png' src='ReportLogs\TC1231_guestAndConnectWithActiveAccount-0.png' data-src='ReportLogs\TC1231_guestAndConnectWithActiveAccount-0.png'></li>
							<li><img class='r-img' onerror='this.style.display="none"' data-featherlight='ReportLogs\TC1231_guestAndConnectWithActiveAccount-1.png' src='ReportLogs\TC1231_guestAndConnectWithActiveAccount-1.png' data-src='ReportLogs\TC1231_guestAndConnectWithActiveAccount-1.png'></li>
						</ul>
					</div>
				</li>
				<li class='test displayed active  pass' status='pass' bdd='false' test-id='35'>
					<div class='test-heading'>
						<span class='test-name'>TC1232_guestUserCannotLogin</span>
						<span class='test-time'>Jun 28, 2022 10:15:46 AM</span>
						<span class='test-status right pass'>pass</span>
					</div>
					<div class='test-content hide'>
<div class='test-time-info'>
	<span class='label start-time'>Jun 28, 2022 10:15:46 AM</span>
	<span class='label end-time'>Jun 28, 2022 10:16:26 AM</span>
	<span class='label time-taken grey lighten-1 white-text'>0h 0m 40s+741ms</span>
</div>
<div class='test-attributes'>
	<div class='category-list'>
		<span class='category label'>GUESTS</span>
	</div>
</div>
<div class='test-steps'>
	<table class='bordered table-results'>
		<thead>
			<tr>
				<th>Status</th>
				<th>Timestamp</th>
				<th>Details</th>
			</tr>
		</thead>
		<tbody>
			<tr class='log' status='info'>
				<td class='status info' title='info' alt='info'><i class='material-icons'>info_outline</i></td>
				<td class='timestamp'>10:15:46 AM</td>
				<td class='step-details'>
						<font style='color:#013ADF;'><b>Test purpose: Click on Use your browser button to log with an existing account</b></font>
					
				</td>
			</tr>
			<tr class='log' status='pass'>
				<td class='status pass' title='pass' alt='pass'><i class='material-icons'>check_circle</i></td>
				<td class='timestamp'>10:16:26 AM</td>
				<td class='step-details'>
						TC1232_guestUserCannotLogin
					
				</td>
			</tr>
		</tbody>
	</table>
</div>
					</div>
				</li>
				<li class='test displayed active  pass' status='pass' bdd='false' test-id='36'>
					<div class='test-heading'>
						<span class='test-name'>TC1233_guestUserUseDesktopApp</span>
						<span class='test-time'>Jun 28, 2022 10:16:30 AM</span>
						<span class='test-status right pass'>pass</span>
					</div>
					<div class='test-content hide'>
<div class='test-time-info'>
	<span class='label start-time'>Jun 28, 2022 10:16:30 AM</span>
	<span class='label end-time'>Jun 28, 2022 10:17:05 AM</span>
	<span class='label time-taken grey lighten-1 white-text'>0h 0m 35s+70ms</span>
</div>
<div class='test-attributes'>
	<div class='category-list'>
		<span class='category label'>GUESTS</span>
	</div>
</div>
<div class='test-steps'>
	<table class='bordered table-results'>
		<thead>
			<tr>
				<th>Status</th>
				<th>Timestamp</th>
				<th>Details</th>
			</tr>
		</thead>
		<tbody>
			<tr class='log' status='info'>
				<td class='status info' title='info' alt='info'><i class='material-icons'>info_outline</i></td>
				<td class='timestamp'>10:16:30 AM</td>
				<td class='step-details'>
						<font style='color:#013ADF;'><b>Test purpose: Guest user clicks on the Use Desktop app button</b></font>
					
				</td>
			</tr>
			<tr class='log' status='pass'>
				<td class='status pass' title='pass' alt='pass'><i class='material-icons'>check_circle</i></td>
				<td class='timestamp'>10:17:05 AM</td>
				<td class='step-details'>
						TC1233_guestUserUseDesktopApp
					
				</td>
			</tr>
		</tbody>
	</table>
</div>
					</div>
				</li>
				<li class='test displayed active  pass' status='pass' bdd='false' test-id='37'>
					<div class='test-heading'>
						<span class='test-name'>TC1234_guestUserBackToInviteForm</span>
						<span class='test-time'>Jun 28, 2022 10:17:06 AM</span>
						<span class='test-status right pass'>pass</span>
					</div>
					<div class='test-content hide'>
<div class='test-time-info'>
	<span class='label start-time'>Jun 28, 2022 10:17:06 AM</span>
	<span class='label end-time'>Jun 28, 2022 10:17:14 AM</span>
	<span class='label time-taken grey lighten-1 white-text'>0h 0m 8s+42ms</span>
</div>
<div class='test-attributes'>
	<div class='category-list'>
		<span class='category label'>GUESTS</span>
	</div>
</div>
<div class='test-steps'>
	<table class='bordered table-results'>
		<thead>
			<tr>
				<th>Status</th>
				<th>Timestamp</th>
				<th>Details</th>
			</tr>
		</thead>
		<tbody>
			<tr class='log' status='info'>
				<td class='status info' title='info' alt='info'><i class='material-icons'>info_outline</i></td>
				<td class='timestamp'>10:17:06 AM</td>
				<td class='step-details'>
						<font style='color:#013ADF;'><b>Test purpose: Guest user clicks on the Back button from the Desktop app page</b></font>
					
				</td>
			</tr>
			<tr class='log' status='pass'>
				<td class='status pass' title='pass' alt='pass'><i class='material-icons'>check_circle</i></td>
				<td class='timestamp'>10:17:14 AM</td>
				<td class='step-details'>
						TC1234_guestUserBackToInviteForm
					
				</td>
			</tr>
		</tbody>
	</table>
</div>
					</div>
				</li>
				<li class='test displayed active  pass' status='pass' bdd='false' test-id='38'>
					<div class='test-heading'>
						<span class='test-name'>TC1251_joinRainbowForGuestFinalizeNoThanks</span>
						<span class='test-time'>Jun 28, 2022 10:17:18 AM</span>
						<span class='test-status right pass'>pass</span>
					</div>
					<div class='test-content hide'>
<div class='test-time-info'>
	<span class='label start-time'>Jun 28, 2022 10:17:18 AM</span>
	<span class='label end-time'>Jun 28, 2022 10:18:35 AM</span>
	<span class='label time-taken grey lighten-1 white-text'>0h 1m 17s+318ms</span>
</div>
<div class='test-attributes'>
	<div class='category-list'>
		<span class='category label'>GUESTS</span>
	</div>
</div>
<div class='test-steps'>
	<table class='bordered table-results'>
		<thead>
			<tr>
				<th>Status</th>
				<th>Timestamp</th>
				<th>Details</th>
			</tr>
		</thead>
		<tbody>
			<tr class='log' status='info'>
				<td class='status info' title='info' alt='info'><i class='material-icons'>info_outline</i></td>
				<td class='timestamp'>10:17:18 AM</td>
				<td class='step-details'>
						<font style='color:#013ADF;'><b>Test purpose: Choose to not Finalize your account creation by clicking on the No Thanks button</b></font>
					
				</td>
			</tr>
			<tr class='log' status='pass'>
				<td class='status pass' title='pass' alt='pass'><i class='material-icons'>check_circle</i></td>
				<td class='timestamp'>10:18:35 AM</td>
				<td class='step-details'>
						TC1251_joinRainbowForGuestFinalizeNoThanks
					
				</td>
			</tr>
		</tbody>
	</table>
</div>
					</div>
				</li>
				<li class='test displayed active  pass' status='pass' bdd='false' test-id='39'>
					<div class='test-heading'>
						<span class='test-name'>TC1252_joinRainbowForGuestFinalizeNoThanksNotConfirmed</span>
						<span class='test-time'>Jun 28, 2022 10:18:35 AM</span>
						<span class='test-status right pass'>pass</span>
					</div>
					<div class='test-content hide'>
<div class='test-time-info'>
	<span class='label start-time'>Jun 28, 2022 10:18:35 AM</span>
	<span class='label end-time'>Jun 28, 2022 10:18:38 AM</span>
	<span class='label time-taken grey lighten-1 white-text'>0h 0m 2s+949ms</span>
</div>
<div class='test-attributes'>
	<div class='category-list'>
		<span class='category label'>GUESTS</span>
	</div>
</div>
<div class='test-steps'>
	<table class='bordered table-results'>
		<thead>
			<tr>
				<th>Status</th>
				<th>Timestamp</th>
				<th>Details</th>
			</tr>
		</thead>
		<tbody>
			<tr class='log' status='info'>
				<td class='status info' title='info' alt='info'><i class='material-icons'>info_outline</i></td>
				<td class='timestamp'>10:18:35 AM</td>
				<td class='step-details'>
						<font style='color:#013ADF;'><b>Test purpose: Back after a choice to not finalize the account creation</b></font>
					
				</td>
			</tr>
			<tr class='log' status='pass'>
				<td class='status pass' title='pass' alt='pass'><i class='material-icons'>check_circle</i></td>
				<td class='timestamp'>10:18:38 AM</td>
				<td class='step-details'>
						TC1252_joinRainbowForGuestFinalizeNoThanksNotConfirmed
					
				</td>
			</tr>
		</tbody>
	</table>
</div>
					</div>
				</li>
				<li class='test displayed active  pass' status='pass' bdd='false' test-id='40'>
					<div class='test-heading'>
						<span class='test-name'>TC1253_joinRainbowForGuestFinalizeNoThanksConfirmed</span>
						<span class='test-time'>Jun 28, 2022 10:18:38 AM</span>
						<span class='test-status right pass'>pass</span>
					</div>
					<div class='test-content hide'>
<div class='test-time-info'>
	<span class='label start-time'>Jun 28, 2022 10:18:38 AM</span>
	<span class='label end-time'>Jun 28, 2022 10:18:50 AM</span>
	<span class='label time-taken grey lighten-1 white-text'>0h 0m 11s+681ms</span>
</div>
<div class='test-attributes'>
	<div class='category-list'>
		<span class='category label'>GUESTS</span>
	</div>
</div>
<div class='test-steps'>
	<table class='bordered table-results'>
		<thead>
			<tr>
				<th>Status</th>
				<th>Timestamp</th>
				<th>Details</th>
			</tr>
		</thead>
		<tbody>
			<tr class='log' status='info'>
				<td class='status info' title='info' alt='info'><i class='material-icons'>info_outline</i></td>
				<td class='timestamp'>10:18:38 AM</td>
				<td class='step-details'>
						<font style='color:#013ADF;'><b>Test purpose: Quit account creation after a choice to not finalize it</b></font>
					
				</td>
			</tr>
			<tr class='log' status='pass'>
				<td class='status pass' title='pass' alt='pass'><i class='material-icons'>check_circle</i></td>
				<td class='timestamp'>10:18:50 AM</td>
				<td class='step-details'>
						TC1253_joinRainbowForGuestFinalizeNoThanksConfirmed
					
				</td>
			</tr>
		</tbody>
	</table>
</div>
					</div>
				</li>
				<li class='test displayed active  pass' status='pass' bdd='false' test-id='41'>
					<div class='test-heading'>
						<span class='test-name'>TC1260_guestConfigurationTestPage</span>
						<span class='test-time'>Jun 28, 2022 10:18:55 AM</span>
						<span class='test-status right pass'>pass</span>
					</div>
					<div class='test-content hide'>
<div class='test-time-info'>
	<span class='label start-time'>Jun 28, 2022 10:18:55 AM</span>
	<span class='label end-time'>Jun 28, 2022 10:19:51 AM</span>
	<span class='label time-taken grey lighten-1 white-text'>0h 0m 56s+432ms</span>
</div>
<div class='test-attributes'>
	<div class='category-list'>
		<span class='category label'>GUESTS</span>
	</div>
</div>
<div class='test-steps'>
	<table class='bordered table-results'>
		<thead>
			<tr>
				<th>Status</th>
				<th>Timestamp</th>
				<th>Details</th>
			</tr>
		</thead>
		<tbody>
			<tr class='log' status='info'>
				<td class='status info' title='info' alt='info'><i class='material-icons'>info_outline</i></td>
				<td class='timestamp'>10:18:55 AM</td>
				<td class='step-details'>
						<font style='color:#013ADF;'><b>Test purpose: From configuration guest page, click on the Test your configuration button</b></font>
					
				</td>
			</tr>
			<tr class='log' status='pass'>
				<td class='status pass' title='pass' alt='pass'><i class='material-icons'>check_circle</i></td>
				<td class='timestamp'>10:19:51 AM</td>
				<td class='step-details'>
						TC1260_guestConfigurationTestPage
					
				</td>
			</tr>
		</tbody>
	</table>
</div>
					</div>
				</li>
				<li class='test displayed active  pass' status='pass' bdd='false' test-id='42'>
					<div class='test-heading'>
						<span class='test-name'>TC1261_configurationTestClickBackButton</span>
						<span class='test-time'>Jun 28, 2022 10:19:51 AM</span>
						<span class='test-status right pass'>pass</span>
					</div>
					<div class='test-content hide'>
<div class='test-time-info'>
	<span class='label start-time'>Jun 28, 2022 10:19:51 AM</span>
	<span class='label end-time'>Jun 28, 2022 10:19:54 AM</span>
	<span class='label time-taken grey lighten-1 white-text'>0h 0m 2s+496ms</span>
</div>
<div class='test-attributes'>
	<div class='category-list'>
		<span class='category label'>GUESTS</span>
	</div>
</div>
<div class='test-steps'>
	<table class='bordered table-results'>
		<thead>
			<tr>
				<th>Status</th>
				<th>Timestamp</th>
				<th>Details</th>
			</tr>
		</thead>
		<tbody>
			<tr class='log' status='info'>
				<td class='status info' title='info' alt='info'><i class='material-icons'>info_outline</i></td>
				<td class='timestamp'>10:19:51 AM</td>
				<td class='step-details'>
						<font style='color:#013ADF;'><b>Test purpose: From the Configuration page, click on the Back button to return to the Configure video and audio settings page</b></font>
					
				</td>
			</tr>
			<tr class='log' status='pass'>
				<td class='status pass' title='pass' alt='pass'><i class='material-icons'>check_circle</i></td>
				<td class='timestamp'>10:19:54 AM</td>
				<td class='step-details'>
						TC1261_configurationTestClickBackButton
					
				</td>
			</tr>
		</tbody>
	</table>
</div>
					</div>
				</li>
				<li class='test displayed active  pass' status='pass' bdd='false' test-id='43'>
					<div class='test-heading'>
						<span class='test-name'>TC1262_startTestConfiguration</span>
						<span class='test-time'>Jun 28, 2022 10:19:54 AM</span>
						<span class='test-status right pass'>pass</span>
					</div>
					<div class='test-content hide'>
<div class='test-time-info'>
	<span class='label start-time'>Jun 28, 2022 10:19:54 AM</span>
	<span class='label end-time'>Jun 28, 2022 10:19:58 AM</span>
	<span class='label time-taken grey lighten-1 white-text'>0h 0m 3s+430ms</span>
</div>
<div class='test-attributes'>
	<div class='category-list'>
		<span class='category label'>GUESTS</span>
	</div>
</div>
<div class='test-steps'>
	<table class='bordered table-results'>
		<thead>
			<tr>
				<th>Status</th>
				<th>Timestamp</th>
				<th>Details</th>
			</tr>
		</thead>
		<tbody>
			<tr class='log' status='info'>
				<td class='status info' title='info' alt='info'><i class='material-icons'>info_outline</i></td>
				<td class='timestamp'>10:19:54 AM</td>
				<td class='step-details'>
						<font style='color:#013ADF;'><b>Test purpose: From the Configure test page, start the tests by clicking on, the corresponding button</b></font>
					
				</td>
			</tr>
			<tr class='log' status='pass'>
				<td class='status pass' title='pass' alt='pass'><i class='material-icons'>check_circle</i></td>
				<td class='timestamp'>10:19:58 AM</td>
				<td class='step-details'>
						TC1262_startTestConfiguration
					
				</td>
			</tr>
		</tbody>
	</table>
</div>
					</div>
				</li>
				<li class='test displayed active  pass' status='pass' bdd='false' test-id='44'>
					<div class='test-heading'>
						<span class='test-name'>TC1263_resultsTestConfiguration</span>
						<span class='test-time'>Jun 28, 2022 10:19:58 AM</span>
						<span class='test-status right pass'>pass</span>
					</div>
					<div class='test-content hide'>
<div class='test-time-info'>
	<span class='label start-time'>Jun 28, 2022 10:19:58 AM</span>
	<span class='label end-time'>Jun 28, 2022 10:21:01 AM</span>
	<span class='label time-taken grey lighten-1 white-text'>0h 1m 3s+309ms</span>
</div>
<div class='test-attributes'>
	<div class='category-list'>
		<span class='category label'>GUESTS</span>
	</div>
</div>
<div class='test-steps'>
	<table class='bordered table-results'>
		<thead>
			<tr>
				<th>Status</th>
				<th>Timestamp</th>
				<th>Details</th>
			</tr>
		</thead>
		<tbody>
			<tr class='log' status='info'>
				<td class='status info' title='info' alt='info'><i class='material-icons'>info_outline</i></td>
				<td class='timestamp'>10:19:58 AM</td>
				<td class='step-details'>
						<font style='color:#013ADF;'><b>Test purpose: From the Configure test page, start the tests by clicking on, the corresponding button</b></font>
					
				</td>
			</tr>
			<tr class='log' status='pass'>
				<td class='status pass' title='pass' alt='pass'><i class='material-icons'>check_circle</i></td>
				<td class='timestamp'>10:21:01 AM</td>
				<td class='step-details'>
						TC1263_resultsTestConfiguration
					
				</td>
			</tr>
		</tbody>
	</table>
</div>
					</div>
				</li>
				<li class='test displayed active  pass' status='pass' bdd='false' test-id='45'>
					<div class='test-heading'>
						<span class='test-name'>TC1264_cancelTestConfiguration</span>
						<span class='test-time'>Jun 28, 2022 10:21:01 AM</span>
						<span class='test-status right pass'>pass</span>
					</div>
					<div class='test-content hide'>
<div class='test-time-info'>
	<span class='label start-time'>Jun 28, 2022 10:21:01 AM</span>
	<span class='label end-time'>Jun 28, 2022 10:21:35 AM</span>
	<span class='label time-taken grey lighten-1 white-text'>0h 0m 33s+761ms</span>
</div>
<div class='test-attributes'>
	<div class='category-list'>
		<span class='category label'>GUESTS</span>
	</div>
</div>
<div class='test-steps'>
	<table class='bordered table-results'>
		<thead>
			<tr>
				<th>Status</th>
				<th>Timestamp</th>
				<th>Details</th>
			</tr>
		</thead>
		<tbody>
			<tr class='log' status='info'>
				<td class='status info' title='info' alt='info'><i class='material-icons'>info_outline</i></td>
				<td class='timestamp'>10:21:01 AM</td>
				<td class='step-details'>
						<font style='color:#013ADF;'><b>Test purpose: During a test progress, cancel the test</b></font>
					
				</td>
			</tr>
			<tr class='log' status='pass'>
				<td class='status pass' title='pass' alt='pass'><i class='material-icons'>check_circle</i></td>
				<td class='timestamp'>10:21:35 AM</td>
				<td class='step-details'>
						TC1264_cancelTestConfiguration
					
				</td>
			</tr>
		</tbody>
	</table>
</div>
					</div>
				</li>
				<li class='test displayed active  pass' status='pass' bdd='false' test-id='46'>
					<div class='test-heading'>
						<span class='test-name'>TC1265_restartTestConfiguration</span>
						<span class='test-time'>Jun 28, 2022 10:21:35 AM</span>
						<span class='test-status right pass'>pass</span>
					</div>
					<div class='test-content hide'>
<div class='test-time-info'>
	<span class='label start-time'>Jun 28, 2022 10:21:35 AM</span>
	<span class='label end-time'>Jun 28, 2022 10:25:54 AM</span>
	<span class='label time-taken grey lighten-1 white-text'>0h 4m 19s+304ms</span>
</div>
<div class='test-attributes'>
	<div class='category-list'>
		<span class='category label'>GUESTS</span>
	</div>
</div>
<div class='test-steps'>
	<table class='bordered table-results'>
		<thead>
			<tr>
				<th>Status</th>
				<th>Timestamp</th>
				<th>Details</th>
			</tr>
		</thead>
		<tbody>
			<tr class='log' status='info'>
				<td class='status info' title='info' alt='info'><i class='material-icons'>info_outline</i></td>
				<td class='timestamp'>10:21:35 AM</td>
				<td class='step-details'>
						<font style='color:#013ADF;'><b>Test purpose: Restart test configuration</b></font>
					
				</td>
			</tr>
			<tr class='log' status='pass'>
				<td class='status pass' title='pass' alt='pass'><i class='material-icons'>check_circle</i></td>
				<td class='timestamp'>10:25:54 AM</td>
				<td class='step-details'>
						TC1265_restartTestConfiguration
					
				</td>
			</tr>
		</tbody>
	</table>
</div>
					</div>
				</li>
				<li class='test displayed active  pass' status='pass' bdd='false' test-id='47'>
					<div class='test-heading'>
						<span class='test-name'>TC1266_afterClickBackButton</span>
						<span class='test-time'>Jun 28, 2022 10:25:54 AM</span>
						<span class='test-status right pass'>pass</span>
					</div>
					<div class='test-content hide'>
<div class='test-time-info'>
	<span class='label start-time'>Jun 28, 2022 10:25:54 AM</span>
	<span class='label end-time'>Jun 28, 2022 10:26:00 AM</span>
	<span class='label time-taken grey lighten-1 white-text'>0h 0m 5s+807ms</span>
</div>
<div class='test-attributes'>
	<div class='category-list'>
		<span class='category label'>GUESTS</span>
	</div>
</div>
<div class='test-steps'>
	<table class='bordered table-results'>
		<thead>
			<tr>
				<th>Status</th>
				<th>Timestamp</th>
				<th>Details</th>
			</tr>
		</thead>
		<tbody>
			<tr class='log' status='info'>
				<td class='status info' title='info' alt='info'><i class='material-icons'>info_outline</i></td>
				<td class='timestamp'>10:25:54 AM</td>
				<td class='step-details'>
						<font style='color:#013ADF;'><b>Test purpose: After configuration test completude, click on the Back button to return to the Configure video and audio settings page</b></font>
					
				</td>
			</tr>
			<tr class='log' status='pass'>
				<td class='status pass' title='pass' alt='pass'><i class='material-icons'>check_circle</i></td>
				<td class='timestamp'>10:26:00 AM</td>
				<td class='step-details'>
						TC1266_afterClickBackButton
					
				</td>
			</tr>
		</tbody>
	</table>
</div>
					</div>
				</li>
				<li class='test displayed active  pass' status='pass' bdd='false' test-id='48'>
					<div class='test-heading'>
						<span class='test-name'>TC1270_selfRegistrationEnabledDomainAllowed_guestBelongToSameCompany</span>
						<span class='test-time'>Jun 28, 2022 10:26:05 AM</span>
						<span class='test-status right pass'>pass</span>
					</div>
					<div class='test-content hide'>
<div class='test-time-info'>
	<span class='label start-time'>Jun 28, 2022 10:26:05 AM</span>
	<span class='label end-time'>Jun 28, 2022 10:28:22 AM</span>
	<span class='label time-taken grey lighten-1 white-text'>0h 2m 16s+905ms</span>
</div>
<div class='test-attributes'>
	<div class='category-list'>
		<span class='category label'>GUESTS</span>
	</div>
</div>
<div class='test-steps'>
	<table class='bordered table-results'>
		<thead>
			<tr>
				<th>Status</th>
				<th>Timestamp</th>
				<th>Details</th>
			</tr>
		</thead>
		<tbody>
			<tr class='log' status='info'>
				<td class='status info' title='info' alt='info'><i class='material-icons'>info_outline</i></td>
				<td class='timestamp'>10:26:05 AM</td>
				<td class='step-details'>
						<font style='color:#013ADF;'><b>Test purpose: Invite a guest from a user whom company has enabled Self registration and allow a domain - Guest email has same domain as company</b></font>
					
				</td>
			</tr>
			<tr class='log' status='pass'>
				<td class='status pass' title='pass' alt='pass'><i class='material-icons'>check_circle</i></td>
				<td class='timestamp'>10:28:22 AM</td>
				<td class='step-details'>
						TC1270_selfRegistrationEnabledDomainAllowed_guestBelongToSameCompany
					
				</td>
			</tr>
		</tbody>
	</table>
</div>
					</div>
				</li>
				<li class='test displayed active  pass' status='pass' bdd='false' test-id='49'>
					<div class='test-heading'>
						<span class='test-name'>TC1271_selfRegistrationDisabledDomainAllowed_guestBelongToSameCompany</span>
						<span class='test-time'>Jun 28, 2022 10:28:28 AM</span>
						<span class='test-status right pass'>pass</span>
					</div>
					<div class='test-content hide'>
<div class='test-time-info'>
	<span class='label start-time'>Jun 28, 2022 10:28:28 AM</span>
	<span class='label end-time'>Jun 28, 2022 10:29:25 AM</span>
	<span class='label time-taken grey lighten-1 white-text'>0h 0m 57s+69ms</span>
</div>
<div class='test-attributes'>
	<div class='category-list'>
		<span class='category label'>GUESTS</span>
	</div>
</div>
<div class='test-steps'>
	<table class='bordered table-results'>
		<thead>
			<tr>
				<th>Status</th>
				<th>Timestamp</th>
				<th>Details</th>
			</tr>
		</thead>
		<tbody>
			<tr class='log' status='info'>
				<td class='status info' title='info' alt='info'><i class='material-icons'>info_outline</i></td>
				<td class='timestamp'>10:28:28 AM</td>
				<td class='step-details'>
						<font style='color:#013ADF;'><b>Test purpose: Invite a guest from a user whom company has disabled Self registration and allow a domain - Guest email has same domain as company</b></font>
					
				</td>
			</tr>
			<tr class='log' status='pass'>
				<td class='status pass' title='pass' alt='pass'><i class='material-icons'>check_circle</i></td>
				<td class='timestamp'>10:29:25 AM</td>
				<td class='step-details'>
						TC1271_selfRegistrationDisabledDomainAllowed_guestBelongToSameCompany
					
				</td>
			</tr>
		</tbody>
	</table>
</div>
					</div>
				</li>
				<li class='test displayed active  pass' status='pass' bdd='false' test-id='50'>
					<div class='test-heading'>
						<span class='test-name'>TC1272_selfRegistrationDisabledDomainAllowed_guestNotSameDomain</span>
						<span class='test-time'>Jun 28, 2022 10:29:30 AM</span>
						<span class='test-status right pass'>pass</span>
					</div>
					<div class='test-content hide'>
<div class='test-time-info'>
	<span class='label start-time'>Jun 28, 2022 10:29:30 AM</span>
	<span class='label end-time'>Jun 28, 2022 10:31:35 AM</span>
	<span class='label time-taken grey lighten-1 white-text'>0h 2m 4s+729ms</span>
</div>
<div class='test-attributes'>
	<div class='category-list'>
		<span class='category label'>GUESTS</span>
	</div>
</div>
<div class='test-steps'>
	<table class='bordered table-results'>
		<thead>
			<tr>
				<th>Status</th>
				<th>Timestamp</th>
				<th>Details</th>
			</tr>
		</thead>
		<tbody>
			<tr class='log' status='info'>
				<td class='status info' title='info' alt='info'><i class='material-icons'>info_outline</i></td>
				<td class='timestamp'>10:29:30 AM</td>
				<td class='step-details'>
						<font style='color:#013ADF;'><b>Test purpose: Invite a guest from a user whom company has disabled Self registration and allow a domain - Guest email has not same domain as company</b></font>
					
				</td>
			</tr>
			<tr class='log' status='pass'>
				<td class='status pass' title='pass' alt='pass'><i class='material-icons'>check_circle</i></td>
				<td class='timestamp'>10:31:35 AM</td>
				<td class='step-details'>
						TC1272_selfRegistrationDisabledDomainAllowed_guestNotSameDomain
					
				</td>
			</tr>
		</tbody>
	</table>
</div>
					</div>
				</li>
				<li class='test displayed active  fail' status='fail' bdd='false' test-id='51'>
					<div class='test-heading'>
						<span class='test-name'>TC1273_selfRegistrationDisabledDomainAllowed_guestNotSameDomain</span>
						<span class='test-time'>Jun 28, 2022 10:31:41 AM</span>
						<span class='test-status right fail'>fail</span>
					</div>
					<div class='test-content hide'>
<div class='test-time-info'>
	<span class='label start-time'>Jun 28, 2022 10:31:41 AM</span>
	<span class='label end-time'>Jun 28, 2022 10:33:35 AM</span>
	<span class='label time-taken grey lighten-1 white-text'>0h 1m 53s+838ms</span>
</div>
<div class='test-attributes'>
	<div class='category-list'>
		<span class='category label'>GUESTS</span>
	</div>
</div>
<div class='test-steps'>
	<table class='bordered table-results'>
		<thead>
			<tr>
				<th>Status</th>
				<th>Timestamp</th>
				<th>Details</th>
			</tr>
		</thead>
		<tbody>
			<tr class='log' status='info'>
				<td class='status info' title='info' alt='info'><i class='material-icons'>info_outline</i></td>
				<td class='timestamp'>10:31:41 AM</td>
				<td class='step-details'>
						<font style='color:#013ADF;'><b>Test purpose: Invite a guest from a user whom company has disabled Self registration and allow a domain - Guest email has same domain as company</b></font>
					
				</td>
			</tr>
			<tr class='log' status='fail'>
				<td class='status fail' title='fail' alt='fail'><i class='material-icons'>cancel</i></td>
				<td class='timestamp'>10:33:34 AM</td>
				<td class='step-details'>
						TC1273_selfRegistrationDisabledDomainAllowed_guestNotSameDomain
					
				</td>
			</tr>
			<tr class='log' status='fail'>
				<td class='status fail' title='fail' alt='fail'><i class='material-icons'>cancel</i></td>
				<td class='timestamp'>10:33:34 AM</td>
				<td class='step-details'>
						<textarea disabled class="code-block">org.openqa.selenium.NoSuchElementException: Element not found during click action
For documentation on this error, please visit: https://www.seleniumhq.org/exceptions/no_such_element.html
Build info: version: '3.141.59', revision: 'e82be7d358', time: '2018-11-14T08:17:03'
System info: host: 'LPF2LTVCZ', ip: '192.168.0.142', os.name: 'Windows 11', os.arch: 'amd64', os.version: '10.0', java.version: '1.8.0_333'
Driver info: driver.version: unknown
	at net.cloudservices.operations.qa.IntegrationTests.objects.WebClients.RainbowWebElement.click(RainbowWebElement.java:134)
	at net.cloudservices.operations.qa.IntegrationTests.Clients.actors.WebClients.ActorSFU.lambda$_020_collapseDetailsConference$24(ActorSFU.java:174)
	at net.cloudservices.operations.qa.IntegrationTests.general.ActorOrChecker.wrap(ActorOrChecker.java:79)
	at net.cloudservices.operations.qa.IntegrationTests.Clients.actors.WebClients.ActorSFU._020_collapseDetailsConference(ActorSFU.java:172)
	at net.cloudservices.operations.qa.IntegrationTests.Clients.Utils.WebClients.UtilsGuests.createGuestLastStepForInviter(UtilsGuests.java:74)
	at net.cloudservices.operations.qa.Tests.WebClients.TS_Guests.TC1273_selfRegistrationDisabledDomainAllowed_guestNotSameDomain(TS_Guests.java:1275)
	at sun.reflect.NativeMethodAccessorImpl.invoke0(Native Method)
	at sun.reflect.NativeMethodAccessorImpl.invoke(NativeMethodAccessorImpl.java:62)
	at sun.reflect.DelegatingMethodAccessorImpl.invoke(DelegatingMethodAccessorImpl.java:43)
	at java.lang.reflect.Method.invoke(Method.java:498)
	at org.testng.internal.MethodInvocationHelper.invokeMethod(MethodInvocationHelper.java:133)
	at org.testng.internal.TestInvoker.invokeMethod(TestInvoker.java:598)
	at org.testng.internal.TestInvoker.invokeTestMethod(TestInvoker.java:173)
	at org.testng.internal.MethodRunner.runInSequence(MethodRunner.java:46)
	at org.testng.internal.TestInvoker$MethodInvocationAgent.invoke(TestInvoker.java:824)
	at org.testng.internal.TestInvoker.invokeTestMethods(TestInvoker.java:146)
	at org.testng.internal.TestMethodWorker.invokeTestMethods(TestMethodWorker.java:146)
	at org.testng.internal.TestMethodWorker.run(TestMethodWorker.java:128)
	at java.util.ArrayList.forEach(ArrayList.java:1259)
	at org.testng.TestRunner.privateRun(TestRunner.java:794)
	at org.testng.TestRunner.run(TestRunner.java:596)
	at org.testng.SuiteRunner.runTest(SuiteRunner.java:377)
	at org.testng.SuiteRunner.runSequentially(SuiteRunner.java:371)
	at org.testng.SuiteRunner.privateRun(SuiteRunner.java:332)
	at org.testng.SuiteRunner.run(SuiteRunner.java:276)
	at org.testng.SuiteRunnerWorker.runSuite(SuiteRunnerWorker.java:53)
	at org.testng.SuiteRunnerWorker.run(SuiteRunnerWorker.java:96)
	at org.testng.TestNG.runSuitesSequentially(TestNG.java:1212)
	at org.testng.TestNG.runSuitesLocally(TestNG.java:1134)
	at org.testng.TestNG.runSuites(TestNG.java:1063)
	at org.testng.TestNG.run(TestNG.java:1031)
	at org.apache.maven.surefire.testng.TestNGExecutor.run(TestNGExecutor.java:73)
	at org.apache.maven.surefire.testng.TestNGXmlTestSuite.execute(TestNGXmlTestSuite.java:94)
	at org.apache.maven.surefire.Surefire.run(Surefire.java:169)
	at sun.reflect.NativeMethodAccessorImpl.invoke0(Native Method)
	at sun.reflect.NativeMethodAccessorImpl.invoke(NativeMethodAccessorImpl.java:62)
	at sun.reflect.DelegatingMethodAccessorImpl.invoke(DelegatingMethodAccessorImpl.java:43)
	at java.lang.reflect.Method.invoke(Method.java:498)
	at org.apache.maven.surefire.booter.SurefireBooter.runSuitesInProcess(SurefireBooter.java:350)
	at org.apache.maven.surefire.booter.SurefireBooter.main(SurefireBooter.java:1021)
</textarea>
					
				</td>
			</tr>
			<tr class='log' status='fail'>
				<td class='status fail' title='fail' alt='fail'><i class='material-icons'>cancel</i></td>
				<td class='timestamp'>10:33:34 AM</td>
				<td class='step-details'>
						Screenshot Device 0: see thumbnail below
					
				</td>
			</tr>
			<tr class='log' status='info'>
				<td class='status info' title='info' alt='info'><i class='material-icons'>info_outline</i></td>
				<td class='timestamp'>10:33:34 AM</td>
				<td class='step-details'>
						<a href=''>Logs from Device 0</a>
					
				</td>
			</tr>
			<tr class='log' status='fail'>
				<td class='status fail' title='fail' alt='fail'><i class='material-icons'>cancel</i></td>
				<td class='timestamp'>10:33:35 AM</td>
				<td class='step-details'>
						Screenshot Device 1: see thumbnail below
					
				</td>
			</tr>
			<tr class='log' status='info'>
				<td class='status info' title='info' alt='info'><i class='material-icons'>info_outline</i></td>
				<td class='timestamp'>10:33:35 AM</td>
				<td class='step-details'>
						<a href=''>Logs from Device 1</a>
					
				</td>
			</tr>
		</tbody>
	</table>
</div>
						<ul class='screenshots'>
							<li><img class='r-img' onerror='this.style.display="none"' data-featherlight='ReportLogs\TC1273_selfRegistrationDisabledDomainAllowed_guestNotSameDomain-0.png' src='ReportLogs\TC1273_selfRegistrationDisabledDomainAllowed_guestNotSameDomain-0.png' data-src='ReportLogs\TC1273_selfRegistrationDisabledDomainAllowed_guestNotSameDomain-0.png'></li>
							<li><img class='r-img' onerror='this.style.display="none"' data-featherlight='ReportLogs\TC1273_selfRegistrationDisabledDomainAllowed_guestNotSameDomain-1.png' src='ReportLogs\TC1273_selfRegistrationDisabledDomainAllowed_guestNotSameDomain-1.png' data-src='ReportLogs\TC1273_selfRegistrationDisabledDomainAllowed_guestNotSameDomain-1.png'></li>
						</ul>
					</div>
				</li>
			</ul>
		</div>
	</div>
	<!-- subview left -->
	<div class='subview-right left'>
		<div class='view-summary'>
			<div id='step-filters' class="right sr-filters">
				<a class="btn-floating waves-effect waves-light green" status="pass" alt="pass" title="pass"><i class="material-icons">check_circle</i></a>
				<a class="btn-floating waves-effect waves-light red" status="fail" alt="fail" title="fail"><i class="material-icons">cancel</i></a>
				<a class="btn-floating waves-effect waves-light red darken-4" status="fatal" alt="fatal" title="fatal"><i class="material-icons">cancel</i></a>
				<a class="btn-floating waves-effect waves-light pink text-lighten-1" status="error" alt="error" title="error"><i class="material-icons">error</i></a>
				<a class="btn-floating waves-effect waves-light orange" alt="warning" status="warning" title="warning"><i class="material-icons">warning</i></a>
				<a class="btn-floating waves-effect waves-light teal" status="skip" alt="skip" title="skip"><i class="material-icons">redo</i></a>
				<a class="btn-floating waves-effect waves-light grey" status="clear" alt="Clear filters" title="Clear filters"><i class="material-icons">clear</i></a>
			</div>
			<h5 class='test-name'></h5>
		</div>
	</div>
	<!-- subview right -->
</div>
<!-- test view --><div id='category-view' class='view hide'>
	<section id='controls'>
		<div class='controls grey lighten-4'>
			<!-- search -->
			<div class='chip transparent' alt='Search Tests' title='Search Tests'>
				<a href="#" class='search-div'>
				<i class='material-icons'>search</i> Search
				</a>
				<div class='input-field left hide'>
					<input id='search-tests' type='text' class='validate browser-default' placeholder='Search Tests...'>
				</div>
			</div>
			<!-- search -->
		</div>
	</section>
	<div class='subview-left left'>
		<div class='view-summary'>
			<ul id='category-collection' class='category-collection'>
				<li class='category displayed active'>
					<div class='category-heading'>
						<span class='category-name'>GUESTS</span>
						<span class='category-status right'>
						<span class='label pass'>35</span>
						<span class='label fail'>4</span>
						<span class='label others'>12</span>
						</span>
					</div>
					<div class='category-content hide'>
						<div class='category-status-counts'>
							<span status="pass" class='label green accent-4 white-text'>Passed: 35</span>
							<span status="fail" class='label red lighten-1 white-text'>Failed: 4</span>
							<span status="skip" class='label yellow darken-2 white-text'>Skipped: 12</span>
						</div>
						<div class='category-tests'>
							<table class='bordered table-results'>
								<thead>
									<tr>
										<th>Timestamp</th>
										<th>TestName</th>
										<th>Status</th>
									</tr>
								</thead>
								<tbody>
									<tr>
										<td>Jun 28, 2022 10:10:37 AM</td>
										<td class='linked' test-id='1'>TC1200_createBubbleWithInvalidEmailGuest</td>
										<td><span class='test-status pass'>pass</span></td>
									</tr>
									<tr>
										<td>Jun 28, 2022 10:11:09 AM</td>
										<td class='linked' test-id='2'>TC1201_createBubbleWithGuest</td>
										<td><span class='test-status pass'>pass</span></td>
									</tr>
									<tr>
										<td>Jun 28, 2022 10:11:21 AM</td>
										<td class='linked' test-id='3'>TC1202_checkLinkEmailInviteGuest</td>
										<td><span class='test-status pass'>pass</span></td>
									</tr>
									<tr>
										<td>Jun 28, 2022 10:11:28 AM</td>
										<td class='linked' test-id='4'>TC1203_enterGuestFirstnameAndLastname</td>
										<td><span class='test-status pass'>pass</span></td>
									</tr>
									<tr>
										<td>Jun 28, 2022 10:11:51 AM</td>
										<td class='linked' test-id='5'>TC1204_disableVideo</td>
										<td><span class='test-status pass'>pass</span></td>
									</tr>
									<tr>
										<td>Jun 28, 2022 10:12:02 AM</td>
										<td class='linked' test-id='6'>TC1205_disableMicro</td>
										<td><span class='test-status pass'>pass</span></td>
									</tr>
									<tr>
										<td>Jun 28, 2022 10:12:13 AM</td>
										<td class='linked' test-id='7'>TC1206_clickChoiceWebcam</td>
										<td><span class='test-status pass'>pass</span></td>
									</tr>
									<tr>
										<td>Jun 28, 2022 10:12:16 AM</td>
										<td class='linked' test-id='8'>TC1213_joinConference</td>
										<td><span class='test-status fail'>fail</span></td>
									</tr>
									<tr>
										<td>Jun 28, 2022 10:12:53 AM</td>
										<td class='linked' test-id='9'>TC1214_guestSendsMessage</td>
										<td><span class='test-status pass'>pass</span></td>
									</tr>
									<tr>
										<td>Jun 28, 2022 10:12:53 AM</td>
										<td class='linked' test-id='10'>TC1214_guestSendsMessage</td>
										<td><span class='test-status skip'>skip</span></td>
									</tr>
									<tr>
										<td>Jun 28, 2022 10:12:53 AM</td>
										<td class='linked' test-id='11'>TC1215_startConference</td>
										<td><span class='test-status pass'>pass</span></td>
									</tr>
									<tr>
										<td>Jun 28, 2022 10:12:53 AM</td>
										<td class='linked' test-id='12'>TC1215_startConference</td>
										<td><span class='test-status skip'>skip</span></td>
									</tr>
									<tr>
										<td>Jun 28, 2022 10:12:54 AM</td>
										<td class='linked' test-id='13'>TC1216_joinRainbowForGuestFinalizeLater</td>
										<td><span class='test-status pass'>pass</span></td>
									</tr>
									<tr>
										<td>Jun 28, 2022 10:12:54 AM</td>
										<td class='linked' test-id='14'>TC1216_joinRainbowForGuestFinalizeLater</td>
										<td><span class='test-status skip'>skip</span></td>
									</tr>
									<tr>
										<td>Jun 28, 2022 10:12:54 AM</td>
										<td class='linked' test-id='15'>TC1217_joinRainbowForGuestFinalizeForPassword</td>
										<td><span class='test-status pass'>pass</span></td>
									</tr>
									<tr>
										<td>Jun 28, 2022 10:12:54 AM</td>
										<td class='linked' test-id='16'>TC1217_joinRainbowForGuestFinalizeForPassword</td>
										<td><span class='test-status skip'>skip</span></td>
									</tr>
									<tr>
										<td>Jun 28, 2022 10:12:54 AM</td>
										<td class='linked' test-id='17'>TC1218_joinRainbowForGuestFinalizeForPassword</td>
										<td><span class='test-status pass'>pass</span></td>
									</tr>
									<tr>
										<td>Jun 28, 2022 10:12:54 AM</td>
										<td class='linked' test-id='18'>TC1218_joinRainbowForGuestFinalizeForPassword</td>
										<td><span class='test-status skip'>skip</span></td>
									</tr>
									<tr>
										<td>Jun 28, 2022 10:12:54 AM</td>
										<td class='linked' test-id='19'>TC1219_enterCodeAndPassword</td>
										<td><span class='test-status pass'>pass</span></td>
									</tr>
									<tr>
										<td>Jun 28, 2022 10:12:54 AM</td>
										<td class='linked' test-id='20'>TC1219_enterCodeAndPassword</td>
										<td><span class='test-status skip'>skip</span></td>
									</tr>
									<tr>
										<td>Jun 28, 2022 10:12:54 AM</td>
										<td class='linked' test-id='21'>TC1220_validateFirstnameAndLastname</td>
										<td><span class='test-status pass'>pass</span></td>
									</tr>
									<tr>
										<td>Jun 28, 2022 10:12:54 AM</td>
										<td class='linked' test-id='22'>TC1220_validateFirstnameAndLastname</td>
										<td><span class='test-status skip'>skip</span></td>
									</tr>
									<tr>
										<td>Jun 28, 2022 10:12:54 AM</td>
										<td class='linked' test-id='23'>TC1221_activateCamera</td>
										<td><span class='test-status pass'>pass</span></td>
									</tr>
									<tr>
										<td>Jun 28, 2022 10:12:54 AM</td>
										<td class='linked' test-id='24'>TC1221_activateCamera</td>
										<td><span class='test-status skip'>skip</span></td>
									</tr>
									<tr>
										<td>Jun 28, 2022 10:12:54 AM</td>
										<td class='linked' test-id='25'>TC1222_closePhotoByCamera</td>
										<td><span class='test-status pass'>pass</span></td>
									</tr>
									<tr>
										<td>Jun 28, 2022 10:12:54 AM</td>
										<td class='linked' test-id='26'>TC1222_closePhotoByCamera</td>
										<td><span class='test-status skip'>skip</span></td>
									</tr>
									<tr>
										<td>Jun 28, 2022 10:12:54 AM</td>
										<td class='linked' test-id='27'>TC1223_takePhotoByCamera</td>
										<td><span class='test-status pass'>pass</span></td>
									</tr>
									<tr>
										<td>Jun 28, 2022 10:12:54 AM</td>
										<td class='linked' test-id='28'>TC1223_takePhotoByCamera</td>
										<td><span class='test-status skip'>skip</span></td>
									</tr>
									<tr>
										<td>Jun 28, 2022 10:12:55 AM</td>
										<td class='linked' test-id='29'>TC1224_usePhotoAsAvatar</td>
										<td><span class='test-status pass'>pass</span></td>
									</tr>
									<tr>
										<td>Jun 28, 2022 10:12:55 AM</td>
										<td class='linked' test-id='30'>TC1224_usePhotoAsAvatar</td>
										<td><span class='test-status skip'>skip</span></td>
									</tr>
									<tr>
										<td>Jun 28, 2022 10:12:55 AM</td>
										<td class='linked' test-id='31'>TC1225_completeGuestAccountCreation</td>
										<td><span class='test-status pass'>pass</span></td>
									</tr>
									<tr>
										<td>Jun 28, 2022 10:12:55 AM</td>
										<td class='linked' test-id='32'>TC1225_completeGuestAccountCreation</td>
										<td><span class='test-status skip'>skip</span></td>
									</tr>
									<tr>
										<td>Jun 28, 2022 10:12:55 AM</td>
										<td class='linked' test-id='33'>TC1230_useYourBrowser</td>
										<td><span class='test-status fail'>fail</span></td>
									</tr>
									<tr>
										<td>Jun 28, 2022 10:14:24 AM</td>
										<td class='linked' test-id='34'>TC1231_guestAndConnectWithActiveAccount</td>
										<td><span class='test-status fail'>fail</span></td>
									</tr>
									<tr>
										<td>Jun 28, 2022 10:15:46 AM</td>
										<td class='linked' test-id='35'>TC1232_guestUserCannotLogin</td>
										<td><span class='test-status pass'>pass</span></td>
									</tr>
									<tr>
										<td>Jun 28, 2022 10:16:30 AM</td>
										<td class='linked' test-id='36'>TC1233_guestUserUseDesktopApp</td>
										<td><span class='test-status pass'>pass</span></td>
									</tr>
									<tr>
										<td>Jun 28, 2022 10:17:06 AM</td>
										<td class='linked' test-id='37'>TC1234_guestUserBackToInviteForm</td>
										<td><span class='test-status pass'>pass</span></td>
									</tr>
									<tr>
										<td>Jun 28, 2022 10:17:18 AM</td>
										<td class='linked' test-id='38'>TC1251_joinRainbowForGuestFinalizeNoThanks</td>
										<td><span class='test-status pass'>pass</span></td>
									</tr>
									<tr>
										<td>Jun 28, 2022 10:18:35 AM</td>
										<td class='linked' test-id='39'>TC1252_joinRainbowForGuestFinalizeNoThanksNotConfirmed</td>
										<td><span class='test-status pass'>pass</span></td>
									</tr>
									<tr>
										<td>Jun 28, 2022 10:18:38 AM</td>
										<td class='linked' test-id='40'>TC1253_joinRainbowForGuestFinalizeNoThanksConfirmed</td>
										<td><span class='test-status pass'>pass</span></td>
									</tr>
									<tr>
										<td>Jun 28, 2022 10:18:55 AM</td>
										<td class='linked' test-id='41'>TC1260_guestConfigurationTestPage</td>
										<td><span class='test-status pass'>pass</span></td>
									</tr>
									<tr>
										<td>Jun 28, 2022 10:19:51 AM</td>
										<td class='linked' test-id='42'>TC1261_configurationTestClickBackButton</td>
										<td><span class='test-status pass'>pass</span></td>
									</tr>
									<tr>
										<td>Jun 28, 2022 10:19:54 AM</td>
										<td class='linked' test-id='43'>TC1262_startTestConfiguration</td>
										<td><span class='test-status pass'>pass</span></td>
									</tr>
									<tr>
										<td>Jun 28, 2022 10:19:58 AM</td>
										<td class='linked' test-id='44'>TC1263_resultsTestConfiguration</td>
										<td><span class='test-status pass'>pass</span></td>
									</tr>
									<tr>
										<td>Jun 28, 2022 10:21:01 AM</td>
										<td class='linked' test-id='45'>TC1264_cancelTestConfiguration</td>
										<td><span class='test-status pass'>pass</span></td>
									</tr>
									<tr>
										<td>Jun 28, 2022 10:21:35 AM</td>
										<td class='linked' test-id='46'>TC1265_restartTestConfiguration</td>
										<td><span class='test-status pass'>pass</span></td>
									</tr>
									<tr>
										<td>Jun 28, 2022 10:25:54 AM</td>
										<td class='linked' test-id='47'>TC1266_afterClickBackButton</td>
										<td><span class='test-status pass'>pass</span></td>
									</tr>
									<tr>
										<td>Jun 28, 2022 10:26:05 AM</td>
										<td class='linked' test-id='48'>TC1270_selfRegistrationEnabledDomainAllowed_guestBelongToSameCompany</td>
										<td><span class='test-status pass'>pass</span></td>
									</tr>
									<tr>
										<td>Jun 28, 2022 10:28:28 AM</td>
										<td class='linked' test-id='49'>TC1271_selfRegistrationDisabledDomainAllowed_guestBelongToSameCompany</td>
										<td><span class='test-status pass'>pass</span></td>
									</tr>
									<tr>
										<td>Jun 28, 2022 10:29:30 AM</td>
										<td class='linked' test-id='50'>TC1272_selfRegistrationDisabledDomainAllowed_guestNotSameDomain</td>
										<td><span class='test-status pass'>pass</span></td>
									</tr>
									<tr>
										<td>Jun 28, 2022 10:31:41 AM</td>
										<td class='linked' test-id='51'>TC1273_selfRegistrationDisabledDomainAllowed_guestNotSameDomain</td>
										<td><span class='test-status fail'>fail</span></td>
									</tr>
								</tbody>
							</table>
						</div>
					</div>
				</li>
			</ul>
		</div>
	</div>
	<div class='subview-right left'>
		<div class='view-summary'>
			<h5 class='category-name'></h5>
		</div>
	</div>
</div>
<!-- category view --><div id='exception-view' class='view hide'>
	<section id='controls'>
		<div class='controls grey lighten-4'>
			<!-- search -->
			<div class='chip transparent' alt='Search Tests' title='Search Tests'>
				<a href="#" class='search-div'>
				<i class='material-icons'>search</i> Search
				</a>
				<div class='input-field left hide'>
					<input id='search-tests' type='text' class='validate browser-default' placeholder='Search Tests...'>
				</div>
			</div>
			<!-- search -->
		</div>
	</section>
	<div class='subview-left left'>
		<div class='view-summary'>
			<ul id='exception-collection' class='exception-collection'>
				<li class='exception displayed active'>
					<div class='exception-heading'>
						<span class='exception-name'>java.lang.AssertionError</span>
						<span class='exception-count right'><span class='label red lighten-1 white-text'>3</span></span>
					</div>
					<div class='exception-content hide'>
						<div class='exception-tests'>
							<table class='bordered table-results'>
								<thead>
									<tr>
										<th>Timestamp</th>
										<th>TestName</th>
										<th>Status</th>
									</tr>
								</thead>
								<tbody>
									<tr>
										<td>Jun 28, 2022 10:12:16 AM</td>
										<td class='linked' test-id='8'>TC1213_joinConference</td>
										<td>
											<textarea disabled class="code-block">java.lang.AssertionError: 
Expecting:
 <false>
to be equal to:
 <true>
but was not.
	at net.cloudservices.operations.qa.Tests.WebClients.TS_Guests.TC1213_joinConference(TS_Guests.java:405)
	at sun.reflect.NativeMethodAccessorImpl.invoke0(Native Method)
	at sun.reflect.NativeMethodAccessorImpl.invoke(NativeMethodAccessorImpl.java:62)
	at sun.reflect.DelegatingMethodAccessorImpl.invoke(DelegatingMethodAccessorImpl.java:43)
	at java.lang.reflect.Method.invoke(Method.java:498)
	at org.testng.internal.MethodInvocationHelper.invokeMethod(MethodInvocationHelper.java:133)
	at org.testng.internal.TestInvoker.invokeMethod(TestInvoker.java:598)
	at org.testng.internal.TestInvoker.invokeTestMethod(TestInvoker.java:173)
	at org.testng.internal.MethodRunner.runInSequence(MethodRunner.java:46)
	at org.testng.internal.TestInvoker$MethodInvocationAgent.invoke(TestInvoker.java:824)
	at org.testng.internal.TestInvoker.invokeTestMethods(TestInvoker.java:146)
	at org.testng.internal.TestMethodWorker.invokeTestMethods(TestMethodWorker.java:146)
	at org.testng.internal.TestMethodWorker.run(TestMethodWorker.java:128)
	at java.util.ArrayList.forEach(ArrayList.java:1259)
	at org.testng.TestRunner.privateRun(TestRunner.java:794)
	at org.testng.TestRunner.run(TestRunner.java:596)
	at org.testng.SuiteRunner.runTest(SuiteRunner.java:377)
	at org.testng.SuiteRunner.runSequentially(SuiteRunner.java:371)
	at org.testng.SuiteRunner.privateRun(SuiteRunner.java:332)
	at org.testng.SuiteRunner.run(SuiteRunner.java:276)
	at org.testng.SuiteRunnerWorker.runSuite(SuiteRunnerWorker.java:53)
	at org.testng.SuiteRunnerWorker.run(SuiteRunnerWorker.java:96)
	at org.testng.TestNG.runSuitesSequentially(TestNG.java:1212)
	at org.testng.TestNG.runSuitesLocally(TestNG.java:1134)
	at org.testng.TestNG.runSuites(TestNG.java:1063)
	at org.testng.TestNG.run(TestNG.java:1031)
	at org.apache.maven.surefire.testng.TestNGExecutor.run(TestNGExecutor.java:73)
	at org.apache.maven.surefire.testng.TestNGXmlTestSuite.execute(TestNGXmlTestSuite.java:94)
	at org.apache.maven.surefire.Surefire.run(Surefire.java:169)
	at sun.reflect.NativeMethodAccessorImpl.invoke0(Native Method)
	at sun.reflect.NativeMethodAccessorImpl.invoke(NativeMethodAccessorImpl.java:62)
	at sun.reflect.DelegatingMethodAccessorImpl.invoke(DelegatingMethodAccessorImpl.java:43)
	at java.lang.reflect.Method.invoke(Method.java:498)
	at org.apache.maven.surefire.booter.SurefireBooter.runSuitesInProcess(SurefireBooter.java:350)
	at org.apache.maven.surefire.booter.SurefireBooter.main(SurefireBooter.java:1021)
</textarea>
										</td>
									</tr>
									<tr>
										<td>Jun 28, 2022 10:12:55 AM</td>
										<td class='linked' test-id='33'>TC1230_useYourBrowser</td>
										<td>
											<textarea disabled class="code-block">java.lang.AssertionError: 
Expecting:
 <false>
to be equal to:
 <true>
but was not.
	at net.cloudservices.operations.qa.Tests.WebClients.TS_Guests.TC1230_useYourBrowser(TS_Guests.java:731)
	at sun.reflect.NativeMethodAccessorImpl.invoke0(Native Method)
	at sun.reflect.NativeMethodAccessorImpl.invoke(NativeMethodAccessorImpl.java:62)
	at sun.reflect.DelegatingMethodAccessorImpl.invoke(DelegatingMethodAccessorImpl.java:43)
	at java.lang.reflect.Method.invoke(Method.java:498)
	at org.testng.internal.MethodInvocationHelper.invokeMethod(MethodInvocationHelper.java:133)
	at org.testng.internal.TestInvoker.invokeMethod(TestInvoker.java:598)
	at org.testng.internal.TestInvoker.invokeTestMethod(TestInvoker.java:173)
	at org.testng.internal.MethodRunner.runInSequence(MethodRunner.java:46)
	at org.testng.internal.TestInvoker$MethodInvocationAgent.invoke(TestInvoker.java:824)
	at org.testng.internal.TestInvoker.invokeTestMethods(TestInvoker.java:146)
	at org.testng.internal.TestMethodWorker.invokeTestMethods(TestMethodWorker.java:146)
	at org.testng.internal.TestMethodWorker.run(TestMethodWorker.java:128)
	at java.util.ArrayList.forEach(ArrayList.java:1259)
	at org.testng.TestRunner.privateRun(TestRunner.java:794)
	at org.testng.TestRunner.run(TestRunner.java:596)
	at org.testng.SuiteRunner.runTest(SuiteRunner.java:377)
	at org.testng.SuiteRunner.runSequentially(SuiteRunner.java:371)
	at org.testng.SuiteRunner.privateRun(SuiteRunner.java:332)
	at org.testng.SuiteRunner.run(SuiteRunner.java:276)
	at org.testng.SuiteRunnerWorker.runSuite(SuiteRunnerWorker.java:53)
	at org.testng.SuiteRunnerWorker.run(SuiteRunnerWorker.java:96)
	at org.testng.TestNG.runSuitesSequentially(TestNG.java:1212)
	at org.testng.TestNG.runSuitesLocally(TestNG.java:1134)
	at org.testng.TestNG.runSuites(TestNG.java:1063)
	at org.testng.TestNG.run(TestNG.java:1031)
	at org.apache.maven.surefire.testng.TestNGExecutor.run(TestNGExecutor.java:73)
	at org.apache.maven.surefire.testng.TestNGXmlTestSuite.execute(TestNGXmlTestSuite.java:94)
	at org.apache.maven.surefire.Surefire.run(Surefire.java:169)
	at sun.reflect.NativeMethodAccessorImpl.invoke0(Native Method)
	at sun.reflect.NativeMethodAccessorImpl.invoke(NativeMethodAccessorImpl.java:62)
	at sun.reflect.DelegatingMethodAccessorImpl.invoke(DelegatingMethodAccessorImpl.java:43)
	at java.lang.reflect.Method.invoke(Method.java:498)
	at org.apache.maven.surefire.booter.SurefireBooter.runSuitesInProcess(SurefireBooter.java:350)
	at org.apache.maven.surefire.booter.SurefireBooter.main(SurefireBooter.java:1021)
</textarea>
										</td>
									</tr>
									<tr>
										<td>Jun 28, 2022 10:14:24 AM</td>
										<td class='linked' test-id='34'>TC1231_guestAndConnectWithActiveAccount</td>
										<td>
											<textarea disabled class="code-block">java.lang.AssertionError: 
Expecting:
 <false>
to be equal to:
 <true>
but was not.
	at net.cloudservices.operations.qa.Tests.WebClients.TS_Guests.TC1231_guestAndConnectWithActiveAccount(TS_Guests.java:773)
	at sun.reflect.NativeMethodAccessorImpl.invoke0(Native Method)
	at sun.reflect.NativeMethodAccessorImpl.invoke(NativeMethodAccessorImpl.java:62)
	at sun.reflect.DelegatingMethodAccessorImpl.invoke(DelegatingMethodAccessorImpl.java:43)
	at java.lang.reflect.Method.invoke(Method.java:498)
	at org.testng.internal.MethodInvocationHelper.invokeMethod(MethodInvocationHelper.java:133)
	at org.testng.internal.TestInvoker.invokeMethod(TestInvoker.java:598)
	at org.testng.internal.TestInvoker.invokeTestMethod(TestInvoker.java:173)
	at org.testng.internal.MethodRunner.runInSequence(MethodRunner.java:46)
	at org.testng.internal.TestInvoker$MethodInvocationAgent.invoke(TestInvoker.java:824)
	at org.testng.internal.TestInvoker.invokeTestMethods(TestInvoker.java:146)
	at org.testng.internal.TestMethodWorker.invokeTestMethods(TestMethodWorker.java:146)
	at org.testng.internal.TestMethodWorker.run(TestMethodWorker.java:128)
	at java.util.ArrayList.forEach(ArrayList.java:1259)
	at org.testng.TestRunner.privateRun(TestRunner.java:794)
	at org.testng.TestRunner.run(TestRunner.java:596)
	at org.testng.SuiteRunner.runTest(SuiteRunner.java:377)
	at org.testng.SuiteRunner.runSequentially(SuiteRunner.java:371)
	at org.testng.SuiteRunner.privateRun(SuiteRunner.java:332)
	at org.testng.SuiteRunner.run(SuiteRunner.java:276)
	at org.testng.SuiteRunnerWorker.runSuite(SuiteRunnerWorker.java:53)
	at org.testng.SuiteRunnerWorker.run(SuiteRunnerWorker.java:96)
	at org.testng.TestNG.runSuitesSequentially(TestNG.java:1212)
	at org.testng.TestNG.runSuitesLocally(TestNG.java:1134)
	at org.testng.TestNG.runSuites(TestNG.java:1063)
	at org.testng.TestNG.run(TestNG.java:1031)
	at org.apache.maven.surefire.testng.TestNGExecutor.run(TestNGExecutor.java:73)
	at org.apache.maven.surefire.testng.TestNGXmlTestSuite.execute(TestNGXmlTestSuite.java:94)
	at org.apache.maven.surefire.Surefire.run(Surefire.java:169)
	at sun.reflect.NativeMethodAccessorImpl.invoke0(Native Method)
	at sun.reflect.NativeMethodAccessorImpl.invoke(NativeMethodAccessorImpl.java:62)
	at sun.reflect.DelegatingMethodAccessorImpl.invoke(DelegatingMethodAccessorImpl.java:43)
	at java.lang.reflect.Method.invoke(Method.java:498)
	at org.apache.maven.surefire.booter.SurefireBooter.runSuitesInProcess(SurefireBooter.java:350)
	at org.apache.maven.surefire.booter.SurefireBooter.main(SurefireBooter.java:1021)
</textarea>
										</td>
									</tr>
								</tbody>
							</table>
						</div>
					</div>
				</li>
				<li class='exception displayed active'>
					<div class='exception-heading'>
						<span class='exception-name'>org.openqa.selenium.NoSuchElementException</span>
						<span class='exception-count right'><span class='label red lighten-1 white-text'>1</span></span>
					</div>
					<div class='exception-content hide'>
						<div class='exception-tests'>
							<table class='bordered table-results'>
								<thead>
									<tr>
										<th>Timestamp</th>
										<th>TestName</th>
										<th>Status</th>
									</tr>
								</thead>
								<tbody>
									<tr>
										<td>Jun 28, 2022 10:31:41 AM</td>
										<td class='linked' test-id='51'>TC1273_selfRegistrationDisabledDomainAllowed_guestNotSameDomain</td>
										<td>
											<textarea disabled class="code-block">org.openqa.selenium.NoSuchElementException: Element not found during click action
For documentation on this error, please visit: https://www.seleniumhq.org/exceptions/no_such_element.html
Build info: version: '3.141.59', revision: 'e82be7d358', time: '2018-11-14T08:17:03'
System info: host: 'LPF2LTVCZ', ip: '192.168.0.142', os.name: 'Windows 11', os.arch: 'amd64', os.version: '10.0', java.version: '1.8.0_333'
Driver info: driver.version: unknown
	at net.cloudservices.operations.qa.IntegrationTests.objects.WebClients.RainbowWebElement.click(RainbowWebElement.java:134)
	at net.cloudservices.operations.qa.IntegrationTests.Clients.actors.WebClients.ActorSFU.lambda$_020_collapseDetailsConference$24(ActorSFU.java:174)
	at net.cloudservices.operations.qa.IntegrationTests.general.ActorOrChecker.wrap(ActorOrChecker.java:79)
	at net.cloudservices.operations.qa.IntegrationTests.Clients.actors.WebClients.ActorSFU._020_collapseDetailsConference(ActorSFU.java:172)
	at net.cloudservices.operations.qa.IntegrationTests.Clients.Utils.WebClients.UtilsGuests.createGuestLastStepForInviter(UtilsGuests.java:74)
	at net.cloudservices.operations.qa.Tests.WebClients.TS_Guests.TC1273_selfRegistrationDisabledDomainAllowed_guestNotSameDomain(TS_Guests.java:1275)
	at sun.reflect.NativeMethodAccessorImpl.invoke0(Native Method)
	at sun.reflect.NativeMethodAccessorImpl.invoke(NativeMethodAccessorImpl.java:62)
	at sun.reflect.DelegatingMethodAccessorImpl.invoke(DelegatingMethodAccessorImpl.java:43)
	at java.lang.reflect.Method.invoke(Method.java:498)
	at org.testng.internal.MethodInvocationHelper.invokeMethod(MethodInvocationHelper.java:133)
	at org.testng.internal.TestInvoker.invokeMethod(TestInvoker.java:598)
	at org.testng.internal.TestInvoker.invokeTestMethod(TestInvoker.java:173)
	at org.testng.internal.MethodRunner.runInSequence(MethodRunner.java:46)
	at org.testng.internal.TestInvoker$MethodInvocationAgent.invoke(TestInvoker.java:824)
	at org.testng.internal.TestInvoker.invokeTestMethods(TestInvoker.java:146)
	at org.testng.internal.TestMethodWorker.invokeTestMethods(TestMethodWorker.java:146)
	at org.testng.internal.TestMethodWorker.run(TestMethodWorker.java:128)
	at java.util.ArrayList.forEach(ArrayList.java:1259)
	at org.testng.TestRunner.privateRun(TestRunner.java:794)
	at org.testng.TestRunner.run(TestRunner.java:596)
	at org.testng.SuiteRunner.runTest(SuiteRunner.java:377)
	at org.testng.SuiteRunner.runSequentially(SuiteRunner.java:371)
	at org.testng.SuiteRunner.privateRun(SuiteRunner.java:332)
	at org.testng.SuiteRunner.run(SuiteRunner.java:276)
	at org.testng.SuiteRunnerWorker.runSuite(SuiteRunnerWorker.java:53)
	at org.testng.SuiteRunnerWorker.run(SuiteRunnerWorker.java:96)
	at org.testng.TestNG.runSuitesSequentially(TestNG.java:1212)
	at org.testng.TestNG.runSuitesLocally(TestNG.java:1134)
	at org.testng.TestNG.runSuites(TestNG.java:1063)
	at org.testng.TestNG.run(TestNG.java:1031)
	at org.apache.maven.surefire.testng.TestNGExecutor.run(TestNGExecutor.java:73)
	at org.apache.maven.surefire.testng.TestNGXmlTestSuite.execute(TestNGXmlTestSuite.java:94)
	at org.apache.maven.surefire.Surefire.run(Surefire.java:169)
	at sun.reflect.NativeMethodAccessorImpl.invoke0(Native Method)
	at sun.reflect.NativeMethodAccessorImpl.invoke(NativeMethodAccessorImpl.java:62)
	at sun.reflect.DelegatingMethodAccessorImpl.invoke(DelegatingMethodAccessorImpl.java:43)
	at java.lang.reflect.Method.invoke(Method.java:498)
	at org.apache.maven.surefire.booter.SurefireBooter.runSuitesInProcess(SurefireBooter.java:350)
	at org.apache.maven.surefire.booter.SurefireBooter.main(SurefireBooter.java:1021)
</textarea>
										</td>
									</tr>
								</tbody>
							</table>
						</div>
					</div>
				</li>
			</ul>
		</div>
	</div>
	<div class='subview-right left'>
		<div class='view-summary'>
			<h5 class='exception-name'></h5>
		</div>
	</div>
</div>
<!-- exception view --><div id='dashboard-view' class='view hide'>
	<div class='card-panel transparent np-v'>
		<h5>Dashboard</h5>

		<div class='row'>
			<div class='col s2'>
				<div class='card-panel r'>
					Tests
					<div class='panel-lead'>51</div>
				</div>
			</div>
			<div class='col s2'>
				<div class='card-panel r'>
					Steps
					<div class='panel-lead'>0</div>
				</div>
			</div>
			<div class='col s2'>
				<div class='card-panel r'>
					Start
					<div class='panel-lead'>Jun 28, 2022 10:09:24 AM</div>
				</div>
			</div>
			<div class='col s2'>
				<div class='card-panel r'>
			 		End
			 		<div class='panel-lead'>Jun 28, 2022 10:33:35 AM</div>
				</div>
			</div>
			<div class='col s2'>
				<div class='card-panel r'>
					Time Taken
					<div class='panel-lead'>0h 24m 10s+477ms</div>
				</div>
			</div>
			<div class='col s4'>
				<div class='card-panel dashboard-environment'>
					<span class='right label cyan white-text'>Environment</span><p>&nbsp;</p>
					
					<table>
						<tr>
							<th>Name</th>
							<th>Value</th>
						</tr>
							<tr>
								<td>Environment: </td>
								<td>.NET</td>
							</tr>
							<tr>
								<td>Machine: </td>
								<td>Automated Tests Development Desk</td>
							</tr>
							<tr>
								<td>Build (client num. 0)</td>
								<td>2.106.6</td>
							</tr>
							<tr>
								<td>Client type (client num. 0)</td>
								<td>Chrome</td>
							</tr>
							<tr>
								<td>Build (client num. 1)</td>
								<td>2.106.6</td>
							</tr>
							<tr>
								<td>Client type (client num. 1)</td>
								<td>Chrome</td>
							</tr>
					</table>
				</div>
			</div>
			<div class='col s6'>
				<div class='card-panel dashboard-categories'>
					<span class='right label cyan white-text'>Categories</span><p>&nbsp;</p>
					
					<table>
						<tr>
							<th>Name</th>
							<th>Passed</th>
							<th>Failed</th>
							<th>Others</th>
							<th>Passed %</th>
						</tr>
						<tr>
							<td>GUESTS</td>
							<td>35</td>
							<td>4</td>
							<td>0</td>
							<td>
									68.627%
							</td>
						</tr>
					</table>
				</div>
			</div>
		</div>
	</div>
</div>
<!-- dashboard view -->
<!-- testrunner-logs view -->		</div>
		<!-- container -->
		<script>
			var statusGroup = {
                parentCount: 51,
				passParent: 35,
				failParent: 4,
				fatalParent: 0,
				errorParent: 0,
				warningParent: 0,
				skipParent: 12,
				exceptionsParent: 16,
				childCount: 0,
				passChild: 0,
				failChild: 0,
				fatalChild: 0,
				errorChild: 0,
				warningChild: 0,
				skipChild: 0,
				infoChild: 0,
				debugChild: 0,
				exceptionsChild: 0,
				grandChildCount: 0,
				passGrandChild: 0,
				failGrandChild: 0,
				fatalGrandChild: 0,
				errorGrandChild: 0,
				warningGrandChild: 0,
				skipGrandChild: 0,
				infoGrandChild: 0,
				debugGrandChild: 0,
				exceptionsGrandChild: 0,
			};
		</script>
		<script>
			var timeline = {
			        "TC1200_createBubbleWithInvalidEmailGuest":31.094,"TC1201_createBubbleWithGuest":12.779,"TC1202_checkLinkEmailInviteGuest":6.569,"TC1203_enterGuestFirstnameAndLastname":23.078,"TC1204_disableVideo":10.731,"TC1205_disableMicro":10.722,"TC1206_clickChoiceWebcam":2.68,"TC1213_joinConference":30.33,"TC1214_guestSendsMessage":0,"TC1214_guestSendsMessage":0,"TC1215_startConference":0,"TC1215_startConference":0,"TC1216_joinRainbowForGuestFinalizeLater":0,"TC1216_joinRainbowForGuestFinalizeLater":0.001,"TC1217_joinRainbowForGuestFinalizeForPassword":0,"TC1217_joinRainbowForGuestFinalizeForPassword":0,"TC1218_joinRainbowForGuestFinalizeForPassword":0,"TC1218_joinRainbowForGuestFinalizeForPassword":0,"TC1219_enterCodeAndPassword":0,"TC1219_enterCodeAndPassword":0,"TC1220_validateFirstnameAndLastname":0,"TC1220_validateFirstnameAndLastname":0,"TC1221_activateCamera":0,"TC1221_activateCamera":0,"TC1222_closePhotoByCamera":0,"TC1222_closePhotoByCamera":0,"TC1223_takePhotoByCamera":0,"TC1223_takePhotoByCamera":0,"TC1224_usePhotoAsAvatar":0,"TC1224_usePhotoAsAvatar":0,"TC1225_completeGuestAccountCreation":0,"TC1225_completeGuestAccountCreation":0,"TC1230_useYourBrowser":83.373,"TC1231_guestAndConnectWithActiveAccount":75.037,"TC1232_guestUserCannotLogin":40.741,"TC1233_guestUserUseDesktopApp":35.07,"TC1234_guestUserBackToInviteForm":8.042,"TC1251_joinRainbowForGuestFinalizeNoThanks":77.318,"TC1252_joinRainbowForGuestFinalizeNoThanksNotConfirmed":2.949,"TC1253_joinRainbowForGuestFinalizeNoThanksConfirmed":11.681,"TC1260_guestConfigurationTestPage":56.432,"TC1261_configurationTestClickBackButton":2.496,"TC1262_startTestConfiguration":3.43,"TC1263_resultsTestConfiguration":63.309,"TC1264_cancelTestConfiguration":33.761,"TC1265_restartTestConfiguration":259.304,"TC1266_afterClickBackButton":5.807,"TC1270_selfRegistrationEnabledDomainAllowed_guestBelongToSameCompany":136.905,"TC1271_selfRegistrationDisabledDomainAllowed_guestBelongToSameCompany":57.069,"TC1272_selfRegistrationDisabledDomainAllowed_guestNotSameDomain":124.729,"TC1273_selfRegistrationDisabledDomainAllowed_guestNotSameDomain":113.838
			};
		</script>
		<script src='https://cdn.rawgit.com/extent-framework/extent-github-cdn/b65cd69/v3html/js/extent.js' type='text/javascript'></script>
		<script type='text/javascript'>
		</script>
	</body>
</html>