

<!DOCTYPE html>
<html>
<head>
	<meta charset='utf-8' /> 
	<meta name='description' content='' />
	<meta name='robots' content='noodp, noydir' />
	<meta name='viewport' content='width=device-width, initial-scale=1' />
	<meta id="timeStampFormat" name="timeStampFormat" content='MMM d, yyyy hh:mm:ss a'/>
	
	<link href='https://fonts.googleapis.com/css?family=Source+Sans+Pro:400,600' rel='stylesheet' type='text/css' />
	<link href="https://fonts.googleapis.com/icon?family=Material+Icons" rel="stylesheet" />
	<link href='https://cdn.rawgit.com/extent-framework/extent-github-cdn/b65cd69/v3html/css/extent.css' type='text/css' rel='stylesheet' />
	
	<title>RB AT by Selenium report</title>

	<style type='text/css'>
		/* json-tree */
		.jstBracket,.jstComma,.jstValue{white-space:pre-wrap}.jstValue{font-size:10px;font-weight:400;font-family:"Lucida Console",Monaco,monospace}.jstProperty{color:#666;word-wrap:break-word}.jstBool{color:#2525CC}.jstNum{color:#D036D0}.jstNull{color:gray}.jstStr{color:#2DB669}.jstFold:after{content:' -';cursor:pointer}.jstExpand{white-space:normal}.jstExpand:after{content:' +';cursor:pointer}.jstFolded{white-space:normal!important}.jstHiddenBlock{display:none}
	</style>
	
	<script type="text/javascript">
		/*! json-tree - v0.2.2 - 2017-09-25, MIT LICENSE */
		var JSONTree=function(){var n={"&":"&amp;","<":"&lt;",">":"&gt;",'"':"&quot;","'":"&#x27;","/":"&#x2F;"},t=0,r=0;this.create=function(n,t){return r+=1,N(u(n,0,!1),{class:"jstValue"})};var e=function(t){return t.replace(/[&<>'"]/g,function(t){return n[t]})},s=function(){return r+"_"+t++},u=function(n,t,r){if(null===n)return f(r?t:0);switch(typeof n){case"boolean":return l(n,r?t:0);case"number":return i(n,r?t:0);case"string":return o(n,r?t:0);default:return n instanceof Array?a(n,t,r):c(n,t,r)}},c=function(n,t,r){var e=s(),u=Object.keys(n).map(function(r){return j(r,n[r],t+1,!0)}).join(m()),c=[g("{",r?t:0,e),N(u,{id:e}),p("}",t)].join("\n");return N(c,{})},a=function(n,t,r){var e=s(),c=n.map(function(n){return u(n,t+1,!0)}).join(m());return[g("[",r?t:0,e),N(c,{id:e}),p("]",t)].join("\n")},o=function(n,t){var r=e(JSON.stringify(n));return N(v(r,t),{class:"jstStr"})},i=function(n,t){return N(v(n,t),{class:"jstNum"})},l=function(n,t){return N(v(n,t),{class:"jstBool"})},f=function(n){return N(v("null",n),{class:"jstNull"})},j=function(n,t,r){var s=v(e(JSON.stringify(n))+": ",r),c=N(u(t,r,!1),{});return N(s+c,{class:"jstProperty"})},m=function(){return N(",\n",{class:"jstComma"})},N=function(n,t){return d("span",t,n)},d=function(n,t,r){return"<"+n+Object.keys(t).map(function(n){return" "+n+'="'+t[n]+'"'}).join("")+">"+r+"</"+n+">"},g=function(n,t,r){return N(v(n,t),{class:"jstBracket"})+N("",{class:"jstFold",onclick:"JSONTree.toggle('"+r+"')"})};this.toggle=function(n){var t=document.getElementById(n),r=t.parentNode,e=t.previousElementSibling;""===t.className?(t.className="jstHiddenBlock",r.className="jstFolded",e.className="jstExpand"):(t.className="",r.className="",e.className="jstFold")};var p=function(n,t){return N(v(n,t),{})},v=function(n,t){return Array(2*t+1).join(" ")+n};return this}();
	</script>
</head>
	<body class='extent standard default hide-overflow '>
		<div id='theme-selector' alt='Click to toggle theme. To enable by default, use theme configuration.' title='Click to toggle theme. To enable by default, use theme configuration.'>
			<span><i class='material-icons'>desktop_windows</i></span>
		</div>
<nav>
	<div class="nav-wrapper">
		<a href="#!" class="brand-logo black"><img src="https://cdn.rawgit.com/extent-framework/extent-github-cdn/d74480e/commons/img/logo.png"></a>
		<!-- slideout menu -->
		<ul id='slide-out' class='side-nav fixed hide-on-med-and-down'>
			<li class='waves-effect active'><a href='#!' view='test-view' onclick="configureView(0);chartsView('test');"><i class='material-icons'>dashboard</i></a></li>
						<li class='waves-effect'><a href='#!' view='category-view' onclick="configureView(1)"><i class='material-icons'>label_outline</i></a></li>
			<li class='waves-effect'><a href='#!' view='exception-view' onclick="configureView(2)"><i class='material-icons'>bug_report</i></a></li>
			<li class='waves-effect'><a href='#!' onclick="configureView(-1);chartsView('dashboard');" view='dashboard-view'><i class='material-icons'>track_changes</i></a></li>
		</ul>
		<!-- report name -->
		<span class='report-name'>Rainbow Automated Tests by Selenium Report - 2022.06.28</span>
		<!-- report headline -->
		<span class='report-headline'></span>
		<!-- nav-right -->
		<ul id='nav-mobile' class='right hide-on-med-and-down nav-right'>
			<a href='#!'>
			<span class='label blue darken-3 suite-start-time'>Jun 28, 2022 10:48:36 AM</span>
			</a>
		</ul>
	</div>
</nav>		<!-- container -->
		<div class='container'>
<div id='test-view' class='view'>
	<section id='controls'>
		<div class='controls grey lighten-4'>
			<!-- test toggle -->
			<div class='chip transparent'>
				<a class='dropdown-button tests-toggle' data-activates='tests-toggle' data-constrainwidth='true' data-beloworigin='true' data-hover='true' href='#'>
				<i class='material-icons'>warning</i> Status
				</a>
				<ul id='tests-toggle' class='dropdown-content'>
										<li status='pass'><a href='#!'>Pass <i class='material-icons green-text'>check_circle</i></a></li>
					<li status='fail'><a href='#!'>Fail <i class='material-icons red-text'>cancel</i></a></li>
					<li status='skip'><a href='#!'>Skip <i class='material-icons cyan-text'>redo</i></a></li>
					<li class='divider'></li>
					<li status='clear' clear='true'><a href='#!'>Clear Filters <i class='material-icons'>clear</i></a></li>
				</ul>
			</div>
			<!-- test toggle -->
			<!-- category toggle -->
			<div class='chip transparent'>
				<a class='dropdown-button category-toggle' data-activates='category-toggle' data-constrainwidth='false' data-beloworigin='true' data-hover='true' href='#'>
				<i class='material-icons'>local_offer</i> Category
				</a>
				<ul id='category-toggle' class='dropdown-content'>
					<li><a href='#'>CHANNELS</a></li>
					<li class='divider'></li>
					<li class='clear'><a href='#!' clear='true'>Clear Filters</a></li>
				</ul>
			</div>
			<!-- category toggle -->
			<!-- clear filters -->
			<div class='chip transparent hide'>
				<a class='' id='clear-filters' alt='Clear Filters' title='Clear Filters'>
				<i class='material-icons'>close</i> Clear
				</a>
			</div>
			<!-- clear filters -->
			<!-- enable dashboard -->
			<div id='toggle-test-view-charts' class='chip transparent'>
				<a class='pink-text' id='enable-dashboard' alt='Enable Dashboard' title='Enable Dashboard'>
				<i class='material-icons'>track_changes</i> Dashboard
				</a>
			</div>
			<!-- enable dashboard -->
			<!-- search -->
			<div class='chip transparent' alt='Search Tests' title='Search Tests'>
				<a href="#" class='search-div'>
				<i class='material-icons'>search</i> Search
				</a>
				<div class='input-field left hide'>
					<input id='search-tests' type='text' class='validate browser-default' placeholder='Search Tests...'>
				</div>
			</div>
			<!-- search -->
		</div>
	</section>
<div id='test-view-charts' class='subview-full'>
    <div id='charts-row' class='row nm-v nm-h'>
        <div class='col s12 m12 l12 np-h'>
            <div class='card-panel nm-v'>
                <div class='left panel-name'>Tests</div>
                <div class='chart-box' style="max-height:94px;">
                    <canvas id='parent-analysis' width='90' height='70'></canvas>
                </div>
                <div class='block text-small'>
                    <span class='tooltipped' data-position='top' data-tooltip='72.464%'><span class='strong'>50</span> test(s) passed</span>
                </div>
                <div class='block text-small'>
                    <span class='strong tooltipped' data-position='top' data-tooltip='7.246%'>5</span> test(s) failed, <span class='strong tooltipped' data-position='top' data-tooltip='0%'>14</span> others
                </div>
            </div>
        </div>
    </div>
    <div id="timeline-chart" class="row nm-v nm-h">
        <div class="col s12 m12 l12 np-h">
            <div class="card-panel">
                <div class='left panel-name'>Timeline (seconds)</div>
                <div class="chart-box" style="width:98%;max-height:145px;">
                    <canvas id="timeline" height="120"></canvas>
                </div>
            </div>
        </div>
    </div>
</div>	<div class='subview-left left'>
		<div class='view-summary'>
			<ul id='test-collection' class='test-collection'>
				<li class='test displayed active  pass' status='pass' bdd='false' test-id='1'>
					<div class='test-heading'>
						<span class='test-name'>TC1600_checkChannelsPage</span>
						<span class='test-time'>Jun 28, 2022 10:50:21 AM</span>
						<span class='test-status right pass'>pass</span>
					</div>
					<div class='test-content hide'>
<div class='test-time-info'>
	<span class='label start-time'>Jun 28, 2022 10:50:21 AM</span>
	<span class='label end-time'>Jun 28, 2022 10:50:27 AM</span>
	<span class='label time-taken grey lighten-1 white-text'>0h 0m 5s+311ms</span>
</div>
<div class='test-attributes'>
	<div class='category-list'>
		<span class='category label'>CHANNELS</span>
	</div>
</div>
<div class='test-steps'>
	<table class='bordered table-results'>
		<thead>
			<tr>
				<th>Status</th>
				<th>Timestamp</th>
				<th>Details</th>
			</tr>
		</thead>
		<tbody>
			<tr class='log' status='info'>
				<td class='status info' title='info' alt='info'><i class='material-icons'>info_outline</i></td>
				<td class='timestamp'>10:50:21 AM</td>
				<td class='step-details'>
						<font style='color:#013ADF;'><b>Test purpose: Go in the channels page and check its content</b></font>
					
				</td>
			</tr>
			<tr class='log' status='pass'>
				<td class='status pass' title='pass' alt='pass'><i class='material-icons'>check_circle</i></td>
				<td class='timestamp'>10:50:27 AM</td>
				<td class='step-details'>
						TC1600_checkChannelsPage
					
				</td>
			</tr>
		</tbody>
	</table>
</div>
					</div>
				</li>
				<li class='test displayed active  pass' status='pass' bdd='false' test-id='2'>
					<div class='test-heading'>
						<span class='test-name'>TC1601_checkCreateChannelWindow</span>
						<span class='test-time'>Jun 28, 2022 10:50:27 AM</span>
						<span class='test-status right pass'>pass</span>
					</div>
					<div class='test-content hide'>
<div class='test-time-info'>
	<span class='label start-time'>Jun 28, 2022 10:50:27 AM</span>
	<span class='label end-time'>Jun 28, 2022 10:50:33 AM</span>
	<span class='label time-taken grey lighten-1 white-text'>0h 0m 5s+673ms</span>
</div>
<div class='test-attributes'>
	<div class='category-list'>
		<span class='category label'>CHANNELS</span>
	</div>
</div>
<div class='test-steps'>
	<table class='bordered table-results'>
		<thead>
			<tr>
				<th>Status</th>
				<th>Timestamp</th>
				<th>Details</th>
			</tr>
		</thead>
		<tbody>
			<tr class='log' status='info'>
				<td class='status info' title='info' alt='info'><i class='material-icons'>info_outline</i></td>
				<td class='timestamp'>10:50:27 AM</td>
				<td class='step-details'>
						<font style='color:#013ADF;'><b>Test purpose: Click the button to create a channel and check the window</b></font>
					
				</td>
			</tr>
			<tr class='log' status='pass'>
				<td class='status pass' title='pass' alt='pass'><i class='material-icons'>check_circle</i></td>
				<td class='timestamp'>10:50:33 AM</td>
				<td class='step-details'>
						TC1601_checkCreateChannelWindow
					
				</td>
			</tr>
		</tbody>
	</table>
</div>
					</div>
				</li>
				<li class='test displayed active  pass' status='pass' bdd='false' test-id='3'>
					<div class='test-heading'>
						<span class='test-name'>TC1602_checkCreateChannelVisibilityWindow</span>
						<span class='test-time'>Jun 28, 2022 10:50:33 AM</span>
						<span class='test-status right pass'>pass</span>
					</div>
					<div class='test-content hide'>
<div class='test-time-info'>
	<span class='label start-time'>Jun 28, 2022 10:50:33 AM</span>
	<span class='label end-time'>Jun 28, 2022 10:50:36 AM</span>
	<span class='label time-taken grey lighten-1 white-text'>0h 0m 2s+786ms</span>
</div>
<div class='test-attributes'>
	<div class='category-list'>
		<span class='category label'>CHANNELS</span>
	</div>
</div>
<div class='test-steps'>
	<table class='bordered table-results'>
		<thead>
			<tr>
				<th>Status</th>
				<th>Timestamp</th>
				<th>Details</th>
			</tr>
		</thead>
		<tbody>
			<tr class='log' status='info'>
				<td class='status info' title='info' alt='info'><i class='material-icons'>info_outline</i></td>
				<td class='timestamp'>10:50:33 AM</td>
				<td class='step-details'>
						<font style='color:#013ADF;'><b>Test purpose: Click the next button to access to the visibility for the new channel</b></font>
					
				</td>
			</tr>
			<tr class='log' status='pass'>
				<td class='status pass' title='pass' alt='pass'><i class='material-icons'>check_circle</i></td>
				<td class='timestamp'>10:50:36 AM</td>
				<td class='step-details'>
						TC1602_checkCreateChannelVisibilityWindow
					
				</td>
			</tr>
		</tbody>
	</table>
</div>
					</div>
				</li>
				<li class='test displayed active  pass' status='pass' bdd='false' test-id='4'>
					<div class='test-heading'>
						<span class='test-name'>TC1602bis_checkCreateChannelVisibilityWindowOpenVisibility</span>
						<span class='test-time'>Jun 28, 2022 10:50:36 AM</span>
						<span class='test-status right pass'>pass</span>
					</div>
					<div class='test-content hide'>
<div class='test-time-info'>
	<span class='label start-time'>Jun 28, 2022 10:50:36 AM</span>
	<span class='label end-time'>Jun 28, 2022 10:50:37 AM</span>
	<span class='label time-taken grey lighten-1 white-text'>0h 0m 1s+3ms</span>
</div>
<div class='test-attributes'>
	<div class='category-list'>
		<span class='category label'>CHANNELS</span>
	</div>
</div>
<div class='test-steps'>
	<table class='bordered table-results'>
		<thead>
			<tr>
				<th>Status</th>
				<th>Timestamp</th>
				<th>Details</th>
			</tr>
		</thead>
		<tbody>
			<tr class='log' status='info'>
				<td class='status info' title='info' alt='info'><i class='material-icons'>info_outline</i></td>
				<td class='timestamp'>10:50:36 AM</td>
				<td class='step-details'>
						<font style='color:#013ADF;'><b>Test purpose: Click to open the menu to choose Visibility of the channel</b></font>
					
				</td>
			</tr>
			<tr class='log' status='pass'>
				<td class='status pass' title='pass' alt='pass'><i class='material-icons'>check_circle</i></td>
				<td class='timestamp'>10:50:37 AM</td>
				<td class='step-details'>
						TC1602bis_checkCreateChannelVisibilityWindowOpenVisibility
					
				</td>
			</tr>
		</tbody>
	</table>
</div>
					</div>
				</li>
				<li class='test displayed active  pass' status='pass' bdd='false' test-id='5'>
					<div class='test-heading'>
						<span class='test-name'>TC1602ter_checkCreateChannelVisibilityWindowChooseCompanyMembers</span>
						<span class='test-time'>Jun 28, 2022 10:50:37 AM</span>
						<span class='test-status right pass'>pass</span>
					</div>
					<div class='test-content hide'>
<div class='test-time-info'>
	<span class='label start-time'>Jun 28, 2022 10:50:37 AM</span>
	<span class='label end-time'>Jun 28, 2022 10:50:40 AM</span>
	<span class='label time-taken grey lighten-1 white-text'>0h 0m 2s+616ms</span>
</div>
<div class='test-attributes'>
	<div class='category-list'>
		<span class='category label'>CHANNELS</span>
	</div>
</div>
<div class='test-steps'>
	<table class='bordered table-results'>
		<thead>
			<tr>
				<th>Status</th>
				<th>Timestamp</th>
				<th>Details</th>
			</tr>
		</thead>
		<tbody>
			<tr class='log' status='info'>
				<td class='status info' title='info' alt='info'><i class='material-icons'>info_outline</i></td>
				<td class='timestamp'>10:50:37 AM</td>
				<td class='step-details'>
						<font style='color:#013ADF;'><b>Test purpose: Choose a visibility of company members only</b></font>
					
				</td>
			</tr>
			<tr class='log' status='pass'>
				<td class='status pass' title='pass' alt='pass'><i class='material-icons'>check_circle</i></td>
				<td class='timestamp'>10:50:40 AM</td>
				<td class='step-details'>
						TC1602ter_checkCreateChannelVisibilityWindowChooseCompanyMembers
					
				</td>
			</tr>
		</tbody>
	</table>
</div>
					</div>
				</li>
				<li class='test displayed active  pass' status='pass' bdd='false' test-id='6'>
					<div class='test-heading'>
						<span class='test-name'>TC1603_checkCreateChannelInviteUserWindow</span>
						<span class='test-time'>Jun 28, 2022 10:50:40 AM</span>
						<span class='test-status right pass'>pass</span>
					</div>
					<div class='test-content hide'>
<div class='test-time-info'>
	<span class='label start-time'>Jun 28, 2022 10:50:40 AM</span>
	<span class='label end-time'>Jun 28, 2022 10:50:42 AM</span>
	<span class='label time-taken grey lighten-1 white-text'>0h 0m 2s+633ms</span>
</div>
<div class='test-attributes'>
	<div class='category-list'>
		<span class='category label'>CHANNELS</span>
	</div>
</div>
<div class='test-steps'>
	<table class='bordered table-results'>
		<thead>
			<tr>
				<th>Status</th>
				<th>Timestamp</th>
				<th>Details</th>
			</tr>
		</thead>
		<tbody>
			<tr class='log' status='info'>
				<td class='status info' title='info' alt='info'><i class='material-icons'>info_outline</i></td>
				<td class='timestamp'>10:50:40 AM</td>
				<td class='step-details'>
						<font style='color:#013ADF;'><b>Test purpose: Click the next button to access to the Invite users window</b></font>
					
				</td>
			</tr>
			<tr class='log' status='pass'>
				<td class='status pass' title='pass' alt='pass'><i class='material-icons'>check_circle</i></td>
				<td class='timestamp'>10:50:42 AM</td>
				<td class='step-details'>
						TC1603_checkCreateChannelInviteUserWindow
					
				</td>
			</tr>
		</tbody>
	</table>
</div>
					</div>
				</li>
				<li class='test displayed active  pass' status='pass' bdd='false' test-id='7'>
					<div class='test-heading'>
						<span class='test-name'>TC1604_inviteMembersInvalid</span>
						<span class='test-time'>Jun 28, 2022 10:50:43 AM</span>
						<span class='test-status right pass'>pass</span>
					</div>
					<div class='test-content hide'>
<div class='test-time-info'>
	<span class='label start-time'>Jun 28, 2022 10:50:43 AM</span>
	<span class='label end-time'>Jun 28, 2022 10:50:48 AM</span>
	<span class='label time-taken grey lighten-1 white-text'>0h 0m 5s+858ms</span>
</div>
<div class='test-attributes'>
	<div class='category-list'>
		<span class='category label'>CHANNELS</span>
	</div>
</div>
<div class='test-steps'>
	<table class='bordered table-results'>
		<thead>
			<tr>
				<th>Status</th>
				<th>Timestamp</th>
				<th>Details</th>
			</tr>
		</thead>
		<tbody>
			<tr class='log' status='info'>
				<td class='status info' title='info' alt='info'><i class='material-icons'>info_outline</i></td>
				<td class='timestamp'>10:50:43 AM</td>
				<td class='step-details'>
						<font style='color:#013ADF;'><b>Test purpose: Enter the name of a user who does not exist</b></font>
					
				</td>
			</tr>
			<tr class='log' status='pass'>
				<td class='status pass' title='pass' alt='pass'><i class='material-icons'>check_circle</i></td>
				<td class='timestamp'>10:50:48 AM</td>
				<td class='step-details'>
						TC1604_inviteMembersInvalid
					
				</td>
			</tr>
		</tbody>
	</table>
</div>
					</div>
				</li>
				<li class='test displayed active  pass' status='pass' bdd='false' test-id='8'>
					<div class='test-heading'>
						<span class='test-name'>TC1605_inviteMembersByFirstname</span>
						<span class='test-time'>Jun 28, 2022 10:50:49 AM</span>
						<span class='test-status right pass'>pass</span>
					</div>
					<div class='test-content hide'>
<div class='test-time-info'>
	<span class='label start-time'>Jun 28, 2022 10:50:49 AM</span>
	<span class='label end-time'>Jun 28, 2022 10:50:50 AM</span>
	<span class='label time-taken grey lighten-1 white-text'>0h 0m 1s+752ms</span>
</div>
<div class='test-attributes'>
	<div class='category-list'>
		<span class='category label'>CHANNELS</span>
	</div>
</div>
<div class='test-steps'>
	<table class='bordered table-results'>
		<thead>
			<tr>
				<th>Status</th>
				<th>Timestamp</th>
				<th>Details</th>
			</tr>
		</thead>
		<tbody>
			<tr class='log' status='info'>
				<td class='status info' title='info' alt='info'><i class='material-icons'>info_outline</i></td>
				<td class='timestamp'>10:50:49 AM</td>
				<td class='step-details'>
						<font style='color:#013ADF;'><b>Test purpose: Enter the firstname of a valid user</b></font>
					
				</td>
			</tr>
			<tr class='log' status='pass'>
				<td class='status pass' title='pass' alt='pass'><i class='material-icons'>check_circle</i></td>
				<td class='timestamp'>10:50:50 AM</td>
				<td class='step-details'>
						TC1605_inviteMembersByFirstname
					
				</td>
			</tr>
		</tbody>
	</table>
</div>
					</div>
				</li>
				<li class='test displayed active  pass' status='pass' bdd='false' test-id='9'>
					<div class='test-heading'>
						<span class='test-name'>TC1606_inviteMembersByLastname</span>
						<span class='test-time'>Jun 28, 2022 10:50:50 AM</span>
						<span class='test-status right pass'>pass</span>
					</div>
					<div class='test-content hide'>
<div class='test-time-info'>
	<span class='label start-time'>Jun 28, 2022 10:50:50 AM</span>
	<span class='label end-time'>Jun 28, 2022 10:50:52 AM</span>
	<span class='label time-taken grey lighten-1 white-text'>0h 0m 1s+469ms</span>
</div>
<div class='test-attributes'>
	<div class='category-list'>
		<span class='category label'>CHANNELS</span>
	</div>
</div>
<div class='test-steps'>
	<table class='bordered table-results'>
		<thead>
			<tr>
				<th>Status</th>
				<th>Timestamp</th>
				<th>Details</th>
			</tr>
		</thead>
		<tbody>
			<tr class='log' status='info'>
				<td class='status info' title='info' alt='info'><i class='material-icons'>info_outline</i></td>
				<td class='timestamp'>10:50:50 AM</td>
				<td class='step-details'>
						<font style='color:#013ADF;'><b>Test purpose: Enter the lastname of a valid user</b></font>
					
				</td>
			</tr>
			<tr class='log' status='pass'>
				<td class='status pass' title='pass' alt='pass'><i class='material-icons'>check_circle</i></td>
				<td class='timestamp'>10:50:52 AM</td>
				<td class='step-details'>
						TC1606_inviteMembersByLastname
					
				</td>
			</tr>
		</tbody>
	</table>
</div>
					</div>
				</li>
				<li class='test displayed active  pass' status='pass' bdd='false' test-id='10'>
					<div class='test-heading'>
						<span class='test-name'>TC1607_inviteMembersByLastnameAndFirstname</span>
						<span class='test-time'>Jun 28, 2022 10:50:52 AM</span>
						<span class='test-status right pass'>pass</span>
					</div>
					<div class='test-content hide'>
<div class='test-time-info'>
	<span class='label start-time'>Jun 28, 2022 10:50:52 AM</span>
	<span class='label end-time'>Jun 28, 2022 10:50:54 AM</span>
	<span class='label time-taken grey lighten-1 white-text'>0h 0m 1s+677ms</span>
</div>
<div class='test-attributes'>
	<div class='category-list'>
		<span class='category label'>CHANNELS</span>
	</div>
</div>
<div class='test-steps'>
	<table class='bordered table-results'>
		<thead>
			<tr>
				<th>Status</th>
				<th>Timestamp</th>
				<th>Details</th>
			</tr>
		</thead>
		<tbody>
			<tr class='log' status='info'>
				<td class='status info' title='info' alt='info'><i class='material-icons'>info_outline</i></td>
				<td class='timestamp'>10:50:52 AM</td>
				<td class='step-details'>
						<font style='color:#013ADF;'><b>Test purpose: Enter the lastname + firstname of a valid user</b></font>
					
				</td>
			</tr>
			<tr class='log' status='pass'>
				<td class='status pass' title='pass' alt='pass'><i class='material-icons'>check_circle</i></td>
				<td class='timestamp'>10:50:54 AM</td>
				<td class='step-details'>
						TC1607_inviteMembersByLastnameAndFirstname
					
				</td>
			</tr>
		</tbody>
	</table>
</div>
					</div>
				</li>
				<li class='test displayed active  pass' status='pass' bdd='false' test-id='11'>
					<div class='test-heading'>
						<span class='test-name'>TC1608_inviteMembersByFirstnameAndLastname</span>
						<span class='test-time'>Jun 28, 2022 10:50:54 AM</span>
						<span class='test-status right pass'>pass</span>
					</div>
					<div class='test-content hide'>
<div class='test-time-info'>
	<span class='label start-time'>Jun 28, 2022 10:50:54 AM</span>
	<span class='label end-time'>Jun 28, 2022 10:50:55 AM</span>
	<span class='label time-taken grey lighten-1 white-text'>0h 0m 1s+491ms</span>
</div>
<div class='test-attributes'>
	<div class='category-list'>
		<span class='category label'>CHANNELS</span>
	</div>
</div>
<div class='test-steps'>
	<table class='bordered table-results'>
		<thead>
			<tr>
				<th>Status</th>
				<th>Timestamp</th>
				<th>Details</th>
			</tr>
		</thead>
		<tbody>
			<tr class='log' status='info'>
				<td class='status info' title='info' alt='info'><i class='material-icons'>info_outline</i></td>
				<td class='timestamp'>10:50:54 AM</td>
				<td class='step-details'>
						<font style='color:#013ADF;'><b>Test purpose: Enter the firstname + lastname of a valid user</b></font>
					
				</td>
			</tr>
			<tr class='log' status='pass'>
				<td class='status pass' title='pass' alt='pass'><i class='material-icons'>check_circle</i></td>
				<td class='timestamp'>10:50:55 AM</td>
				<td class='step-details'>
						TC1608_inviteMembersByFirstnameAndLastname
					
				</td>
			</tr>
		</tbody>
	</table>
</div>
					</div>
				</li>
				<li class='test displayed active  pass' status='pass' bdd='false' test-id='12'>
					<div class='test-heading'>
						<span class='test-name'>TC1609_inviteOneMemberByEmail</span>
						<span class='test-time'>Jun 28, 2022 10:50:55 AM</span>
						<span class='test-status right pass'>pass</span>
					</div>
					<div class='test-content hide'>
<div class='test-time-info'>
	<span class='label start-time'>Jun 28, 2022 10:50:55 AM</span>
	<span class='label end-time'>Jun 28, 2022 10:50:58 AM</span>
	<span class='label time-taken grey lighten-1 white-text'>0h 0m 2s+158ms</span>
</div>
<div class='test-attributes'>
	<div class='category-list'>
		<span class='category label'>CHANNELS</span>
	</div>
</div>
<div class='test-steps'>
	<table class='bordered table-results'>
		<thead>
			<tr>
				<th>Status</th>
				<th>Timestamp</th>
				<th>Details</th>
			</tr>
		</thead>
		<tbody>
			<tr class='log' status='info'>
				<td class='status info' title='info' alt='info'><i class='material-icons'>info_outline</i></td>
				<td class='timestamp'>10:50:55 AM</td>
				<td class='step-details'>
						<font style='color:#013ADF;'><b>Test purpose: Enter the email (login) of a valid user</b></font>
					
				</td>
			</tr>
			<tr class='log' status='pass'>
				<td class='status pass' title='pass' alt='pass'><i class='material-icons'>check_circle</i></td>
				<td class='timestamp'>10:50:58 AM</td>
				<td class='step-details'>
						TC1609_inviteOneMemberByEmail
					
				</td>
			</tr>
		</tbody>
	</table>
</div>
					</div>
				</li>
				<li class='test displayed active  pass' status='pass' bdd='false' test-id='13'>
					<div class='test-heading'>
						<span class='test-name'>TC1610_inviteMemberByEmailSeparatedByComma</span>
						<span class='test-time'>Jun 28, 2022 10:50:58 AM</span>
						<span class='test-status right pass'>pass</span>
					</div>
					<div class='test-content hide'>
<div class='test-time-info'>
	<span class='label start-time'>Jun 28, 2022 10:50:58 AM</span>
	<span class='label end-time'>Jun 28, 2022 10:51:01 AM</span>
	<span class='label time-taken grey lighten-1 white-text'>0h 0m 3s+356ms</span>
</div>
<div class='test-attributes'>
	<div class='category-list'>
		<span class='category label'>CHANNELS</span>
	</div>
</div>
<div class='test-steps'>
	<table class='bordered table-results'>
		<thead>
			<tr>
				<th>Status</th>
				<th>Timestamp</th>
				<th>Details</th>
			</tr>
		</thead>
		<tbody>
			<tr class='log' status='info'>
				<td class='status info' title='info' alt='info'><i class='material-icons'>info_outline</i></td>
				<td class='timestamp'>10:50:58 AM</td>
				<td class='step-details'>
						<font style='color:#013ADF;'><b>Test purpose: Enter emails of multiple valid user separated by a comma</b></font>
					
				</td>
			</tr>
			<tr class='log' status='pass'>
				<td class='status pass' title='pass' alt='pass'><i class='material-icons'>check_circle</i></td>
				<td class='timestamp'>10:51:01 AM</td>
				<td class='step-details'>
						TC1610_inviteMemberByEmailSeparatedByComma
					
				</td>
			</tr>
		</tbody>
	</table>
</div>
					</div>
				</li>
				<li class='test displayed active  pass' status='pass' bdd='false' test-id='14'>
					<div class='test-heading'>
						<span class='test-name'>TC1611_inviteMemberByEmailSeparatedBySemicolon</span>
						<span class='test-time'>Jun 28, 2022 10:51:01 AM</span>
						<span class='test-status right pass'>pass</span>
					</div>
					<div class='test-content hide'>
<div class='test-time-info'>
	<span class='label start-time'>Jun 28, 2022 10:51:01 AM</span>
	<span class='label end-time'>Jun 28, 2022 10:51:05 AM</span>
	<span class='label time-taken grey lighten-1 white-text'>0h 0m 3s+471ms</span>
</div>
<div class='test-attributes'>
	<div class='category-list'>
		<span class='category label'>CHANNELS</span>
	</div>
</div>
<div class='test-steps'>
	<table class='bordered table-results'>
		<thead>
			<tr>
				<th>Status</th>
				<th>Timestamp</th>
				<th>Details</th>
			</tr>
		</thead>
		<tbody>
			<tr class='log' status='info'>
				<td class='status info' title='info' alt='info'><i class='material-icons'>info_outline</i></td>
				<td class='timestamp'>10:51:01 AM</td>
				<td class='step-details'>
						<font style='color:#013ADF;'><b>Test purpose: Enter emails of multiple valid user separated by a semicolon</b></font>
					
				</td>
			</tr>
			<tr class='log' status='pass'>
				<td class='status pass' title='pass' alt='pass'><i class='material-icons'>check_circle</i></td>
				<td class='timestamp'>10:51:05 AM</td>
				<td class='step-details'>
						TC1611_inviteMemberByEmailSeparatedBySemicolon
					
				</td>
			</tr>
		</tbody>
	</table>
</div>
					</div>
				</li>
				<li class='test displayed active  pass' status='pass' bdd='false' test-id='15'>
					<div class='test-heading'>
						<span class='test-name'>TC1612_inviteMemberByEmailMix</span>
						<span class='test-time'>Jun 28, 2022 10:51:05 AM</span>
						<span class='test-status right pass'>pass</span>
					</div>
					<div class='test-content hide'>
<div class='test-time-info'>
	<span class='label start-time'>Jun 28, 2022 10:51:05 AM</span>
	<span class='label end-time'>Jun 28, 2022 10:51:09 AM</span>
	<span class='label time-taken grey lighten-1 white-text'>0h 0m 4s+9ms</span>
</div>
<div class='test-attributes'>
	<div class='category-list'>
		<span class='category label'>CHANNELS</span>
	</div>
</div>
<div class='test-steps'>
	<table class='bordered table-results'>
		<thead>
			<tr>
				<th>Status</th>
				<th>Timestamp</th>
				<th>Details</th>
			</tr>
		</thead>
		<tbody>
			<tr class='log' status='info'>
				<td class='status info' title='info' alt='info'><i class='material-icons'>info_outline</i></td>
				<td class='timestamp'>10:51:05 AM</td>
				<td class='step-details'>
						<font style='color:#013ADF;'><b>Test purpose: Enter emails of multiple valid users and invalid user separated by a semicolon and comma</b></font>
					
				</td>
			</tr>
			<tr class='log' status='pass'>
				<td class='status pass' title='pass' alt='pass'><i class='material-icons'>check_circle</i></td>
				<td class='timestamp'>10:51:09 AM</td>
				<td class='step-details'>
						TC1612_inviteMemberByEmailMix
					
				</td>
			</tr>
		</tbody>
	</table>
</div>
					</div>
				</li>
				<li class='test displayed active  pass' status='pass' bdd='false' test-id='16'>
					<div class='test-heading'>
						<span class='test-name'>TC1613_completeChannelCreation</span>
						<span class='test-time'>Jun 28, 2022 10:51:09 AM</span>
						<span class='test-status right pass'>pass</span>
					</div>
					<div class='test-content hide'>
<div class='test-time-info'>
	<span class='label start-time'>Jun 28, 2022 10:51:09 AM</span>
	<span class='label end-time'>Jun 28, 2022 10:51:15 AM</span>
	<span class='label time-taken grey lighten-1 white-text'>0h 0m 6s+293ms</span>
</div>
<div class='test-attributes'>
	<div class='category-list'>
		<span class='category label'>CHANNELS</span>
	</div>
</div>
<div class='test-steps'>
	<table class='bordered table-results'>
		<thead>
			<tr>
				<th>Status</th>
				<th>Timestamp</th>
				<th>Details</th>
			</tr>
		</thead>
		<tbody>
			<tr class='log' status='info'>
				<td class='status info' title='info' alt='info'><i class='material-icons'>info_outline</i></td>
				<td class='timestamp'>10:51:09 AM</td>
				<td class='step-details'>
						<font style='color:#013ADF;'><b>Test purpose: Click Create button to complete the channel creation</b></font>
					
				</td>
			</tr>
			<tr class='log' status='pass'>
				<td class='status pass' title='pass' alt='pass'><i class='material-icons'>check_circle</i></td>
				<td class='timestamp'>10:51:15 AM</td>
				<td class='step-details'>
						TC1613_completeChannelCreation
					
				</td>
			</tr>
		</tbody>
	</table>
</div>
					</div>
				</li>
				<li class='test displayed active  pass' status='pass' bdd='false' test-id='17'>
					<div class='test-heading'>
						<span class='test-name'>TC1620_goToCreateNewPost</span>
						<span class='test-time'>Jun 28, 2022 10:51:17 AM</span>
						<span class='test-status right pass'>pass</span>
					</div>
					<div class='test-content hide'>
<div class='test-time-info'>
	<span class='label start-time'>Jun 28, 2022 10:51:17 AM</span>
	<span class='label end-time'>Jun 28, 2022 10:51:26 AM</span>
	<span class='label time-taken grey lighten-1 white-text'>0h 0m 8s+888ms</span>
</div>
<div class='test-attributes'>
	<div class='category-list'>
		<span class='category label'>CHANNELS</span>
	</div>
</div>
<div class='test-steps'>
	<table class='bordered table-results'>
		<thead>
			<tr>
				<th>Status</th>
				<th>Timestamp</th>
				<th>Details</th>
			</tr>
		</thead>
		<tbody>
			<tr class='log' status='info'>
				<td class='status info' title='info' alt='info'><i class='material-icons'>info_outline</i></td>
				<td class='timestamp'>10:51:17 AM</td>
				<td class='step-details'>
						<font style='color:#013ADF;'><b>Test purpose: Click on the New post button and ensure the new post popup is displayed</b></font>
					
				</td>
			</tr>
			<tr class='log' status='pass'>
				<td class='status pass' title='pass' alt='pass'><i class='material-icons'>check_circle</i></td>
				<td class='timestamp'>10:51:26 AM</td>
				<td class='step-details'>
						TC1620_goToCreateNewPost
					
				</td>
			</tr>
		</tbody>
	</table>
</div>
					</div>
				</li>
				<li class='test displayed active  pass' status='pass' bdd='false' test-id='18'>
					<div class='test-heading'>
						<span class='test-name'>TC1621_closeCreateNewPost</span>
						<span class='test-time'>Jun 28, 2022 10:51:26 AM</span>
						<span class='test-status right pass'>pass</span>
					</div>
					<div class='test-content hide'>
<div class='test-time-info'>
	<span class='label start-time'>Jun 28, 2022 10:51:26 AM</span>
	<span class='label end-time'>Jun 28, 2022 10:51:35 AM</span>
	<span class='label time-taken grey lighten-1 white-text'>0h 0m 8s+346ms</span>
</div>
<div class='test-attributes'>
	<div class='category-list'>
		<span class='category label'>CHANNELS</span>
	</div>
</div>
<div class='test-steps'>
	<table class='bordered table-results'>
		<thead>
			<tr>
				<th>Status</th>
				<th>Timestamp</th>
				<th>Details</th>
			</tr>
		</thead>
		<tbody>
			<tr class='log' status='info'>
				<td class='status info' title='info' alt='info'><i class='material-icons'>info_outline</i></td>
				<td class='timestamp'>10:51:26 AM</td>
				<td class='step-details'>
						<font style='color:#013ADF;'><b>Test purpose: Click on the close button and ensure the new post popup has disappeared</b></font>
					
				</td>
			</tr>
			<tr class='log' status='pass'>
				<td class='status pass' title='pass' alt='pass'><i class='material-icons'>check_circle</i></td>
				<td class='timestamp'>10:51:35 AM</td>
				<td class='step-details'>
						TC1621_closeCreateNewPost
					
				</td>
			</tr>
		</tbody>
	</table>
</div>
					</div>
				</li>
				<li class='test displayed active  pass' status='pass' bdd='false' test-id='19'>
					<div class='test-heading'>
						<span class='test-name'>TC1622_cancelCreateNewPost</span>
						<span class='test-time'>Jun 28, 2022 10:51:35 AM</span>
						<span class='test-status right pass'>pass</span>
					</div>
					<div class='test-content hide'>
<div class='test-time-info'>
	<span class='label start-time'>Jun 28, 2022 10:51:35 AM</span>
	<span class='label end-time'>Jun 28, 2022 10:51:44 AM</span>
	<span class='label time-taken grey lighten-1 white-text'>0h 0m 9s+58ms</span>
</div>
<div class='test-attributes'>
	<div class='category-list'>
		<span class='category label'>CHANNELS</span>
	</div>
</div>
<div class='test-steps'>
	<table class='bordered table-results'>
		<thead>
			<tr>
				<th>Status</th>
				<th>Timestamp</th>
				<th>Details</th>
			</tr>
		</thead>
		<tbody>
			<tr class='log' status='info'>
				<td class='status info' title='info' alt='info'><i class='material-icons'>info_outline</i></td>
				<td class='timestamp'>10:51:35 AM</td>
				<td class='step-details'>
						<font style='color:#013ADF;'><b>Test purpose: From the popup New post, Click on the Cancel button and ensure the new post popup has disappeared</b></font>
					
				</td>
			</tr>
			<tr class='log' status='pass'>
				<td class='status pass' title='pass' alt='pass'><i class='material-icons'>check_circle</i></td>
				<td class='timestamp'>10:51:44 AM</td>
				<td class='step-details'>
						TC1622_cancelCreateNewPost
					
				</td>
			</tr>
		</tbody>
	</table>
</div>
					</div>
				</li>
				<li class='test displayed active  pass' status='pass' bdd='false' test-id='20'>
					<div class='test-heading'>
						<span class='test-name'>TC1623_writeTextAsNewPost</span>
						<span class='test-time'>Jun 28, 2022 10:51:44 AM</span>
						<span class='test-status right pass'>pass</span>
					</div>
					<div class='test-content hide'>
<div class='test-time-info'>
	<span class='label start-time'>Jun 28, 2022 10:51:44 AM</span>
	<span class='label end-time'>Jun 28, 2022 10:51:46 AM</span>
	<span class='label time-taken grey lighten-1 white-text'>0h 0m 2s+40ms</span>
</div>
<div class='test-attributes'>
	<div class='category-list'>
		<span class='category label'>CHANNELS</span>
	</div>
</div>
<div class='test-steps'>
	<table class='bordered table-results'>
		<thead>
			<tr>
				<th>Status</th>
				<th>Timestamp</th>
				<th>Details</th>
			</tr>
		</thead>
		<tbody>
			<tr class='log' status='info'>
				<td class='status info' title='info' alt='info'><i class='material-icons'>info_outline</i></td>
				<td class='timestamp'>10:51:44 AM</td>
				<td class='step-details'>
						<font style='color:#013ADF;'><b>Test purpose: From the popup New post, write a text in the input field and ensure Apply button is enabled</b></font>
					
				</td>
			</tr>
			<tr class='log' status='pass'>
				<td class='status pass' title='pass' alt='pass'><i class='material-icons'>check_circle</i></td>
				<td class='timestamp'>10:51:46 AM</td>
				<td class='step-details'>
						TC1623_writeTextAsNewPost
					
				</td>
			</tr>
		</tbody>
	</table>
</div>
					</div>
				</li>
				<li class='test displayed active  pass' status='pass' bdd='false' test-id='21'>
					<div class='test-heading'>
						<span class='test-name'>TC1624_likeAPost</span>
						<span class='test-time'>Jun 28, 2022 10:51:46 AM</span>
						<span class='test-status right pass'>pass</span>
					</div>
					<div class='test-content hide'>
<div class='test-time-info'>
	<span class='label start-time'>Jun 28, 2022 10:51:46 AM</span>
	<span class='label end-time'>Jun 28, 2022 10:52:09 AM</span>
	<span class='label time-taken grey lighten-1 white-text'>0h 0m 22s+781ms</span>
</div>
<div class='test-attributes'>
	<div class='category-list'>
		<span class='category label'>CHANNELS</span>
	</div>
</div>
<div class='test-steps'>
	<table class='bordered table-results'>
		<thead>
			<tr>
				<th>Status</th>
				<th>Timestamp</th>
				<th>Details</th>
			</tr>
		</thead>
		<tbody>
			<tr class='log' status='info'>
				<td class='status info' title='info' alt='info'><i class='material-icons'>info_outline</i></td>
				<td class='timestamp'>10:51:46 AM</td>
				<td class='step-details'>
						<font style='color:#013ADF;'><b>Test purpose: be able to like a post</b></font>
					
				</td>
			</tr>
			<tr class='log' status='pass'>
				<td class='status pass' title='pass' alt='pass'><i class='material-icons'>check_circle</i></td>
				<td class='timestamp'>10:52:09 AM</td>
				<td class='step-details'>
						TC1624_likeAPost
					
				</td>
			</tr>
		</tbody>
	</table>
</div>
					</div>
				</li>
				<li class='test displayed active  pass' status='pass' bdd='false' test-id='22'>
					<div class='test-heading'>
						<span class='test-name'>TC1625_unlikeAPost</span>
						<span class='test-time'>Jun 28, 2022 10:52:09 AM</span>
						<span class='test-status right pass'>pass</span>
					</div>
					<div class='test-content hide'>
<div class='test-time-info'>
	<span class='label start-time'>Jun 28, 2022 10:52:09 AM</span>
	<span class='label end-time'>Jun 28, 2022 10:52:15 AM</span>
	<span class='label time-taken grey lighten-1 white-text'>0h 0m 6s+295ms</span>
</div>
<div class='test-attributes'>
	<div class='category-list'>
		<span class='category label'>CHANNELS</span>
	</div>
</div>
<div class='test-steps'>
	<table class='bordered table-results'>
		<thead>
			<tr>
				<th>Status</th>
				<th>Timestamp</th>
				<th>Details</th>
			</tr>
		</thead>
		<tbody>
			<tr class='log' status='info'>
				<td class='status info' title='info' alt='info'><i class='material-icons'>info_outline</i></td>
				<td class='timestamp'>10:52:09 AM</td>
				<td class='step-details'>
						<font style='color:#013ADF;'><b>Test purpose: be able to unlike a post</b></font>
					
				</td>
			</tr>
			<tr class='log' status='pass'>
				<td class='status pass' title='pass' alt='pass'><i class='material-icons'>check_circle</i></td>
				<td class='timestamp'>10:52:15 AM</td>
				<td class='step-details'>
						TC1625_unlikeAPost
					
				</td>
			</tr>
		</tbody>
	</table>
</div>
					</div>
				</li>
				<li class='test displayed active  pass' status='pass' bdd='false' test-id='23'>
					<div class='test-heading'>
						<span class='test-name'>TC1630_modifyAPost</span>
						<span class='test-time'>Jun 28, 2022 10:52:16 AM</span>
						<span class='test-status right pass'>pass</span>
					</div>
					<div class='test-content hide'>
<div class='test-time-info'>
	<span class='label start-time'>Jun 28, 2022 10:52:16 AM</span>
	<span class='label end-time'>Jun 28, 2022 10:52:30 AM</span>
	<span class='label time-taken grey lighten-1 white-text'>0h 0m 14s+200ms</span>
</div>
<div class='test-attributes'>
	<div class='category-list'>
		<span class='category label'>CHANNELS</span>
	</div>
</div>
<div class='test-steps'>
	<table class='bordered table-results'>
		<thead>
			<tr>
				<th>Status</th>
				<th>Timestamp</th>
				<th>Details</th>
			</tr>
		</thead>
		<tbody>
			<tr class='log' status='info'>
				<td class='status info' title='info' alt='info'><i class='material-icons'>info_outline</i></td>
				<td class='timestamp'>10:52:16 AM</td>
				<td class='step-details'>
						<font style='color:#013ADF;'><b>Test purpose: be able to modify a post</b></font>
					
				</td>
			</tr>
			<tr class='log' status='pass'>
				<td class='status pass' title='pass' alt='pass'><i class='material-icons'>check_circle</i></td>
				<td class='timestamp'>10:52:30 AM</td>
				<td class='step-details'>
						TC1630_modifyAPost
					
				</td>
			</tr>
		</tbody>
	</table>
</div>
					</div>
				</li>
				<li class='test displayed active  pass' status='pass' bdd='false' test-id='24'>
					<div class='test-heading'>
						<span class='test-name'>TC1631_deleteAPost</span>
						<span class='test-time'>Jun 28, 2022 10:52:30 AM</span>
						<span class='test-status right pass'>pass</span>
					</div>
					<div class='test-content hide'>
<div class='test-time-info'>
	<span class='label start-time'>Jun 28, 2022 10:52:30 AM</span>
	<span class='label end-time'>Jun 28, 2022 10:52:42 AM</span>
	<span class='label time-taken grey lighten-1 white-text'>0h 0m 12s+346ms</span>
</div>
<div class='test-attributes'>
	<div class='category-list'>
		<span class='category label'>CHANNELS</span>
	</div>
</div>
<div class='test-steps'>
	<table class='bordered table-results'>
		<thead>
			<tr>
				<th>Status</th>
				<th>Timestamp</th>
				<th>Details</th>
			</tr>
		</thead>
		<tbody>
			<tr class='log' status='info'>
				<td class='status info' title='info' alt='info'><i class='material-icons'>info_outline</i></td>
				<td class='timestamp'>10:52:30 AM</td>
				<td class='step-details'>
						<font style='color:#013ADF;'><b>Test purpose: be able to modify a post</b></font>
					
				</td>
			</tr>
			<tr class='log' status='pass'>
				<td class='status pass' title='pass' alt='pass'><i class='material-icons'>check_circle</i></td>
				<td class='timestamp'>10:52:42 AM</td>
				<td class='step-details'>
						TC1631_deleteAPost
					
				</td>
			</tr>
		</tbody>
	</table>
</div>
					</div>
				</li>
				<li class='test displayed active  pass' status='pass' bdd='false' test-id='25'>
					<div class='test-heading'>
						<span class='test-name'>TC1632_deleteAChannel</span>
						<span class='test-time'>Jun 28, 2022 10:52:42 AM</span>
						<span class='test-status right pass'>pass</span>
					</div>
					<div class='test-content hide'>
<div class='test-time-info'>
	<span class='label start-time'>Jun 28, 2022 10:52:42 AM</span>
	<span class='label end-time'>Jun 28, 2022 10:52:49 AM</span>
	<span class='label time-taken grey lighten-1 white-text'>0h 0m 6s+967ms</span>
</div>
<div class='test-attributes'>
	<div class='category-list'>
		<span class='category label'>CHANNELS</span>
	</div>
</div>
<div class='test-steps'>
	<table class='bordered table-results'>
		<thead>
			<tr>
				<th>Status</th>
				<th>Timestamp</th>
				<th>Details</th>
			</tr>
		</thead>
		<tbody>
			<tr class='log' status='info'>
				<td class='status info' title='info' alt='info'><i class='material-icons'>info_outline</i></td>
				<td class='timestamp'>10:52:42 AM</td>
				<td class='step-details'>
						<font style='color:#013ADF;'><b>Test purpose: be able to delete a channel</b></font>
					
				</td>
			</tr>
			<tr class='log' status='pass'>
				<td class='status pass' title='pass' alt='pass'><i class='material-icons'>check_circle</i></td>
				<td class='timestamp'>10:52:49 AM</td>
				<td class='step-details'>
						TC1632_deleteAChannel
					
				</td>
			</tr>
		</tbody>
	</table>
</div>
					</div>
				</li>
				<li class='test displayed active  pass' status='pass' bdd='false' test-id='26'>
					<div class='test-heading'>
						<span class='test-name'>TC1633_createChannelWithCategory</span>
						<span class='test-time'>Jun 28, 2022 10:52:49 AM</span>
						<span class='test-status right pass'>pass</span>
					</div>
					<div class='test-content hide'>
<div class='test-time-info'>
	<span class='label start-time'>Jun 28, 2022 10:52:49 AM</span>
	<span class='label end-time'>Jun 28, 2022 10:53:00 AM</span>
	<span class='label time-taken grey lighten-1 white-text'>0h 0m 11s+1ms</span>
</div>
<div class='test-attributes'>
	<div class='category-list'>
		<span class='category label'>CHANNELS</span>
	</div>
</div>
<div class='test-steps'>
	<table class='bordered table-results'>
		<thead>
			<tr>
				<th>Status</th>
				<th>Timestamp</th>
				<th>Details</th>
			</tr>
		</thead>
		<tbody>
			<tr class='log' status='info'>
				<td class='status info' title='info' alt='info'><i class='material-icons'>info_outline</i></td>
				<td class='timestamp'>10:52:49 AM</td>
				<td class='step-details'>
						<font style='color:#013ADF;'><b>Test purpose: Create a channel with design category</b></font>
					
				</td>
			</tr>
			<tr class='log' status='pass'>
				<td class='status pass' title='pass' alt='pass'><i class='material-icons'>check_circle</i></td>
				<td class='timestamp'>10:53:00 AM</td>
				<td class='step-details'>
						TC1633_createChannelWithCategory
					
				</td>
			</tr>
		</tbody>
	</table>
</div>
					</div>
				</li>
				<li class='test displayed active  pass' status='pass' bdd='false' test-id='27'>
					<div class='test-heading'>
						<span class='test-name'>TC1634_createChannelWithAvatar</span>
						<span class='test-time'>Jun 28, 2022 10:53:03 AM</span>
						<span class='test-status right pass'>pass</span>
					</div>
					<div class='test-content hide'>
<div class='test-time-info'>
	<span class='label start-time'>Jun 28, 2022 10:53:03 AM</span>
	<span class='label end-time'>Jun 28, 2022 10:53:17 AM</span>
	<span class='label time-taken grey lighten-1 white-text'>0h 0m 14s+425ms</span>
</div>
<div class='test-attributes'>
	<div class='category-list'>
		<span class='category label'>CHANNELS</span>
	</div>
</div>
<div class='test-steps'>
	<table class='bordered table-results'>
		<thead>
			<tr>
				<th>Status</th>
				<th>Timestamp</th>
				<th>Details</th>
			</tr>
		</thead>
		<tbody>
			<tr class='log' status='info'>
				<td class='status info' title='info' alt='info'><i class='material-icons'>info_outline</i></td>
				<td class='timestamp'>10:53:03 AM</td>
				<td class='step-details'>
						<font style='color:#013ADF;'><b>Test purpose: Create a channel with avatar</b></font>
					
				</td>
			</tr>
			<tr class='log' status='pass'>
				<td class='status pass' title='pass' alt='pass'><i class='material-icons'>check_circle</i></td>
				<td class='timestamp'>10:53:17 AM</td>
				<td class='step-details'>
						TC1634_createChannelWithAvatar
					
				</td>
			</tr>
		</tbody>
	</table>
</div>
					</div>
				</li>
				<li class='test displayed active  pass' status='pass' bdd='false' test-id='28'>
					<div class='test-heading'>
						<span class='test-name'>TC1635_modifyChannelAvatar</span>
						<span class='test-time'>Jun 28, 2022 10:53:18 AM</span>
						<span class='test-status right pass'>pass</span>
					</div>
					<div class='test-content hide'>
<div class='test-time-info'>
	<span class='label start-time'>Jun 28, 2022 10:53:18 AM</span>
	<span class='label end-time'>Jun 28, 2022 10:53:37 AM</span>
	<span class='label time-taken grey lighten-1 white-text'>0h 0m 19s+333ms</span>
</div>
<div class='test-attributes'>
	<div class='category-list'>
		<span class='category label'>CHANNELS</span>
	</div>
</div>
<div class='test-steps'>
	<table class='bordered table-results'>
		<thead>
			<tr>
				<th>Status</th>
				<th>Timestamp</th>
				<th>Details</th>
			</tr>
		</thead>
		<tbody>
			<tr class='log' status='info'>
				<td class='status info' title='info' alt='info'><i class='material-icons'>info_outline</i></td>
				<td class='timestamp'>10:53:18 AM</td>
				<td class='step-details'>
						<font style='color:#013ADF;'><b>Test purpose: modify a channel avatar</b></font>
					
				</td>
			</tr>
			<tr class='log' status='pass'>
				<td class='status pass' title='pass' alt='pass'><i class='material-icons'>check_circle</i></td>
				<td class='timestamp'>10:53:37 AM</td>
				<td class='step-details'>
						TC1635_modifyChannelAvatar
					
				</td>
			</tr>
		</tbody>
	</table>
</div>
					</div>
				</li>
				<li class='test displayed active  pass' status='pass' bdd='false' test-id='29'>
					<div class='test-heading'>
						<span class='test-name'>TC1636_CantCreateChannelWithAlreadyUseName</span>
						<span class='test-time'>Jun 28, 2022 10:53:39 AM</span>
						<span class='test-status right pass'>pass</span>
					</div>
					<div class='test-content hide'>
<div class='test-time-info'>
	<span class='label start-time'>Jun 28, 2022 10:53:39 AM</span>
	<span class='label end-time'>Jun 28, 2022 10:53:54 AM</span>
	<span class='label time-taken grey lighten-1 white-text'>0h 0m 15s+148ms</span>
</div>
<div class='test-attributes'>
	<div class='category-list'>
		<span class='category label'>CHANNELS</span>
	</div>
</div>
<div class='test-steps'>
	<table class='bordered table-results'>
		<thead>
			<tr>
				<th>Status</th>
				<th>Timestamp</th>
				<th>Details</th>
			</tr>
		</thead>
		<tbody>
			<tr class='log' status='info'>
				<td class='status info' title='info' alt='info'><i class='material-icons'>info_outline</i></td>
				<td class='timestamp'>10:53:39 AM</td>
				<td class='step-details'>
						<font style='color:#013ADF;'><b>Test purpose: you should not be able to create a channel with the same name as another</b></font>
					
				</td>
			</tr>
			<tr class='log' status='pass'>
				<td class='status pass' title='pass' alt='pass'><i class='material-icons'>check_circle</i></td>
				<td class='timestamp'>10:53:54 AM</td>
				<td class='step-details'>
						TC1636_CantCreateChannelWithAlreadyUseName
					
				</td>
			</tr>
		</tbody>
	</table>
</div>
					</div>
				</li>
				<li class='test displayed active  pass' status='pass' bdd='false' test-id='30'>
					<div class='test-heading'>
						<span class='test-name'>TC1637_CantCreateChannelWithTooShortName</span>
						<span class='test-time'>Jun 28, 2022 10:53:56 AM</span>
						<span class='test-status right pass'>pass</span>
					</div>
					<div class='test-content hide'>
<div class='test-time-info'>
	<span class='label start-time'>Jun 28, 2022 10:53:56 AM</span>
	<span class='label end-time'>Jun 28, 2022 10:54:12 AM</span>
	<span class='label time-taken grey lighten-1 white-text'>0h 0m 16s+192ms</span>
</div>
<div class='test-attributes'>
	<div class='category-list'>
		<span class='category label'>CHANNELS</span>
	</div>
</div>
<div class='test-steps'>
	<table class='bordered table-results'>
		<thead>
			<tr>
				<th>Status</th>
				<th>Timestamp</th>
				<th>Details</th>
			</tr>
		</thead>
		<tbody>
			<tr class='log' status='info'>
				<td class='status info' title='info' alt='info'><i class='material-icons'>info_outline</i></td>
				<td class='timestamp'>10:53:56 AM</td>
				<td class='step-details'>
						<font style='color:#013ADF;'><b>Test purpose: you should not be able to create a channel with the same name as another</b></font>
					
				</td>
			</tr>
			<tr class='log' status='pass'>
				<td class='status pass' title='pass' alt='pass'><i class='material-icons'>check_circle</i></td>
				<td class='timestamp'>10:54:12 AM</td>
				<td class='step-details'>
						TC1637_CantCreateChannelWithTooShortName
					
				</td>
			</tr>
		</tbody>
	</table>
</div>
					</div>
				</li>
				<li class='test displayed active  pass' status='pass' bdd='false' test-id='31'>
					<div class='test-heading'>
						<span class='test-name'>TC1638_CanAddDescriptionToChannelWhileCreatingIt</span>
						<span class='test-time'>Jun 28, 2022 10:54:14 AM</span>
						<span class='test-status right pass'>pass</span>
					</div>
					<div class='test-content hide'>
<div class='test-time-info'>
	<span class='label start-time'>Jun 28, 2022 10:54:14 AM</span>
	<span class='label end-time'>Jun 28, 2022 10:54:21 AM</span>
	<span class='label time-taken grey lighten-1 white-text'>0h 0m 7s+314ms</span>
</div>
<div class='test-attributes'>
	<div class='category-list'>
		<span class='category label'>CHANNELS</span>
	</div>
</div>
<div class='test-steps'>
	<table class='bordered table-results'>
		<thead>
			<tr>
				<th>Status</th>
				<th>Timestamp</th>
				<th>Details</th>
			</tr>
		</thead>
		<tbody>
			<tr class='log' status='info'>
				<td class='status info' title='info' alt='info'><i class='material-icons'>info_outline</i></td>
				<td class='timestamp'>10:54:14 AM</td>
				<td class='step-details'>
						<font style='color:#013ADF;'><b>Test purpose: you should not be able to add a topic to a channel while creating it</b></font>
					
				</td>
			</tr>
			<tr class='log' status='pass'>
				<td class='status pass' title='pass' alt='pass'><i class='material-icons'>check_circle</i></td>
				<td class='timestamp'>10:54:21 AM</td>
				<td class='step-details'>
						TC1638_CanAddDescriptionToChannelWhileCreatingIt
					
				</td>
			</tr>
		</tbody>
	</table>
</div>
					</div>
				</li>
				<li class='test displayed active  pass' status='pass' bdd='false' test-id='32'>
					<div class='test-heading'>
						<span class='test-name'>TC1639_CanAddDescriptionToChannelWhileEditingIt</span>
						<span class='test-time'>Jun 28, 2022 10:54:22 AM</span>
						<span class='test-status right pass'>pass</span>
					</div>
					<div class='test-content hide'>
<div class='test-time-info'>
	<span class='label start-time'>Jun 28, 2022 10:54:22 AM</span>
	<span class='label end-time'>Jun 28, 2022 10:54:27 AM</span>
	<span class='label time-taken grey lighten-1 white-text'>0h 0m 5s+418ms</span>
</div>
<div class='test-attributes'>
	<div class='category-list'>
		<span class='category label'>CHANNELS</span>
	</div>
</div>
<div class='test-steps'>
	<table class='bordered table-results'>
		<thead>
			<tr>
				<th>Status</th>
				<th>Timestamp</th>
				<th>Details</th>
			</tr>
		</thead>
		<tbody>
			<tr class='log' status='info'>
				<td class='status info' title='info' alt='info'><i class='material-icons'>info_outline</i></td>
				<td class='timestamp'>10:54:22 AM</td>
				<td class='step-details'>
						<font style='color:#013ADF;'><b>Test purpose: you should not be able to add a topic to a channel while editing it</b></font>
					
				</td>
			</tr>
			<tr class='log' status='pass'>
				<td class='status pass' title='pass' alt='pass'><i class='material-icons'>check_circle</i></td>
				<td class='timestamp'>10:54:27 AM</td>
				<td class='step-details'>
						TC1639_CanAddDescriptionToChannelWhileEditingIt
					
				</td>
			</tr>
		</tbody>
	</table>
</div>
					</div>
				</li>
				<li class='test displayed active  pass' status='pass' bdd='false' test-id='33'>
					<div class='test-heading'>
						<span class='test-name'>TC1640_createChannelWithCategoryScience</span>
						<span class='test-time'>Jun 28, 2022 10:54:29 AM</span>
						<span class='test-status right pass'>pass</span>
					</div>
					<div class='test-content hide'>
<div class='test-time-info'>
	<span class='label start-time'>Jun 28, 2022 10:54:29 AM</span>
	<span class='label end-time'>Jun 28, 2022 10:54:42 AM</span>
	<span class='label time-taken grey lighten-1 white-text'>0h 0m 12s+810ms</span>
</div>
<div class='test-attributes'>
	<div class='category-list'>
		<span class='category label'>CHANNELS</span>
	</div>
</div>
<div class='test-steps'>
	<table class='bordered table-results'>
		<thead>
			<tr>
				<th>Status</th>
				<th>Timestamp</th>
				<th>Details</th>
			</tr>
		</thead>
		<tbody>
			<tr class='log' status='info'>
				<td class='status info' title='info' alt='info'><i class='material-icons'>info_outline</i></td>
				<td class='timestamp'>10:54:29 AM</td>
				<td class='step-details'>
						<font style='color:#013ADF;'><b>Test purpose: Create a channel with science category</b></font>
					
				</td>
			</tr>
			<tr class='log' status='pass'>
				<td class='status pass' title='pass' alt='pass'><i class='material-icons'>check_circle</i></td>
				<td class='timestamp'>10:54:42 AM</td>
				<td class='step-details'>
						TC1640_createChannelWithCategoryScience
					
				</td>
			</tr>
		</tbody>
	</table>
</div>
					</div>
				</li>
				<li class='test displayed active  pass' status='pass' bdd='false' test-id='34'>
					<div class='test-heading'>
						<span class='test-name'>TC1641_createChannelWithCategoryTravel</span>
						<span class='test-time'>Jun 28, 2022 10:54:42 AM</span>
						<span class='test-status right pass'>pass</span>
					</div>
					<div class='test-content hide'>
<div class='test-time-info'>
	<span class='label start-time'>Jun 28, 2022 10:54:42 AM</span>
	<span class='label end-time'>Jun 28, 2022 10:54:56 AM</span>
	<span class='label time-taken grey lighten-1 white-text'>0h 0m 13s+988ms</span>
</div>
<div class='test-attributes'>
	<div class='category-list'>
		<span class='category label'>CHANNELS</span>
	</div>
</div>
<div class='test-steps'>
	<table class='bordered table-results'>
		<thead>
			<tr>
				<th>Status</th>
				<th>Timestamp</th>
				<th>Details</th>
			</tr>
		</thead>
		<tbody>
			<tr class='log' status='info'>
				<td class='status info' title='info' alt='info'><i class='material-icons'>info_outline</i></td>
				<td class='timestamp'>10:54:42 AM</td>
				<td class='step-details'>
						<font style='color:#013ADF;'><b>Test purpose: Create a channel with Travel category</b></font>
					
				</td>
			</tr>
			<tr class='log' status='pass'>
				<td class='status pass' title='pass' alt='pass'><i class='material-icons'>check_circle</i></td>
				<td class='timestamp'>10:54:56 AM</td>
				<td class='step-details'>
						TC1641_createChannelWithCategoryTravel
					
				</td>
			</tr>
		</tbody>
	</table>
</div>
					</div>
				</li>
				<li class='test displayed active  pass' status='pass' bdd='false' test-id='35'>
					<div class='test-heading'>
						<span class='test-name'>TC1642_createChannelWithCategoryMarketing</span>
						<span class='test-time'>Jun 28, 2022 10:54:56 AM</span>
						<span class='test-status right pass'>pass</span>
					</div>
					<div class='test-content hide'>
<div class='test-time-info'>
	<span class='label start-time'>Jun 28, 2022 10:54:56 AM</span>
	<span class='label end-time'>Jun 28, 2022 10:55:10 AM</span>
	<span class='label time-taken grey lighten-1 white-text'>0h 0m 14s+170ms</span>
</div>
<div class='test-attributes'>
	<div class='category-list'>
		<span class='category label'>CHANNELS</span>
	</div>
</div>
<div class='test-steps'>
	<table class='bordered table-results'>
		<thead>
			<tr>
				<th>Status</th>
				<th>Timestamp</th>
				<th>Details</th>
			</tr>
		</thead>
		<tbody>
			<tr class='log' status='info'>
				<td class='status info' title='info' alt='info'><i class='material-icons'>info_outline</i></td>
				<td class='timestamp'>10:54:56 AM</td>
				<td class='step-details'>
						<font style='color:#013ADF;'><b>Test purpose: Create a channel with Marketing category</b></font>
					
				</td>
			</tr>
			<tr class='log' status='pass'>
				<td class='status pass' title='pass' alt='pass'><i class='material-icons'>check_circle</i></td>
				<td class='timestamp'>10:55:10 AM</td>
				<td class='step-details'>
						TC1642_createChannelWithCategoryMarketing
					
				</td>
			</tr>
		</tbody>
	</table>
</div>
					</div>
				</li>
				<li class='test displayed active  pass' status='pass' bdd='false' test-id='36'>
					<div class='test-heading'>
						<span class='test-name'>TC1643_createChannelWithCategoryBusiness</span>
						<span class='test-time'>Jun 28, 2022 10:55:10 AM</span>
						<span class='test-status right pass'>pass</span>
					</div>
					<div class='test-content hide'>
<div class='test-time-info'>
	<span class='label start-time'>Jun 28, 2022 10:55:10 AM</span>
	<span class='label end-time'>Jun 28, 2022 10:55:25 AM</span>
	<span class='label time-taken grey lighten-1 white-text'>0h 0m 14s+252ms</span>
</div>
<div class='test-attributes'>
	<div class='category-list'>
		<span class='category label'>CHANNELS</span>
	</div>
</div>
<div class='test-steps'>
	<table class='bordered table-results'>
		<thead>
			<tr>
				<th>Status</th>
				<th>Timestamp</th>
				<th>Details</th>
			</tr>
		</thead>
		<tbody>
			<tr class='log' status='info'>
				<td class='status info' title='info' alt='info'><i class='material-icons'>info_outline</i></td>
				<td class='timestamp'>10:55:10 AM</td>
				<td class='step-details'>
						<font style='color:#013ADF;'><b>Test purpose: Create a channel with Business category</b></font>
					
				</td>
			</tr>
			<tr class='log' status='pass'>
				<td class='status pass' title='pass' alt='pass'><i class='material-icons'>check_circle</i></td>
				<td class='timestamp'>10:55:25 AM</td>
				<td class='step-details'>
						TC1643_createChannelWithCategoryBusiness
					
				</td>
			</tr>
		</tbody>
	</table>
</div>
					</div>
				</li>
				<li class='test displayed active  fail' status='fail' bdd='false' test-id='37'>
					<div class='test-heading'>
						<span class='test-name'>TC1644_createChannelWithCategoryCulture</span>
						<span class='test-time'>Jun 28, 2022 10:55:25 AM</span>
						<span class='test-status right fail'>fail</span>
					</div>
					<div class='test-content hide'>
<div class='test-time-info'>
	<span class='label start-time'>Jun 28, 2022 10:55:25 AM</span>
	<span class='label end-time'>Jun 28, 2022 10:55:40 AM</span>
	<span class='label time-taken grey lighten-1 white-text'>0h 0m 14s+924ms</span>
</div>
<div class='test-attributes'>
	<div class='category-list'>
		<span class='category label'>CHANNELS</span>
	</div>
</div>
<div class='test-steps'>
	<table class='bordered table-results'>
		<thead>
			<tr>
				<th>Status</th>
				<th>Timestamp</th>
				<th>Details</th>
			</tr>
		</thead>
		<tbody>
			<tr class='log' status='info'>
				<td class='status info' title='info' alt='info'><i class='material-icons'>info_outline</i></td>
				<td class='timestamp'>10:55:25 AM</td>
				<td class='step-details'>
						<font style='color:#013ADF;'><b>Test purpose: Create a channel with Culture category</b></font>
					
				</td>
			</tr>
			<tr class='log' status='fail'>
				<td class='status fail' title='fail' alt='fail'><i class='material-icons'>cancel</i></td>
				<td class='timestamp'>10:55:39 AM</td>
				<td class='step-details'>
						TC1644_createChannelWithCategoryCulture
					
				</td>
			</tr>
			<tr class='log' status='fail'>
				<td class='status fail' title='fail' alt='fail'><i class='material-icons'>cancel</i></td>
				<td class='timestamp'>10:55:39 AM</td>
				<td class='step-details'>
						<textarea disabled class="code-block">org.openqa.selenium.NoSuchElementException: no such element: Unable to locate element: {"method":"css selector","selector":"channelsheader button[tooltip='backToNewsFeed']"}
  (Session info: chrome=103.0.5060.53)
For documentation on this error, please visit: https://www.seleniumhq.org/exceptions/no_such_element.html
Build info: version: '3.141.59', revision: 'e82be7d358', time: '2018-11-14T08:17:03'
System info: host: 'LPF2LTVCZ', ip: '192.168.0.142', os.name: 'Windows 11', os.arch: 'amd64', os.version: '10.0', java.version: '1.8.0_333'
Driver info: org.openqa.selenium.chrome.ChromeDriver
Capabilities {acceptInsecureCerts: false, browserName: chrome, browserVersion: 103.0.5060.53, chrome: {chromedriverVersion: 103.0.5060.53 (a1711811edd7..., userDataDir: C:\Users\zittel\AppData\Loc...}, goog:chromeOptions: {debuggerAddress: localhost:65186}, javascriptEnabled: true, networkConnectionEnabled: false, pageLoadStrategy: normal, platform: WINDOWS, platformName: WINDOWS, proxy: Proxy(), setWindowRect: true, strictFileInteractability: false, timeouts: {implicit: 0, pageLoad: 300000, script: 30000}, unhandledPromptBehavior: dismiss and notify, webauthn:extension:credBlob: true, webauthn:extension:largeBlob: true, webauthn:virtualAuthenticators: true}
Session ID: 316e58b2971c44655f4599f3a37051e9
*** Element info: {Using=css selector, value=channelsheader button[tooltip='backToNewsFeed']}
	at sun.reflect.NativeConstructorAccessorImpl.newInstance0(Native Method)
	at sun.reflect.NativeConstructorAccessorImpl.newInstance(NativeConstructorAccessorImpl.java:62)
	at sun.reflect.DelegatingConstructorAccessorImpl.newInstance(DelegatingConstructorAccessorImpl.java:45)
	at java.lang.reflect.Constructor.newInstance(Constructor.java:423)
	at org.openqa.selenium.remote.http.W3CHttpResponseCodec.createException(W3CHttpResponseCodec.java:187)
	at org.openqa.selenium.remote.http.W3CHttpResponseCodec.decode(W3CHttpResponseCodec.java:122)
	at org.openqa.selenium.remote.http.W3CHttpResponseCodec.decode(W3CHttpResponseCodec.java:49)
	at org.openqa.selenium.remote.HttpCommandExecutor.execute(HttpCommandExecutor.java:158)
	at org.openqa.selenium.remote.service.DriverCommandExecutor.execute(DriverCommandExecutor.java:83)
	at org.openqa.selenium.remote.RemoteWebDriver.execute(RemoteWebDriver.java:552)
	at org.openqa.selenium.remote.RemoteWebElement.execute(RemoteWebElement.java:285)
	at org.openqa.selenium.remote.RemoteWebElement.findElement(RemoteWebElement.java:185)
	at org.openqa.selenium.remote.RemoteWebElement.findElementByCssSelector(RemoteWebElement.java:253)
	at org.openqa.selenium.By$ByCssSelector.findElement(By.java:431)
	at org.openqa.selenium.remote.RemoteWebElement.findElement(RemoteWebElement.java:181)
	at net.cloudservices.operations.qa.IntegrationTests.objects.WebClients.Searcher.waitElementUntil(Searcher.java:506)
	at net.cloudservices.operations.qa.IntegrationTests.objects.WebClients.RainbowWebElement.waitElementUntil(RainbowWebElement.java:432)
	at net.cloudservices.operations.qa.IntegrationTests.objects.WebClients.RainbowWebElement.waitElementUntil(RainbowWebElement.java:429)
	at net.cloudservices.operations.qa.IntegrationTests.objects.WebClients.ChannelHeader.getButtonBack(ChannelHeader.java:36)
	at net.cloudservices.operations.qa.IntegrationTests.assertions.WebElementAssert.lambda$isDisplayed$0(WebElementAssert.java:34)
	at org.awaitility.core.CallableCondition$ConditionEvaluationWrapper.eval(CallableCondition.java:100)
	at org.awaitility.core.ConditionAwaiter$ConditionPoller.call(ConditionAwaiter.java:201)
	at org.awaitility.core.ConditionAwaiter$ConditionPoller.call(ConditionAwaiter.java:188)
	at java.util.concurrent.FutureTask.run(FutureTask.java:266)
	at java.util.concurrent.ThreadPoolExecutor.runWorker(ThreadPoolExecutor.java:1149)
	at java.util.concurrent.ThreadPoolExecutor$Worker.run(ThreadPoolExecutor.java:624)
	at java.lang.Thread.run(Thread.java:750)
</textarea>
					
				</td>
			</tr>
			<tr class='log' status='fail'>
				<td class='status fail' title='fail' alt='fail'><i class='material-icons'>cancel</i></td>
				<td class='timestamp'>10:55:39 AM</td>
				<td class='step-details'>
						Screenshot Device 0: see thumbnail below
					
				</td>
			</tr>
			<tr class='log' status='info'>
				<td class='status info' title='info' alt='info'><i class='material-icons'>info_outline</i></td>
				<td class='timestamp'>10:55:39 AM</td>
				<td class='step-details'>
						<a href=''>Logs from Device 0</a>
					
				</td>
			</tr>
			<tr class='log' status='fail'>
				<td class='status fail' title='fail' alt='fail'><i class='material-icons'>cancel</i></td>
				<td class='timestamp'>10:55:40 AM</td>
				<td class='step-details'>
						Screenshot Device 1: see thumbnail below
					
				</td>
			</tr>
			<tr class='log' status='info'>
				<td class='status info' title='info' alt='info'><i class='material-icons'>info_outline</i></td>
				<td class='timestamp'>10:55:40 AM</td>
				<td class='step-details'>
						<a href=''>Logs from Device 1</a>
					
				</td>
			</tr>
		</tbody>
	</table>
</div>
						<ul class='screenshots'>
							<li><img class='r-img' onerror='this.style.display="none"' data-featherlight='ReportLogs\TC1644_createChannelWithCategoryCulture-0.png' src='ReportLogs\TC1644_createChannelWithCategoryCulture-0.png' data-src='ReportLogs\TC1644_createChannelWithCategoryCulture-0.png'></li>
							<li><img class='r-img' onerror='this.style.display="none"' data-featherlight='ReportLogs\TC1644_createChannelWithCategoryCulture-1.png' src='ReportLogs\TC1644_createChannelWithCategoryCulture-1.png' data-src='ReportLogs\TC1644_createChannelWithCategoryCulture-1.png'></li>
						</ul>
					</div>
				</li>
				<li class='test displayed active  pass' status='pass' bdd='false' test-id='38'>
					<div class='test-heading'>
						<span class='test-name'>TC1645_createChannelWithCategoryInnovation</span>
						<span class='test-time'>Jun 28, 2022 10:56:30 AM</span>
						<span class='test-status right pass'>pass</span>
					</div>
					<div class='test-content hide'>
<div class='test-time-info'>
	<span class='label start-time'>Jun 28, 2022 10:56:30 AM</span>
	<span class='label end-time'>Jun 28, 2022 10:56:30 AM</span>
	<span class='label time-taken grey lighten-1 white-text'>0h 0m 0s+0ms</span>
</div>
<div class='test-attributes'>
	<div class='category-list'>
		<span class='category label'>CHANNELS</span>
	</div>
</div>
<div class='test-steps'>
	<table class='bordered table-results'>
		<thead>
			<tr>
				<th>Status</th>
				<th>Timestamp</th>
				<th>Details</th>
			</tr>
		</thead>
		<tbody>
			<tr class='log' status='info'>
				<td class='status info' title='info' alt='info'><i class='material-icons'>info_outline</i></td>
				<td class='timestamp'>10:56:30 AM</td>
				<td class='step-details'>
						<font style='color:#013ADF;'><b>Test purpose: Create a channel with Innovation category</b></font>
					
				</td>
			</tr>
		</tbody>
	</table>
</div>
					</div>
				</li>
				<li class='test displayed active  skip' status='skip' bdd='false' test-id='39'>
					<div class='test-heading'>
						<span class='test-name'>TC1645_createChannelWithCategoryInnovation</span>
						<span class='test-time'>Jun 28, 2022 10:56:30 AM</span>
						<span class='test-status right skip'>skip</span>
					</div>
					<div class='test-content hide'>
<div class='test-time-info'>
	<span class='label start-time'>Jun 28, 2022 10:56:30 AM</span>
	<span class='label end-time'>Jun 28, 2022 10:56:30 AM</span>
	<span class='label time-taken grey lighten-1 white-text'>0h 0m 0s+0ms</span>
</div>
<div class='test-attributes'>
	<div class='category-list'>
		<span class='category label'>CHANNELS</span>
	</div>
</div>
<div class='test-steps'>
	<table class='bordered table-results'>
		<thead>
			<tr>
				<th>Status</th>
				<th>Timestamp</th>
				<th>Details</th>
			</tr>
		</thead>
		<tbody>
			<tr class='log' status='info'>
				<td class='status info' title='info' alt='info'><i class='material-icons'>info_outline</i></td>
				<td class='timestamp'>10:56:30 AM</td>
				<td class='step-details'>
						<font style='color:#013ADF;'><b>Test purpose: Create a channel with Innovation category</b></font>
					
				</td>
			</tr>
			<tr class='log' status='skip'>
				<td class='status skip' title='skip' alt='skip'><i class='material-icons'>redo</i></td>
				<td class='timestamp'>10:56:30 AM</td>
				<td class='step-details'>
						TC1645_createChannelWithCategoryInnovation
					
				</td>
			</tr>
			<tr class='log' status='skip'>
				<td class='status skip' title='skip' alt='skip'><i class='material-icons'>redo</i></td>
				<td class='timestamp'>10:56:30 AM</td>
				<td class='step-details'>
						Test Case: TC1645_createChannelWithCategoryInnovation has been skipped
					
				</td>
			</tr>
		</tbody>
	</table>
</div>
					</div>
				</li>
				<li class='test displayed active  pass' status='pass' bdd='false' test-id='40'>
					<div class='test-heading'>
						<span class='test-name'>TC1646_createChannelWithCategoryHiTech</span>
						<span class='test-time'>Jun 28, 2022 10:56:30 AM</span>
						<span class='test-status right pass'>pass</span>
					</div>
					<div class='test-content hide'>
<div class='test-time-info'>
	<span class='label start-time'>Jun 28, 2022 10:56:30 AM</span>
	<span class='label end-time'>Jun 28, 2022 10:56:30 AM</span>
	<span class='label time-taken grey lighten-1 white-text'>0h 0m 0s+0ms</span>
</div>
<div class='test-attributes'>
	<div class='category-list'>
		<span class='category label'>CHANNELS</span>
	</div>
</div>
<div class='test-steps'>
	<table class='bordered table-results'>
		<thead>
			<tr>
				<th>Status</th>
				<th>Timestamp</th>
				<th>Details</th>
			</tr>
		</thead>
		<tbody>
			<tr class='log' status='info'>
				<td class='status info' title='info' alt='info'><i class='material-icons'>info_outline</i></td>
				<td class='timestamp'>10:56:30 AM</td>
				<td class='step-details'>
						<font style='color:#013ADF;'><b>Test purpose: Create a channel with Hi-Tech category</b></font>
					
				</td>
			</tr>
		</tbody>
	</table>
</div>
					</div>
				</li>
				<li class='test displayed active  skip' status='skip' bdd='false' test-id='41'>
					<div class='test-heading'>
						<span class='test-name'>TC1646_createChannelWithCategoryHiTech</span>
						<span class='test-time'>Jun 28, 2022 10:56:30 AM</span>
						<span class='test-status right skip'>skip</span>
					</div>
					<div class='test-content hide'>
<div class='test-time-info'>
	<span class='label start-time'>Jun 28, 2022 10:56:30 AM</span>
	<span class='label end-time'>Jun 28, 2022 10:56:30 AM</span>
	<span class='label time-taken grey lighten-1 white-text'>0h 0m 0s+0ms</span>
</div>
<div class='test-attributes'>
	<div class='category-list'>
		<span class='category label'>CHANNELS</span>
	</div>
</div>
<div class='test-steps'>
	<table class='bordered table-results'>
		<thead>
			<tr>
				<th>Status</th>
				<th>Timestamp</th>
				<th>Details</th>
			</tr>
		</thead>
		<tbody>
			<tr class='log' status='info'>
				<td class='status info' title='info' alt='info'><i class='material-icons'>info_outline</i></td>
				<td class='timestamp'>10:56:30 AM</td>
				<td class='step-details'>
						<font style='color:#013ADF;'><b>Test purpose: Create a channel with Hi-Tech category</b></font>
					
				</td>
			</tr>
			<tr class='log' status='skip'>
				<td class='status skip' title='skip' alt='skip'><i class='material-icons'>redo</i></td>
				<td class='timestamp'>10:56:30 AM</td>
				<td class='step-details'>
						TC1646_createChannelWithCategoryHiTech
					
				</td>
			</tr>
			<tr class='log' status='skip'>
				<td class='status skip' title='skip' alt='skip'><i class='material-icons'>redo</i></td>
				<td class='timestamp'>10:56:30 AM</td>
				<td class='step-details'>
						Test Case: TC1646_createChannelWithCategoryHiTech has been skipped
					
				</td>
			</tr>
		</tbody>
	</table>
</div>
					</div>
				</li>
				<li class='test displayed active  pass' status='pass' bdd='false' test-id='42'>
					<div class='test-heading'>
						<span class='test-name'>TC1647_createChannelWithCategorySocialMedia</span>
						<span class='test-time'>Jun 28, 2022 10:56:30 AM</span>
						<span class='test-status right pass'>pass</span>
					</div>
					<div class='test-content hide'>
<div class='test-time-info'>
	<span class='label start-time'>Jun 28, 2022 10:56:30 AM</span>
	<span class='label end-time'>Jun 28, 2022 10:56:30 AM</span>
	<span class='label time-taken grey lighten-1 white-text'>0h 0m 0s+0ms</span>
</div>
<div class='test-attributes'>
	<div class='category-list'>
		<span class='category label'>CHANNELS</span>
	</div>
</div>
<div class='test-steps'>
	<table class='bordered table-results'>
		<thead>
			<tr>
				<th>Status</th>
				<th>Timestamp</th>
				<th>Details</th>
			</tr>
		</thead>
		<tbody>
			<tr class='log' status='info'>
				<td class='status info' title='info' alt='info'><i class='material-icons'>info_outline</i></td>
				<td class='timestamp'>10:56:30 AM</td>
				<td class='step-details'>
						<font style='color:#013ADF;'><b>Test purpose: Create a channel with Social media category</b></font>
					
				</td>
			</tr>
		</tbody>
	</table>
</div>
					</div>
				</li>
				<li class='test displayed active  skip' status='skip' bdd='false' test-id='43'>
					<div class='test-heading'>
						<span class='test-name'>TC1647_createChannelWithCategorySocialMedia</span>
						<span class='test-time'>Jun 28, 2022 10:56:30 AM</span>
						<span class='test-status right skip'>skip</span>
					</div>
					<div class='test-content hide'>
<div class='test-time-info'>
	<span class='label start-time'>Jun 28, 2022 10:56:30 AM</span>
	<span class='label end-time'>Jun 28, 2022 10:56:30 AM</span>
	<span class='label time-taken grey lighten-1 white-text'>0h 0m 0s+0ms</span>
</div>
<div class='test-attributes'>
	<div class='category-list'>
		<span class='category label'>CHANNELS</span>
	</div>
</div>
<div class='test-steps'>
	<table class='bordered table-results'>
		<thead>
			<tr>
				<th>Status</th>
				<th>Timestamp</th>
				<th>Details</th>
			</tr>
		</thead>
		<tbody>
			<tr class='log' status='info'>
				<td class='status info' title='info' alt='info'><i class='material-icons'>info_outline</i></td>
				<td class='timestamp'>10:56:30 AM</td>
				<td class='step-details'>
						<font style='color:#013ADF;'><b>Test purpose: Create a channel with Social media category</b></font>
					
				</td>
			</tr>
			<tr class='log' status='skip'>
				<td class='status skip' title='skip' alt='skip'><i class='material-icons'>redo</i></td>
				<td class='timestamp'>10:56:30 AM</td>
				<td class='step-details'>
						TC1647_createChannelWithCategorySocialMedia
					
				</td>
			</tr>
			<tr class='log' status='skip'>
				<td class='status skip' title='skip' alt='skip'><i class='material-icons'>redo</i></td>
				<td class='timestamp'>10:56:30 AM</td>
				<td class='step-details'>
						Test Case: TC1647_createChannelWithCategorySocialMedia has been skipped
					
				</td>
			</tr>
		</tbody>
	</table>
</div>
					</div>
				</li>
				<li class='test displayed active  fail' status='fail' bdd='false' test-id='44'>
					<div class='test-heading'>
						<span class='test-name'>TC1650_modifyChannelAndFollowerSeeModification</span>
						<span class='test-time'>Jun 28, 2022 10:56:30 AM</span>
						<span class='test-status right fail'>fail</span>
					</div>
					<div class='test-content hide'>
<div class='test-time-info'>
	<span class='label start-time'>Jun 28, 2022 10:56:30 AM</span>
	<span class='label end-time'>Jun 28, 2022 10:56:46 AM</span>
	<span class='label time-taken grey lighten-1 white-text'>0h 0m 15s+336ms</span>
</div>
<div class='test-attributes'>
	<div class='category-list'>
		<span class='category label'>CHANNELS</span>
	</div>
</div>
<div class='test-steps'>
	<table class='bordered table-results'>
		<thead>
			<tr>
				<th>Status</th>
				<th>Timestamp</th>
				<th>Details</th>
			</tr>
		</thead>
		<tbody>
			<tr class='log' status='info'>
				<td class='status info' title='info' alt='info'><i class='material-icons'>info_outline</i></td>
				<td class='timestamp'>10:56:30 AM</td>
				<td class='step-details'>
						<font style='color:#013ADF;'><b>Test purpose: modify a channel and follower can see the modification</b></font>
					
				</td>
			</tr>
			<tr class='log' status='fail'>
				<td class='status fail' title='fail' alt='fail'><i class='material-icons'>cancel</i></td>
				<td class='timestamp'>10:56:45 AM</td>
				<td class='step-details'>
						TC1650_modifyChannelAndFollowerSeeModification
					
				</td>
			</tr>
			<tr class='log' status='fail'>
				<td class='status fail' title='fail' alt='fail'><i class='material-icons'>cancel</i></td>
				<td class='timestamp'>10:56:45 AM</td>
				<td class='step-details'>
						<textarea disabled class="code-block">org.openqa.selenium.NoSuchElementException: no such element: Unable to locate element: {"method":"css selector","selector":"channeldetails"}
  (Session info: chrome=103.0.5060.53)
For documentation on this error, please visit: https://www.seleniumhq.org/exceptions/no_such_element.html
Build info: version: '3.141.59', revision: 'e82be7d358', time: '2018-11-14T08:17:03'
System info: host: 'LPF2LTVCZ', ip: '192.168.0.142', os.name: 'Windows 11', os.arch: 'amd64', os.version: '10.0', java.version: '1.8.0_333'
Driver info: org.openqa.selenium.chrome.ChromeDriver
Capabilities {acceptInsecureCerts: false, browserName: chrome, browserVersion: 103.0.5060.53, chrome: {chromedriverVersion: 103.0.5060.53 (a1711811edd7..., userDataDir: C:\Users\zittel\AppData\Loc...}, goog:chromeOptions: {debuggerAddress: localhost:65186}, javascriptEnabled: true, networkConnectionEnabled: false, pageLoadStrategy: normal, platform: WINDOWS, platformName: WINDOWS, proxy: Proxy(), setWindowRect: true, strictFileInteractability: false, timeouts: {implicit: 0, pageLoad: 300000, script: 30000}, unhandledPromptBehavior: dismiss and notify, webauthn:extension:credBlob: true, webauthn:extension:largeBlob: true, webauthn:virtualAuthenticators: true}
Session ID: 316e58b2971c44655f4599f3a37051e9
*** Element info: {Using=css selector, value=channeldetails}
	at sun.reflect.GeneratedConstructorAccessor54.newInstance(Unknown Source)
	at sun.reflect.DelegatingConstructorAccessorImpl.newInstance(DelegatingConstructorAccessorImpl.java:45)
	at java.lang.reflect.Constructor.newInstance(Constructor.java:423)
	at org.openqa.selenium.remote.http.W3CHttpResponseCodec.createException(W3CHttpResponseCodec.java:187)
	at org.openqa.selenium.remote.http.W3CHttpResponseCodec.decode(W3CHttpResponseCodec.java:122)
	at org.openqa.selenium.remote.http.W3CHttpResponseCodec.decode(W3CHttpResponseCodec.java:49)
	at org.openqa.selenium.remote.HttpCommandExecutor.execute(HttpCommandExecutor.java:158)
	at org.openqa.selenium.remote.service.DriverCommandExecutor.execute(DriverCommandExecutor.java:83)
	at org.openqa.selenium.remote.RemoteWebDriver.execute(RemoteWebDriver.java:552)
	at org.openqa.selenium.remote.RemoteWebElement.execute(RemoteWebElement.java:285)
	at org.openqa.selenium.remote.RemoteWebElement.findElement(RemoteWebElement.java:185)
	at org.openqa.selenium.remote.RemoteWebElement.findElementByCssSelector(RemoteWebElement.java:253)
	at org.openqa.selenium.By$ByCssSelector.findElement(By.java:431)
	at org.openqa.selenium.remote.RemoteWebElement.findElement(RemoteWebElement.java:181)
	at net.cloudservices.operations.qa.IntegrationTests.objects.WebClients.Searcher.waitElementUntil(Searcher.java:506)
	at net.cloudservices.operations.qa.IntegrationTests.objects.WebClients.RainbowWebElement.waitElementUntil(RainbowWebElement.java:432)
	at net.cloudservices.operations.qa.IntegrationTests.objects.WebClients.Channels.getChannelDetails(Channels.java:34)
	at net.cloudservices.operations.qa.IntegrationTests.Clients.actors.WebClients.ActorCHAN.lambda$_073_openEditChannelManageUser$58(ActorCHAN.java:453)
	at net.cloudservices.operations.qa.IntegrationTests.general.ActorOrChecker.wrap(ActorOrChecker.java:79)
	at net.cloudservices.operations.qa.IntegrationTests.Clients.actors.WebClients.ActorCHAN._073_openEditChannelManageUser(ActorCHAN.java:452)
	at net.cloudservices.operations.qa.Tests.WebClients.TS_Channels.TC1650_modifyChannelAndFollowerSeeModification(TS_Channels.java:1280)
	at sun.reflect.NativeMethodAccessorImpl.invoke0(Native Method)
	at sun.reflect.NativeMethodAccessorImpl.invoke(NativeMethodAccessorImpl.java:62)
	at sun.reflect.DelegatingMethodAccessorImpl.invoke(DelegatingMethodAccessorImpl.java:43)
	at java.lang.reflect.Method.invoke(Method.java:498)
	at org.testng.internal.MethodInvocationHelper.invokeMethod(MethodInvocationHelper.java:133)
	at org.testng.internal.TestInvoker.invokeMethod(TestInvoker.java:598)
	at org.testng.internal.TestInvoker.invokeTestMethod(TestInvoker.java:173)
	at org.testng.internal.MethodRunner.runInSequence(MethodRunner.java:46)
	at org.testng.internal.TestInvoker$MethodInvocationAgent.invoke(TestInvoker.java:824)
	at org.testng.internal.TestInvoker.invokeTestMethods(TestInvoker.java:146)
	at org.testng.internal.TestMethodWorker.invokeTestMethods(TestMethodWorker.java:146)
	at org.testng.internal.TestMethodWorker.run(TestMethodWorker.java:128)
	at java.util.ArrayList.forEach(ArrayList.java:1259)
	at org.testng.TestRunner.privateRun(TestRunner.java:794)
	at org.testng.TestRunner.run(TestRunner.java:596)
	at org.testng.SuiteRunner.runTest(SuiteRunner.java:377)
	at org.testng.SuiteRunner.runSequentially(SuiteRunner.java:371)
	at org.testng.SuiteRunner.privateRun(SuiteRunner.java:332)
	at org.testng.SuiteRunner.run(SuiteRunner.java:276)
	at org.testng.SuiteRunnerWorker.runSuite(SuiteRunnerWorker.java:53)
	at org.testng.SuiteRunnerWorker.run(SuiteRunnerWorker.java:96)
	at org.testng.TestNG.runSuitesSequentially(TestNG.java:1212)
	at org.testng.TestNG.runSuitesLocally(TestNG.java:1134)
	at org.testng.TestNG.runSuites(TestNG.java:1063)
	at org.testng.TestNG.run(TestNG.java:1031)
	at org.apache.maven.surefire.testng.TestNGExecutor.run(TestNGExecutor.java:73)
	at org.apache.maven.surefire.testng.TestNGXmlTestSuite.execute(TestNGXmlTestSuite.java:94)
	at org.apache.maven.surefire.Surefire.run(Surefire.java:169)
	at sun.reflect.NativeMethodAccessorImpl.invoke0(Native Method)
	at sun.reflect.NativeMethodAccessorImpl.invoke(NativeMethodAccessorImpl.java:62)
	at sun.reflect.DelegatingMethodAccessorImpl.invoke(DelegatingMethodAccessorImpl.java:43)
	at java.lang.reflect.Method.invoke(Method.java:498)
	at org.apache.maven.surefire.booter.SurefireBooter.runSuitesInProcess(SurefireBooter.java:350)
	at org.apache.maven.surefire.booter.SurefireBooter.main(SurefireBooter.java:1021)
</textarea>
					
				</td>
			</tr>
			<tr class='log' status='fail'>
				<td class='status fail' title='fail' alt='fail'><i class='material-icons'>cancel</i></td>
				<td class='timestamp'>10:56:45 AM</td>
				<td class='step-details'>
						Screenshot Device 0: see thumbnail below
					
				</td>
			</tr>
			<tr class='log' status='info'>
				<td class='status info' title='info' alt='info'><i class='material-icons'>info_outline</i></td>
				<td class='timestamp'>10:56:45 AM</td>
				<td class='step-details'>
						<a href=''>Logs from Device 0</a>
					
				</td>
			</tr>
			<tr class='log' status='fail'>
				<td class='status fail' title='fail' alt='fail'><i class='material-icons'>cancel</i></td>
				<td class='timestamp'>10:56:46 AM</td>
				<td class='step-details'>
						Screenshot Device 1: see thumbnail below
					
				</td>
			</tr>
			<tr class='log' status='info'>
				<td class='status info' title='info' alt='info'><i class='material-icons'>info_outline</i></td>
				<td class='timestamp'>10:56:46 AM</td>
				<td class='step-details'>
						<a href=''>Logs from Device 1</a>
					
				</td>
			</tr>
		</tbody>
	</table>
</div>
						<ul class='screenshots'>
							<li><img class='r-img' onerror='this.style.display="none"' data-featherlight='ReportLogs\TC1650_modifyChannelAndFollowerSeeModification-0.png' src='ReportLogs\TC1650_modifyChannelAndFollowerSeeModification-0.png' data-src='ReportLogs\TC1650_modifyChannelAndFollowerSeeModification-0.png'></li>
							<li><img class='r-img' onerror='this.style.display="none"' data-featherlight='ReportLogs\TC1650_modifyChannelAndFollowerSeeModification-1.png' src='ReportLogs\TC1650_modifyChannelAndFollowerSeeModification-1.png' data-src='ReportLogs\TC1650_modifyChannelAndFollowerSeeModification-1.png'></li>
						</ul>
					</div>
				</li>
				<li class='test displayed active  fail' status='fail' bdd='false' test-id='45'>
					<div class='test-heading'>
						<span class='test-name'>TC1651_inviteToChannel</span>
						<span class='test-time'>Jun 28, 2022 10:57:33 AM</span>
						<span class='test-status right fail'>fail</span>
					</div>
					<div class='test-content hide'>
<div class='test-time-info'>
	<span class='label start-time'>Jun 28, 2022 10:57:33 AM</span>
	<span class='label end-time'>Jun 28, 2022 10:57:51 AM</span>
	<span class='label time-taken grey lighten-1 white-text'>0h 0m 18s+156ms</span>
</div>
<div class='test-attributes'>
	<div class='category-list'>
		<span class='category label'>CHANNELS</span>
	</div>
</div>
<div class='test-steps'>
	<table class='bordered table-results'>
		<thead>
			<tr>
				<th>Status</th>
				<th>Timestamp</th>
				<th>Details</th>
			</tr>
		</thead>
		<tbody>
			<tr class='log' status='info'>
				<td class='status info' title='info' alt='info'><i class='material-icons'>info_outline</i></td>
				<td class='timestamp'>10:57:33 AM</td>
				<td class='step-details'>
						<font style='color:#013ADF;'><b>Test purpose: Invite someone in the channel</b></font>
					
				</td>
			</tr>
			<tr class='log' status='fail'>
				<td class='status fail' title='fail' alt='fail'><i class='material-icons'>cancel</i></td>
				<td class='timestamp'>10:57:51 AM</td>
				<td class='step-details'>
						TC1651_inviteToChannel
					
				</td>
			</tr>
			<tr class='log' status='fail'>
				<td class='status fail' title='fail' alt='fail'><i class='material-icons'>cancel</i></td>
				<td class='timestamp'>10:57:51 AM</td>
				<td class='step-details'>
						<textarea disabled class="code-block">org.openqa.selenium.NoSuchElementException: no such element: Unable to locate element: {"method":"css selector","selector":"channeldetails"}
  (Session info: chrome=103.0.5060.53)
For documentation on this error, please visit: https://www.seleniumhq.org/exceptions/no_such_element.html
Build info: version: '3.141.59', revision: 'e82be7d358', time: '2018-11-14T08:17:03'
System info: host: 'LPF2LTVCZ', ip: '192.168.0.142', os.name: 'Windows 11', os.arch: 'amd64', os.version: '10.0', java.version: '1.8.0_333'
Driver info: org.openqa.selenium.chrome.ChromeDriver
Capabilities {acceptInsecureCerts: false, browserName: chrome, browserVersion: 103.0.5060.53, chrome: {chromedriverVersion: 103.0.5060.53 (a1711811edd7..., userDataDir: C:\Users\zittel\AppData\Loc...}, goog:chromeOptions: {debuggerAddress: localhost:65186}, javascriptEnabled: true, networkConnectionEnabled: false, pageLoadStrategy: normal, platform: WINDOWS, platformName: WINDOWS, proxy: Proxy(), setWindowRect: true, strictFileInteractability: false, timeouts: {implicit: 0, pageLoad: 300000, script: 30000}, unhandledPromptBehavior: dismiss and notify, webauthn:extension:credBlob: true, webauthn:extension:largeBlob: true, webauthn:virtualAuthenticators: true}
Session ID: 316e58b2971c44655f4599f3a37051e9
*** Element info: {Using=css selector, value=channeldetails}
	at sun.reflect.GeneratedConstructorAccessor54.newInstance(Unknown Source)
	at sun.reflect.DelegatingConstructorAccessorImpl.newInstance(DelegatingConstructorAccessorImpl.java:45)
	at java.lang.reflect.Constructor.newInstance(Constructor.java:423)
	at org.openqa.selenium.remote.http.W3CHttpResponseCodec.createException(W3CHttpResponseCodec.java:187)
	at org.openqa.selenium.remote.http.W3CHttpResponseCodec.decode(W3CHttpResponseCodec.java:122)
	at org.openqa.selenium.remote.http.W3CHttpResponseCodec.decode(W3CHttpResponseCodec.java:49)
	at org.openqa.selenium.remote.HttpCommandExecutor.execute(HttpCommandExecutor.java:158)
	at org.openqa.selenium.remote.service.DriverCommandExecutor.execute(DriverCommandExecutor.java:83)
	at org.openqa.selenium.remote.RemoteWebDriver.execute(RemoteWebDriver.java:552)
	at org.openqa.selenium.remote.RemoteWebElement.execute(RemoteWebElement.java:285)
	at org.openqa.selenium.remote.RemoteWebElement.findElement(RemoteWebElement.java:185)
	at org.openqa.selenium.remote.RemoteWebElement.findElementByCssSelector(RemoteWebElement.java:253)
	at org.openqa.selenium.By$ByCssSelector.findElement(By.java:431)
	at org.openqa.selenium.remote.RemoteWebElement.findElement(RemoteWebElement.java:181)
	at net.cloudservices.operations.qa.IntegrationTests.objects.WebClients.Searcher.waitElementUntil(Searcher.java:506)
	at net.cloudservices.operations.qa.IntegrationTests.objects.WebClients.RainbowWebElement.waitElementUntil(RainbowWebElement.java:432)
	at net.cloudservices.operations.qa.IntegrationTests.objects.WebClients.Channels.getChannelDetails(Channels.java:34)
	at net.cloudservices.operations.qa.IntegrationTests.Clients.actors.WebClients.ActorCHAN.lambda$_073_openEditChannelManageUser$58(ActorCHAN.java:453)
	at net.cloudservices.operations.qa.IntegrationTests.general.ActorOrChecker.wrap(ActorOrChecker.java:79)
	at net.cloudservices.operations.qa.IntegrationTests.Clients.actors.WebClients.ActorCHAN._073_openEditChannelManageUser(ActorCHAN.java:452)
	at net.cloudservices.operations.qa.Tests.WebClients.TS_Channels.TC1651_inviteToChannel(TS_Channels.java:1345)
	at sun.reflect.NativeMethodAccessorImpl.invoke0(Native Method)
	at sun.reflect.NativeMethodAccessorImpl.invoke(NativeMethodAccessorImpl.java:62)
	at sun.reflect.DelegatingMethodAccessorImpl.invoke(DelegatingMethodAccessorImpl.java:43)
	at java.lang.reflect.Method.invoke(Method.java:498)
	at org.testng.internal.MethodInvocationHelper.invokeMethod(MethodInvocationHelper.java:133)
	at org.testng.internal.TestInvoker.invokeMethod(TestInvoker.java:598)
	at org.testng.internal.TestInvoker.invokeTestMethod(TestInvoker.java:173)
	at org.testng.internal.MethodRunner.runInSequence(MethodRunner.java:46)
	at org.testng.internal.TestInvoker$MethodInvocationAgent.invoke(TestInvoker.java:824)
	at org.testng.internal.TestInvoker.invokeTestMethods(TestInvoker.java:146)
	at org.testng.internal.TestMethodWorker.invokeTestMethods(TestMethodWorker.java:146)
	at org.testng.internal.TestMethodWorker.run(TestMethodWorker.java:128)
	at java.util.ArrayList.forEach(ArrayList.java:1259)
	at org.testng.TestRunner.privateRun(TestRunner.java:794)
	at org.testng.TestRunner.run(TestRunner.java:596)
	at org.testng.SuiteRunner.runTest(SuiteRunner.java:377)
	at org.testng.SuiteRunner.runSequentially(SuiteRunner.java:371)
	at org.testng.SuiteRunner.privateRun(SuiteRunner.java:332)
	at org.testng.SuiteRunner.run(SuiteRunner.java:276)
	at org.testng.SuiteRunnerWorker.runSuite(SuiteRunnerWorker.java:53)
	at org.testng.SuiteRunnerWorker.run(SuiteRunnerWorker.java:96)
	at org.testng.TestNG.runSuitesSequentially(TestNG.java:1212)
	at org.testng.TestNG.runSuitesLocally(TestNG.java:1134)
	at org.testng.TestNG.runSuites(TestNG.java:1063)
	at org.testng.TestNG.run(TestNG.java:1031)
	at org.apache.maven.surefire.testng.TestNGExecutor.run(TestNGExecutor.java:73)
	at org.apache.maven.surefire.testng.TestNGXmlTestSuite.execute(TestNGXmlTestSuite.java:94)
	at org.apache.maven.surefire.Surefire.run(Surefire.java:169)
	at sun.reflect.NativeMethodAccessorImpl.invoke0(Native Method)
	at sun.reflect.NativeMethodAccessorImpl.invoke(NativeMethodAccessorImpl.java:62)
	at sun.reflect.DelegatingMethodAccessorImpl.invoke(DelegatingMethodAccessorImpl.java:43)
	at java.lang.reflect.Method.invoke(Method.java:498)
	at org.apache.maven.surefire.booter.SurefireBooter.runSuitesInProcess(SurefireBooter.java:350)
	at org.apache.maven.surefire.booter.SurefireBooter.main(SurefireBooter.java:1021)
</textarea>
					
				</td>
			</tr>
			<tr class='log' status='fail'>
				<td class='status fail' title='fail' alt='fail'><i class='material-icons'>cancel</i></td>
				<td class='timestamp'>10:57:51 AM</td>
				<td class='step-details'>
						Screenshot Device 0: see thumbnail below
					
				</td>
			</tr>
			<tr class='log' status='info'>
				<td class='status info' title='info' alt='info'><i class='material-icons'>info_outline</i></td>
				<td class='timestamp'>10:57:51 AM</td>
				<td class='step-details'>
						<a href=''>Logs from Device 0</a>
					
				</td>
			</tr>
			<tr class='log' status='fail'>
				<td class='status fail' title='fail' alt='fail'><i class='material-icons'>cancel</i></td>
				<td class='timestamp'>10:57:51 AM</td>
				<td class='step-details'>
						Screenshot Device 1: see thumbnail below
					
				</td>
			</tr>
			<tr class='log' status='info'>
				<td class='status info' title='info' alt='info'><i class='material-icons'>info_outline</i></td>
				<td class='timestamp'>10:57:51 AM</td>
				<td class='step-details'>
						<a href=''>Logs from Device 1</a>
					
				</td>
			</tr>
		</tbody>
	</table>
</div>
						<ul class='screenshots'>
							<li><img class='r-img' onerror='this.style.display="none"' data-featherlight='ReportLogs\TC1651_inviteToChannel-0.png' src='ReportLogs\TC1651_inviteToChannel-0.png' data-src='ReportLogs\TC1651_inviteToChannel-0.png'></li>
							<li><img class='r-img' onerror='this.style.display="none"' data-featherlight='ReportLogs\TC1651_inviteToChannel-1.png' src='ReportLogs\TC1651_inviteToChannel-1.png' data-src='ReportLogs\TC1651_inviteToChannel-1.png'></li>
						</ul>
					</div>
				</li>
				<li class='test displayed active  pass' status='pass' bdd='false' test-id='46'>
					<div class='test-heading'>
						<span class='test-name'>TC1652_promoteUserToPublisher</span>
						<span class='test-time'>Jun 28, 2022 10:58:33 AM</span>
						<span class='test-status right pass'>pass</span>
					</div>
					<div class='test-content hide'>
<div class='test-time-info'>
	<span class='label start-time'>Jun 28, 2022 10:58:33 AM</span>
	<span class='label end-time'>Jun 28, 2022 10:58:33 AM</span>
	<span class='label time-taken grey lighten-1 white-text'>0h 0m 0s+0ms</span>
</div>
<div class='test-attributes'>
	<div class='category-list'>
		<span class='category label'>CHANNELS</span>
	</div>
</div>
<div class='test-steps'>
	<table class='bordered table-results'>
		<thead>
			<tr>
				<th>Status</th>
				<th>Timestamp</th>
				<th>Details</th>
			</tr>
		</thead>
		<tbody>
			<tr class='log' status='info'>
				<td class='status info' title='info' alt='info'><i class='material-icons'>info_outline</i></td>
				<td class='timestamp'>10:58:33 AM</td>
				<td class='step-details'>
						<font style='color:#013ADF;'><b>Test purpose: Promote user to publisher</b></font>
					
				</td>
			</tr>
		</tbody>
	</table>
</div>
					</div>
				</li>
				<li class='test displayed active  skip' status='skip' bdd='false' test-id='47'>
					<div class='test-heading'>
						<span class='test-name'>TC1652_promoteUserToPublisher</span>
						<span class='test-time'>Jun 28, 2022 10:58:33 AM</span>
						<span class='test-status right skip'>skip</span>
					</div>
					<div class='test-content hide'>
<div class='test-time-info'>
	<span class='label start-time'>Jun 28, 2022 10:58:33 AM</span>
	<span class='label end-time'>Jun 28, 2022 10:58:33 AM</span>
	<span class='label time-taken grey lighten-1 white-text'>0h 0m 0s+0ms</span>
</div>
<div class='test-attributes'>
	<div class='category-list'>
		<span class='category label'>CHANNELS</span>
	</div>
</div>
<div class='test-steps'>
	<table class='bordered table-results'>
		<thead>
			<tr>
				<th>Status</th>
				<th>Timestamp</th>
				<th>Details</th>
			</tr>
		</thead>
		<tbody>
			<tr class='log' status='info'>
				<td class='status info' title='info' alt='info'><i class='material-icons'>info_outline</i></td>
				<td class='timestamp'>10:58:33 AM</td>
				<td class='step-details'>
						<font style='color:#013ADF;'><b>Test purpose: Promote user to publisher</b></font>
					
				</td>
			</tr>
			<tr class='log' status='skip'>
				<td class='status skip' title='skip' alt='skip'><i class='material-icons'>redo</i></td>
				<td class='timestamp'>10:58:33 AM</td>
				<td class='step-details'>
						TC1652_promoteUserToPublisher
					
				</td>
			</tr>
			<tr class='log' status='skip'>
				<td class='status skip' title='skip' alt='skip'><i class='material-icons'>redo</i></td>
				<td class='timestamp'>10:58:33 AM</td>
				<td class='step-details'>
						Test Case: TC1652_promoteUserToPublisher has been skipped
					
				</td>
			</tr>
		</tbody>
	</table>
</div>
					</div>
				</li>
				<li class='test displayed active  pass' status='pass' bdd='false' test-id='48'>
					<div class='test-heading'>
						<span class='test-name'>TC1653_demotePublisherToUser</span>
						<span class='test-time'>Jun 28, 2022 10:58:33 AM</span>
						<span class='test-status right pass'>pass</span>
					</div>
					<div class='test-content hide'>
<div class='test-time-info'>
	<span class='label start-time'>Jun 28, 2022 10:58:33 AM</span>
	<span class='label end-time'>Jun 28, 2022 10:58:33 AM</span>
	<span class='label time-taken grey lighten-1 white-text'>0h 0m 0s+0ms</span>
</div>
<div class='test-attributes'>
	<div class='category-list'>
		<span class='category label'>CHANNELS</span>
	</div>
</div>
<div class='test-steps'>
	<table class='bordered table-results'>
		<thead>
			<tr>
				<th>Status</th>
				<th>Timestamp</th>
				<th>Details</th>
			</tr>
		</thead>
		<tbody>
			<tr class='log' status='info'>
				<td class='status info' title='info' alt='info'><i class='material-icons'>info_outline</i></td>
				<td class='timestamp'>10:58:33 AM</td>
				<td class='step-details'>
						<font style='color:#013ADF;'><b>Test purpose: Demote publisher to user</b></font>
					
				</td>
			</tr>
		</tbody>
	</table>
</div>
					</div>
				</li>
				<li class='test displayed active  skip' status='skip' bdd='false' test-id='49'>
					<div class='test-heading'>
						<span class='test-name'>TC1653_demotePublisherToUser</span>
						<span class='test-time'>Jun 28, 2022 10:58:33 AM</span>
						<span class='test-status right skip'>skip</span>
					</div>
					<div class='test-content hide'>
<div class='test-time-info'>
	<span class='label start-time'>Jun 28, 2022 10:58:33 AM</span>
	<span class='label end-time'>Jun 28, 2022 10:58:33 AM</span>
	<span class='label time-taken grey lighten-1 white-text'>0h 0m 0s+0ms</span>
</div>
<div class='test-attributes'>
	<div class='category-list'>
		<span class='category label'>CHANNELS</span>
	</div>
</div>
<div class='test-steps'>
	<table class='bordered table-results'>
		<thead>
			<tr>
				<th>Status</th>
				<th>Timestamp</th>
				<th>Details</th>
			</tr>
		</thead>
		<tbody>
			<tr class='log' status='info'>
				<td class='status info' title='info' alt='info'><i class='material-icons'>info_outline</i></td>
				<td class='timestamp'>10:58:33 AM</td>
				<td class='step-details'>
						<font style='color:#013ADF;'><b>Test purpose: Demote publisher to user</b></font>
					
				</td>
			</tr>
			<tr class='log' status='skip'>
				<td class='status skip' title='skip' alt='skip'><i class='material-icons'>redo</i></td>
				<td class='timestamp'>10:58:33 AM</td>
				<td class='step-details'>
						TC1653_demotePublisherToUser
					
				</td>
			</tr>
			<tr class='log' status='skip'>
				<td class='status skip' title='skip' alt='skip'><i class='material-icons'>redo</i></td>
				<td class='timestamp'>10:58:33 AM</td>
				<td class='step-details'>
						Test Case: TC1653_demotePublisherToUser has been skipped
					
				</td>
			</tr>
		</tbody>
	</table>
</div>
					</div>
				</li>
				<li class='test displayed active  pass' status='pass' bdd='false' test-id='50'>
					<div class='test-heading'>
						<span class='test-name'>TC1654_channelForCompanyCantInviteFromOthers</span>
						<span class='test-time'>Jun 28, 2022 10:58:33 AM</span>
						<span class='test-status right pass'>pass</span>
					</div>
					<div class='test-content hide'>
<div class='test-time-info'>
	<span class='label start-time'>Jun 28, 2022 10:58:33 AM</span>
	<span class='label end-time'>Jun 28, 2022 10:58:33 AM</span>
	<span class='label time-taken grey lighten-1 white-text'>0h 0m 0s+0ms</span>
</div>
<div class='test-attributes'>
	<div class='category-list'>
		<span class='category label'>CHANNELS</span>
	</div>
</div>
<div class='test-steps'>
	<table class='bordered table-results'>
		<thead>
			<tr>
				<th>Status</th>
				<th>Timestamp</th>
				<th>Details</th>
			</tr>
		</thead>
		<tbody>
			<tr class='log' status='info'>
				<td class='status info' title='info' alt='info'><i class='material-icons'>info_outline</i></td>
				<td class='timestamp'>10:58:33 AM</td>
				<td class='step-details'>
						<font style='color:#013ADF;'><b>Test purpose: If channel created for company members only, owner should NOT be able to search for users from other company </b></font>
					
				</td>
			</tr>
		</tbody>
	</table>
</div>
					</div>
				</li>
				<li class='test displayed active  skip' status='skip' bdd='false' test-id='51'>
					<div class='test-heading'>
						<span class='test-name'>TC1654_channelForCompanyCantInviteFromOthers</span>
						<span class='test-time'>Jun 28, 2022 10:58:33 AM</span>
						<span class='test-status right skip'>skip</span>
					</div>
					<div class='test-content hide'>
<div class='test-time-info'>
	<span class='label start-time'>Jun 28, 2022 10:58:33 AM</span>
	<span class='label end-time'>Jun 28, 2022 10:58:33 AM</span>
	<span class='label time-taken grey lighten-1 white-text'>0h 0m 0s+0ms</span>
</div>
<div class='test-attributes'>
	<div class='category-list'>
		<span class='category label'>CHANNELS</span>
	</div>
</div>
<div class='test-steps'>
	<table class='bordered table-results'>
		<thead>
			<tr>
				<th>Status</th>
				<th>Timestamp</th>
				<th>Details</th>
			</tr>
		</thead>
		<tbody>
			<tr class='log' status='info'>
				<td class='status info' title='info' alt='info'><i class='material-icons'>info_outline</i></td>
				<td class='timestamp'>10:58:33 AM</td>
				<td class='step-details'>
						<font style='color:#013ADF;'><b>Test purpose: If channel created for company members only, owner should NOT be able to search for users from other company </b></font>
					
				</td>
			</tr>
			<tr class='log' status='skip'>
				<td class='status skip' title='skip' alt='skip'><i class='material-icons'>redo</i></td>
				<td class='timestamp'>10:58:33 AM</td>
				<td class='step-details'>
						TC1654_channelForCompanyCantInviteFromOthers
					
				</td>
			</tr>
			<tr class='log' status='skip'>
				<td class='status skip' title='skip' alt='skip'><i class='material-icons'>redo</i></td>
				<td class='timestamp'>10:58:33 AM</td>
				<td class='step-details'>
						Test Case: TC1654_channelForCompanyCantInviteFromOthers has been skipped
					
				</td>
			</tr>
		</tbody>
	</table>
</div>
					</div>
				</li>
				<li class='test displayed active  pass' status='pass' bdd='false' test-id='52'>
					<div class='test-heading'>
						<span class='test-name'>TC1655_noResultFoundDisplayed</span>
						<span class='test-time'>Jun 28, 2022 10:58:33 AM</span>
						<span class='test-status right pass'>pass</span>
					</div>
					<div class='test-content hide'>
<div class='test-time-info'>
	<span class='label start-time'>Jun 28, 2022 10:58:33 AM</span>
	<span class='label end-time'>Jun 28, 2022 10:58:33 AM</span>
	<span class='label time-taken grey lighten-1 white-text'>0h 0m 0s+0ms</span>
</div>
<div class='test-attributes'>
	<div class='category-list'>
		<span class='category label'>CHANNELS</span>
	</div>
</div>
<div class='test-steps'>
	<table class='bordered table-results'>
		<thead>
			<tr>
				<th>Status</th>
				<th>Timestamp</th>
				<th>Details</th>
			</tr>
		</thead>
		<tbody>
			<tr class='log' status='info'>
				<td class='status info' title='info' alt='info'><i class='material-icons'>info_outline</i></td>
				<td class='timestamp'>10:58:33 AM</td>
				<td class='step-details'>
						<font style='color:#013ADF;'><b>Test purpose: If the Search action does not provide any results, display "No results found".  </b></font>
					
				</td>
			</tr>
		</tbody>
	</table>
</div>
					</div>
				</li>
				<li class='test displayed active  skip' status='skip' bdd='false' test-id='53'>
					<div class='test-heading'>
						<span class='test-name'>TC1655_noResultFoundDisplayed</span>
						<span class='test-time'>Jun 28, 2022 10:58:33 AM</span>
						<span class='test-status right skip'>skip</span>
					</div>
					<div class='test-content hide'>
<div class='test-time-info'>
	<span class='label start-time'>Jun 28, 2022 10:58:33 AM</span>
	<span class='label end-time'>Jun 28, 2022 10:58:33 AM</span>
	<span class='label time-taken grey lighten-1 white-text'>0h 0m 0s+0ms</span>
</div>
<div class='test-attributes'>
	<div class='category-list'>
		<span class='category label'>CHANNELS</span>
	</div>
</div>
<div class='test-steps'>
	<table class='bordered table-results'>
		<thead>
			<tr>
				<th>Status</th>
				<th>Timestamp</th>
				<th>Details</th>
			</tr>
		</thead>
		<tbody>
			<tr class='log' status='info'>
				<td class='status info' title='info' alt='info'><i class='material-icons'>info_outline</i></td>
				<td class='timestamp'>10:58:33 AM</td>
				<td class='step-details'>
						<font style='color:#013ADF;'><b>Test purpose: If the Search action does not provide any results, display "No results found".  </b></font>
					
				</td>
			</tr>
			<tr class='log' status='skip'>
				<td class='status skip' title='skip' alt='skip'><i class='material-icons'>redo</i></td>
				<td class='timestamp'>10:58:33 AM</td>
				<td class='step-details'>
						TC1655_noResultFoundDisplayed
					
				</td>
			</tr>
			<tr class='log' status='skip'>
				<td class='status skip' title='skip' alt='skip'><i class='material-icons'>redo</i></td>
				<td class='timestamp'>10:58:33 AM</td>
				<td class='step-details'>
						Test Case: TC1655_noResultFoundDisplayed has been skipped
					
				</td>
			</tr>
		</tbody>
	</table>
</div>
					</div>
				</li>
				<li class='test displayed active  pass' status='pass' bdd='false' test-id='54'>
					<div class='test-heading'>
						<span class='test-name'>TC1656_channelForCompanyInviteCompanyMembers</span>
						<span class='test-time'>Jun 28, 2022 10:58:34 AM</span>
						<span class='test-status right pass'>pass</span>
					</div>
					<div class='test-content hide'>
<div class='test-time-info'>
	<span class='label start-time'>Jun 28, 2022 10:58:34 AM</span>
	<span class='label end-time'>Jun 28, 2022 10:58:34 AM</span>
	<span class='label time-taken grey lighten-1 white-text'>0h 0m 0s+0ms</span>
</div>
<div class='test-attributes'>
	<div class='category-list'>
		<span class='category label'>CHANNELS</span>
	</div>
</div>
<div class='test-steps'>
	<table class='bordered table-results'>
		<thead>
			<tr>
				<th>Status</th>
				<th>Timestamp</th>
				<th>Details</th>
			</tr>
		</thead>
		<tbody>
			<tr class='log' status='info'>
				<td class='status info' title='info' alt='info'><i class='material-icons'>info_outline</i></td>
				<td class='timestamp'>10:58:34 AM</td>
				<td class='step-details'>
						<font style='color:#013ADF;'><b>Test purpose: If channel created for company members only, owner should be able to search for users from the company</b></font>
					
				</td>
			</tr>
		</tbody>
	</table>
</div>
					</div>
				</li>
				<li class='test displayed active  skip' status='skip' bdd='false' test-id='55'>
					<div class='test-heading'>
						<span class='test-name'>TC1656_channelForCompanyInviteCompanyMembers</span>
						<span class='test-time'>Jun 28, 2022 10:58:34 AM</span>
						<span class='test-status right skip'>skip</span>
					</div>
					<div class='test-content hide'>
<div class='test-time-info'>
	<span class='label start-time'>Jun 28, 2022 10:58:34 AM</span>
	<span class='label end-time'>Jun 28, 2022 10:58:34 AM</span>
	<span class='label time-taken grey lighten-1 white-text'>0h 0m 0s+0ms</span>
</div>
<div class='test-attributes'>
	<div class='category-list'>
		<span class='category label'>CHANNELS</span>
	</div>
</div>
<div class='test-steps'>
	<table class='bordered table-results'>
		<thead>
			<tr>
				<th>Status</th>
				<th>Timestamp</th>
				<th>Details</th>
			</tr>
		</thead>
		<tbody>
			<tr class='log' status='info'>
				<td class='status info' title='info' alt='info'><i class='material-icons'>info_outline</i></td>
				<td class='timestamp'>10:58:34 AM</td>
				<td class='step-details'>
						<font style='color:#013ADF;'><b>Test purpose: If channel created for company members only, owner should be able to search for users from the company</b></font>
					
				</td>
			</tr>
			<tr class='log' status='skip'>
				<td class='status skip' title='skip' alt='skip'><i class='material-icons'>redo</i></td>
				<td class='timestamp'>10:58:34 AM</td>
				<td class='step-details'>
						TC1656_channelForCompanyInviteCompanyMembers
					
				</td>
			</tr>
			<tr class='log' status='skip'>
				<td class='status skip' title='skip' alt='skip'><i class='material-icons'>redo</i></td>
				<td class='timestamp'>10:58:34 AM</td>
				<td class='step-details'>
						Test Case: TC1656_channelForCompanyInviteCompanyMembers has been skipped
					
				</td>
			</tr>
		</tbody>
	</table>
</div>
					</div>
				</li>
				<li class='test displayed active  pass' status='pass' bdd='false' test-id='56'>
					<div class='test-heading'>
						<span class='test-name'>TC1657_removeUserFromChannel</span>
						<span class='test-time'>Jun 28, 2022 10:58:34 AM</span>
						<span class='test-status right pass'>pass</span>
					</div>
					<div class='test-content hide'>
<div class='test-time-info'>
	<span class='label start-time'>Jun 28, 2022 10:58:34 AM</span>
	<span class='label end-time'>Jun 28, 2022 10:58:34 AM</span>
	<span class='label time-taken grey lighten-1 white-text'>0h 0m 0s+0ms</span>
</div>
<div class='test-attributes'>
	<div class='category-list'>
		<span class='category label'>CHANNELS</span>
	</div>
</div>
<div class='test-steps'>
	<table class='bordered table-results'>
		<thead>
			<tr>
				<th>Status</th>
				<th>Timestamp</th>
				<th>Details</th>
			</tr>
		</thead>
		<tbody>
			<tr class='log' status='info'>
				<td class='status info' title='info' alt='info'><i class='material-icons'>info_outline</i></td>
				<td class='timestamp'>10:58:34 AM</td>
				<td class='step-details'>
						<font style='color:#013ADF;'><b>Test purpose: Owner should be able to remove users from the channel</b></font>
					
				</td>
			</tr>
		</tbody>
	</table>
</div>
					</div>
				</li>
				<li class='test displayed active  skip' status='skip' bdd='false' test-id='57'>
					<div class='test-heading'>
						<span class='test-name'>TC1657_removeUserFromChannel</span>
						<span class='test-time'>Jun 28, 2022 10:58:34 AM</span>
						<span class='test-status right skip'>skip</span>
					</div>
					<div class='test-content hide'>
<div class='test-time-info'>
	<span class='label start-time'>Jun 28, 2022 10:58:34 AM</span>
	<span class='label end-time'>Jun 28, 2022 10:58:34 AM</span>
	<span class='label time-taken grey lighten-1 white-text'>0h 0m 0s+0ms</span>
</div>
<div class='test-attributes'>
	<div class='category-list'>
		<span class='category label'>CHANNELS</span>
	</div>
</div>
<div class='test-steps'>
	<table class='bordered table-results'>
		<thead>
			<tr>
				<th>Status</th>
				<th>Timestamp</th>
				<th>Details</th>
			</tr>
		</thead>
		<tbody>
			<tr class='log' status='info'>
				<td class='status info' title='info' alt='info'><i class='material-icons'>info_outline</i></td>
				<td class='timestamp'>10:58:34 AM</td>
				<td class='step-details'>
						<font style='color:#013ADF;'><b>Test purpose: Owner should be able to remove users from the channel</b></font>
					
				</td>
			</tr>
			<tr class='log' status='skip'>
				<td class='status skip' title='skip' alt='skip'><i class='material-icons'>redo</i></td>
				<td class='timestamp'>10:58:34 AM</td>
				<td class='step-details'>
						TC1657_removeUserFromChannel
					
				</td>
			</tr>
			<tr class='log' status='skip'>
				<td class='status skip' title='skip' alt='skip'><i class='material-icons'>redo</i></td>
				<td class='timestamp'>10:58:34 AM</td>
				<td class='step-details'>
						Test Case: TC1657_removeUserFromChannel has been skipped
					
				</td>
			</tr>
		</tbody>
	</table>
</div>
					</div>
				</li>
				<li class='test displayed active  pass' status='pass' bdd='false' test-id='58'>
					<div class='test-heading'>
						<span class='test-name'>TC1658_createForAllAndSearch</span>
						<span class='test-time'>Jun 28, 2022 10:58:34 AM</span>
						<span class='test-status right pass'>pass</span>
					</div>
					<div class='test-content hide'>
<div class='test-time-info'>
	<span class='label start-time'>Jun 28, 2022 10:58:34 AM</span>
	<span class='label end-time'>Jun 28, 2022 10:58:34 AM</span>
	<span class='label time-taken grey lighten-1 white-text'>0h 0m 0s+0ms</span>
</div>
<div class='test-attributes'>
	<div class='category-list'>
		<span class='category label'>CHANNELS</span>
	</div>
</div>
<div class='test-steps'>
	<table class='bordered table-results'>
		<thead>
			<tr>
				<th>Status</th>
				<th>Timestamp</th>
				<th>Details</th>
			</tr>
		</thead>
		<tbody>
			<tr class='log' status='info'>
				<td class='status info' title='info' alt='info'><i class='material-icons'>info_outline</i></td>
				<td class='timestamp'>10:58:34 AM</td>
				<td class='step-details'>
						<font style='color:#013ADF;'><b>Test purpose: Owner should be able to remove users from the channel</b></font>
					
				</td>
			</tr>
		</tbody>
	</table>
</div>
					</div>
				</li>
				<li class='test displayed active  skip' status='skip' bdd='false' test-id='59'>
					<div class='test-heading'>
						<span class='test-name'>TC1658_createForAllAndSearch</span>
						<span class='test-time'>Jun 28, 2022 10:58:34 AM</span>
						<span class='test-status right skip'>skip</span>
					</div>
					<div class='test-content hide'>
<div class='test-time-info'>
	<span class='label start-time'>Jun 28, 2022 10:58:34 AM</span>
	<span class='label end-time'>Jun 28, 2022 10:58:34 AM</span>
	<span class='label time-taken grey lighten-1 white-text'>0h 0m 0s+0ms</span>
</div>
<div class='test-attributes'>
	<div class='category-list'>
		<span class='category label'>CHANNELS</span>
	</div>
</div>
<div class='test-steps'>
	<table class='bordered table-results'>
		<thead>
			<tr>
				<th>Status</th>
				<th>Timestamp</th>
				<th>Details</th>
			</tr>
		</thead>
		<tbody>
			<tr class='log' status='info'>
				<td class='status info' title='info' alt='info'><i class='material-icons'>info_outline</i></td>
				<td class='timestamp'>10:58:34 AM</td>
				<td class='step-details'>
						<font style='color:#013ADF;'><b>Test purpose: Owner should be able to remove users from the channel</b></font>
					
				</td>
			</tr>
			<tr class='log' status='skip'>
				<td class='status skip' title='skip' alt='skip'><i class='material-icons'>redo</i></td>
				<td class='timestamp'>10:58:34 AM</td>
				<td class='step-details'>
						TC1658_createForAllAndSearch
					
				</td>
			</tr>
			<tr class='log' status='skip'>
				<td class='status skip' title='skip' alt='skip'><i class='material-icons'>redo</i></td>
				<td class='timestamp'>10:58:34 AM</td>
				<td class='step-details'>
						Test Case: TC1658_createForAllAndSearch has been skipped
					
				</td>
			</tr>
		</tbody>
	</table>
</div>
					</div>
				</li>
				<li class='test displayed active  fail' status='fail' bdd='false' test-id='60'>
					<div class='test-heading'>
						<span class='test-name'>TC1660_filterPublishersUser</span>
						<span class='test-time'>Jun 28, 2022 10:58:34 AM</span>
						<span class='test-status right fail'>fail</span>
					</div>
					<div class='test-content hide'>
<div class='test-time-info'>
	<span class='label start-time'>Jun 28, 2022 10:58:34 AM</span>
	<span class='label end-time'>Jun 28, 2022 10:58:45 AM</span>
	<span class='label time-taken grey lighten-1 white-text'>0h 0m 11s+596ms</span>
</div>
<div class='test-attributes'>
	<div class='category-list'>
		<span class='category label'>CHANNELS</span>
	</div>
</div>
<div class='test-steps'>
	<table class='bordered table-results'>
		<thead>
			<tr>
				<th>Status</th>
				<th>Timestamp</th>
				<th>Details</th>
			</tr>
		</thead>
		<tbody>
			<tr class='log' status='info'>
				<td class='status info' title='info' alt='info'><i class='material-icons'>info_outline</i></td>
				<td class='timestamp'>10:58:34 AM</td>
				<td class='step-details'>
						<font style='color:#013ADF;'><b>Test purpose: User should be able to filter the list to show publishers only</b></font>
					
				</td>
			</tr>
			<tr class='log' status='fail'>
				<td class='status fail' title='fail' alt='fail'><i class='material-icons'>cancel</i></td>
				<td class='timestamp'>10:58:45 AM</td>
				<td class='step-details'>
						TC1660_filterPublishersUser
					
				</td>
			</tr>
			<tr class='log' status='fail'>
				<td class='status fail' title='fail' alt='fail'><i class='material-icons'>cancel</i></td>
				<td class='timestamp'>10:58:45 AM</td>
				<td class='step-details'>
						<textarea disabled class="code-block">org.openqa.selenium.NoSuchElementException: no such element: Unable to locate element: {"method":"css selector","selector":"channeldetails"}
  (Session info: chrome=103.0.5060.53)
For documentation on this error, please visit: https://www.seleniumhq.org/exceptions/no_such_element.html
Build info: version: '3.141.59', revision: 'e82be7d358', time: '2018-11-14T08:17:03'
System info: host: 'LPF2LTVCZ', ip: '192.168.0.142', os.name: 'Windows 11', os.arch: 'amd64', os.version: '10.0', java.version: '1.8.0_333'
Driver info: org.openqa.selenium.chrome.ChromeDriver
Capabilities {acceptInsecureCerts: false, browserName: chrome, browserVersion: 103.0.5060.53, chrome: {chromedriverVersion: 103.0.5060.53 (a1711811edd7..., userDataDir: C:\Users\zittel\AppData\Loc...}, goog:chromeOptions: {debuggerAddress: localhost:65186}, javascriptEnabled: true, networkConnectionEnabled: false, pageLoadStrategy: normal, platform: WINDOWS, platformName: WINDOWS, proxy: Proxy(), setWindowRect: true, strictFileInteractability: false, timeouts: {implicit: 0, pageLoad: 300000, script: 30000}, unhandledPromptBehavior: dismiss and notify, webauthn:extension:credBlob: true, webauthn:extension:largeBlob: true, webauthn:virtualAuthenticators: true}
Session ID: 316e58b2971c44655f4599f3a37051e9
*** Element info: {Using=css selector, value=channeldetails}
	at sun.reflect.GeneratedConstructorAccessor54.newInstance(Unknown Source)
	at sun.reflect.DelegatingConstructorAccessorImpl.newInstance(DelegatingConstructorAccessorImpl.java:45)
	at java.lang.reflect.Constructor.newInstance(Constructor.java:423)
	at org.openqa.selenium.remote.http.W3CHttpResponseCodec.createException(W3CHttpResponseCodec.java:187)
	at org.openqa.selenium.remote.http.W3CHttpResponseCodec.decode(W3CHttpResponseCodec.java:122)
	at org.openqa.selenium.remote.http.W3CHttpResponseCodec.decode(W3CHttpResponseCodec.java:49)
	at org.openqa.selenium.remote.HttpCommandExecutor.execute(HttpCommandExecutor.java:158)
	at org.openqa.selenium.remote.service.DriverCommandExecutor.execute(DriverCommandExecutor.java:83)
	at org.openqa.selenium.remote.RemoteWebDriver.execute(RemoteWebDriver.java:552)
	at org.openqa.selenium.remote.RemoteWebElement.execute(RemoteWebElement.java:285)
	at org.openqa.selenium.remote.RemoteWebElement.findElement(RemoteWebElement.java:185)
	at org.openqa.selenium.remote.RemoteWebElement.findElementByCssSelector(RemoteWebElement.java:253)
	at org.openqa.selenium.By$ByCssSelector.findElement(By.java:431)
	at org.openqa.selenium.remote.RemoteWebElement.findElement(RemoteWebElement.java:181)
	at net.cloudservices.operations.qa.IntegrationTests.objects.WebClients.Searcher.waitElementUntil(Searcher.java:506)
	at net.cloudservices.operations.qa.IntegrationTests.objects.WebClients.RainbowWebElement.waitElementUntil(RainbowWebElement.java:432)
	at net.cloudservices.operations.qa.IntegrationTests.objects.WebClients.Channels.getChannelDetails(Channels.java:34)
	at net.cloudservices.operations.qa.IntegrationTests.Clients.actors.WebClients.ActorCHAN.lambda$_073_openEditChannelManageUser$58(ActorCHAN.java:453)
	at net.cloudservices.operations.qa.IntegrationTests.general.ActorOrChecker.wrap(ActorOrChecker.java:79)
	at net.cloudservices.operations.qa.IntegrationTests.Clients.actors.WebClients.ActorCHAN._073_openEditChannelManageUser(ActorCHAN.java:452)
	at net.cloudservices.operations.qa.Tests.WebClients.TS_Channels.TC1660_filterPublishersUser(TS_Channels.java:1654)
	at sun.reflect.NativeMethodAccessorImpl.invoke0(Native Method)
	at sun.reflect.NativeMethodAccessorImpl.invoke(NativeMethodAccessorImpl.java:62)
	at sun.reflect.DelegatingMethodAccessorImpl.invoke(DelegatingMethodAccessorImpl.java:43)
	at java.lang.reflect.Method.invoke(Method.java:498)
	at org.testng.internal.MethodInvocationHelper.invokeMethod(MethodInvocationHelper.java:133)
	at org.testng.internal.TestInvoker.invokeMethod(TestInvoker.java:598)
	at org.testng.internal.TestInvoker.invokeTestMethod(TestInvoker.java:173)
	at org.testng.internal.MethodRunner.runInSequence(MethodRunner.java:46)
	at org.testng.internal.TestInvoker$MethodInvocationAgent.invoke(TestInvoker.java:824)
	at org.testng.internal.TestInvoker.invokeTestMethods(TestInvoker.java:146)
	at org.testng.internal.TestMethodWorker.invokeTestMethods(TestMethodWorker.java:146)
	at org.testng.internal.TestMethodWorker.run(TestMethodWorker.java:128)
	at java.util.ArrayList.forEach(ArrayList.java:1259)
	at org.testng.TestRunner.privateRun(TestRunner.java:794)
	at org.testng.TestRunner.run(TestRunner.java:596)
	at org.testng.SuiteRunner.runTest(SuiteRunner.java:377)
	at org.testng.SuiteRunner.runSequentially(SuiteRunner.java:371)
	at org.testng.SuiteRunner.privateRun(SuiteRunner.java:332)
	at org.testng.SuiteRunner.run(SuiteRunner.java:276)
	at org.testng.SuiteRunnerWorker.runSuite(SuiteRunnerWorker.java:53)
	at org.testng.SuiteRunnerWorker.run(SuiteRunnerWorker.java:96)
	at org.testng.TestNG.runSuitesSequentially(TestNG.java:1212)
	at org.testng.TestNG.runSuitesLocally(TestNG.java:1134)
	at org.testng.TestNG.runSuites(TestNG.java:1063)
	at org.testng.TestNG.run(TestNG.java:1031)
	at org.apache.maven.surefire.testng.TestNGExecutor.run(TestNGExecutor.java:73)
	at org.apache.maven.surefire.testng.TestNGXmlTestSuite.execute(TestNGXmlTestSuite.java:94)
	at org.apache.maven.surefire.Surefire.run(Surefire.java:169)
	at sun.reflect.NativeMethodAccessorImpl.invoke0(Native Method)
	at sun.reflect.NativeMethodAccessorImpl.invoke(NativeMethodAccessorImpl.java:62)
	at sun.reflect.DelegatingMethodAccessorImpl.invoke(DelegatingMethodAccessorImpl.java:43)
	at java.lang.reflect.Method.invoke(Method.java:498)
	at org.apache.maven.surefire.booter.SurefireBooter.runSuitesInProcess(SurefireBooter.java:350)
	at org.apache.maven.surefire.booter.SurefireBooter.main(SurefireBooter.java:1021)
</textarea>
					
				</td>
			</tr>
			<tr class='log' status='fail'>
				<td class='status fail' title='fail' alt='fail'><i class='material-icons'>cancel</i></td>
				<td class='timestamp'>10:58:45 AM</td>
				<td class='step-details'>
						Screenshot Device 0: see thumbnail below
					
				</td>
			</tr>
			<tr class='log' status='info'>
				<td class='status info' title='info' alt='info'><i class='material-icons'>info_outline</i></td>
				<td class='timestamp'>10:58:45 AM</td>
				<td class='step-details'>
						<a href=''>Logs from Device 0</a>
					
				</td>
			</tr>
			<tr class='log' status='fail'>
				<td class='status fail' title='fail' alt='fail'><i class='material-icons'>cancel</i></td>
				<td class='timestamp'>10:58:45 AM</td>
				<td class='step-details'>
						Screenshot Device 1: see thumbnail below
					
				</td>
			</tr>
			<tr class='log' status='info'>
				<td class='status info' title='info' alt='info'><i class='material-icons'>info_outline</i></td>
				<td class='timestamp'>10:58:45 AM</td>
				<td class='step-details'>
						<a href=''>Logs from Device 1</a>
					
				</td>
			</tr>
		</tbody>
	</table>
</div>
						<ul class='screenshots'>
							<li><img class='r-img' onerror='this.style.display="none"' data-featherlight='ReportLogs\TC1660_filterPublishersUser-0.png' src='ReportLogs\TC1660_filterPublishersUser-0.png' data-src='ReportLogs\TC1660_filterPublishersUser-0.png'></li>
							<li><img class='r-img' onerror='this.style.display="none"' data-featherlight='ReportLogs\TC1660_filterPublishersUser-1.png' src='ReportLogs\TC1660_filterPublishersUser-1.png' data-src='ReportLogs\TC1660_filterPublishersUser-1.png'></li>
						</ul>
					</div>
				</li>
				<li class='test displayed active  pass' status='pass' bdd='false' test-id='61'>
					<div class='test-heading'>
						<span class='test-name'>TC1661_filterInvitedUser</span>
						<span class='test-time'>Jun 28, 2022 10:59:23 AM</span>
						<span class='test-status right pass'>pass</span>
					</div>
					<div class='test-content hide'>
<div class='test-time-info'>
	<span class='label start-time'>Jun 28, 2022 10:59:23 AM</span>
	<span class='label end-time'>Jun 28, 2022 10:59:23 AM</span>
	<span class='label time-taken grey lighten-1 white-text'>0h 0m 0s+0ms</span>
</div>
<div class='test-attributes'>
	<div class='category-list'>
		<span class='category label'>CHANNELS</span>
	</div>
</div>
<div class='test-steps'>
	<table class='bordered table-results'>
		<thead>
			<tr>
				<th>Status</th>
				<th>Timestamp</th>
				<th>Details</th>
			</tr>
		</thead>
		<tbody>
			<tr class='log' status='info'>
				<td class='status info' title='info' alt='info'><i class='material-icons'>info_outline</i></td>
				<td class='timestamp'>10:59:23 AM</td>
				<td class='step-details'>
						<font style='color:#013ADF;'><b>Test purpose: User should be able to filter the list to show invited only</b></font>
					
				</td>
			</tr>
		</tbody>
	</table>
</div>
					</div>
				</li>
				<li class='test displayed active  skip' status='skip' bdd='false' test-id='62'>
					<div class='test-heading'>
						<span class='test-name'>TC1661_filterInvitedUser</span>
						<span class='test-time'>Jun 28, 2022 10:59:23 AM</span>
						<span class='test-status right skip'>skip</span>
					</div>
					<div class='test-content hide'>
<div class='test-time-info'>
	<span class='label start-time'>Jun 28, 2022 10:59:23 AM</span>
	<span class='label end-time'>Jun 28, 2022 10:59:23 AM</span>
	<span class='label time-taken grey lighten-1 white-text'>0h 0m 0s+0ms</span>
</div>
<div class='test-attributes'>
	<div class='category-list'>
		<span class='category label'>CHANNELS</span>
	</div>
</div>
<div class='test-steps'>
	<table class='bordered table-results'>
		<thead>
			<tr>
				<th>Status</th>
				<th>Timestamp</th>
				<th>Details</th>
			</tr>
		</thead>
		<tbody>
			<tr class='log' status='info'>
				<td class='status info' title='info' alt='info'><i class='material-icons'>info_outline</i></td>
				<td class='timestamp'>10:59:23 AM</td>
				<td class='step-details'>
						<font style='color:#013ADF;'><b>Test purpose: User should be able to filter the list to show invited only</b></font>
					
				</td>
			</tr>
			<tr class='log' status='skip'>
				<td class='status skip' title='skip' alt='skip'><i class='material-icons'>redo</i></td>
				<td class='timestamp'>10:59:23 AM</td>
				<td class='step-details'>
						TC1661_filterInvitedUser
					
				</td>
			</tr>
			<tr class='log' status='skip'>
				<td class='status skip' title='skip' alt='skip'><i class='material-icons'>redo</i></td>
				<td class='timestamp'>10:59:23 AM</td>
				<td class='step-details'>
						Test Case: TC1661_filterInvitedUser has been skipped
					
				</td>
			</tr>
		</tbody>
	</table>
</div>
					</div>
				</li>
				<li class='test displayed active  pass' status='pass' bdd='false' test-id='63'>
					<div class='test-heading'>
						<span class='test-name'>TC1662_filterAllUser</span>
						<span class='test-time'>Jun 28, 2022 10:59:23 AM</span>
						<span class='test-status right pass'>pass</span>
					</div>
					<div class='test-content hide'>
<div class='test-time-info'>
	<span class='label start-time'>Jun 28, 2022 10:59:23 AM</span>
	<span class='label end-time'>Jun 28, 2022 10:59:23 AM</span>
	<span class='label time-taken grey lighten-1 white-text'>0h 0m 0s+0ms</span>
</div>
<div class='test-attributes'>
	<div class='category-list'>
		<span class='category label'>CHANNELS</span>
	</div>
</div>
<div class='test-steps'>
	<table class='bordered table-results'>
		<thead>
			<tr>
				<th>Status</th>
				<th>Timestamp</th>
				<th>Details</th>
			</tr>
		</thead>
		<tbody>
			<tr class='log' status='info'>
				<td class='status info' title='info' alt='info'><i class='material-icons'>info_outline</i></td>
				<td class='timestamp'>10:59:23 AM</td>
				<td class='step-details'>
						<font style='color:#013ADF;'><b>Test purpose: User should be able to filter the list to show invited only</b></font>
					
				</td>
			</tr>
		</tbody>
	</table>
</div>
					</div>
				</li>
				<li class='test displayed active  skip' status='skip' bdd='false' test-id='64'>
					<div class='test-heading'>
						<span class='test-name'>TC1662_filterAllUser</span>
						<span class='test-time'>Jun 28, 2022 10:59:23 AM</span>
						<span class='test-status right skip'>skip</span>
					</div>
					<div class='test-content hide'>
<div class='test-time-info'>
	<span class='label start-time'>Jun 28, 2022 10:59:23 AM</span>
	<span class='label end-time'>Jun 28, 2022 10:59:23 AM</span>
	<span class='label time-taken grey lighten-1 white-text'>0h 0m 0s+0ms</span>
</div>
<div class='test-attributes'>
	<div class='category-list'>
		<span class='category label'>CHANNELS</span>
	</div>
</div>
<div class='test-steps'>
	<table class='bordered table-results'>
		<thead>
			<tr>
				<th>Status</th>
				<th>Timestamp</th>
				<th>Details</th>
			</tr>
		</thead>
		<tbody>
			<tr class='log' status='info'>
				<td class='status info' title='info' alt='info'><i class='material-icons'>info_outline</i></td>
				<td class='timestamp'>10:59:23 AM</td>
				<td class='step-details'>
						<font style='color:#013ADF;'><b>Test purpose: User should be able to filter the list to show invited only</b></font>
					
				</td>
			</tr>
			<tr class='log' status='skip'>
				<td class='status skip' title='skip' alt='skip'><i class='material-icons'>redo</i></td>
				<td class='timestamp'>10:59:23 AM</td>
				<td class='step-details'>
						TC1662_filterAllUser
					
				</td>
			</tr>
			<tr class='log' status='skip'>
				<td class='status skip' title='skip' alt='skip'><i class='material-icons'>redo</i></td>
				<td class='timestamp'>10:59:23 AM</td>
				<td class='step-details'>
						Test Case: TC1662_filterAllUser has been skipped
					
				</td>
			</tr>
		</tbody>
	</table>
</div>
					</div>
				</li>
				<li class='test displayed active  fail' status='fail' bdd='false' test-id='65'>
					<div class='test-heading'>
						<span class='test-name'>TC1663_noInvitationFilterLabel</span>
						<span class='test-time'>Jun 28, 2022 10:59:23 AM</span>
						<span class='test-status right fail'>fail</span>
					</div>
					<div class='test-content hide'>
<div class='test-time-info'>
	<span class='label start-time'>Jun 28, 2022 10:59:23 AM</span>
	<span class='label end-time'>Jun 28, 2022 10:59:33 AM</span>
	<span class='label time-taken grey lighten-1 white-text'>0h 0m 9s+559ms</span>
</div>
<div class='test-attributes'>
	<div class='category-list'>
		<span class='category label'>CHANNELS</span>
	</div>
</div>
<div class='test-steps'>
	<table class='bordered table-results'>
		<thead>
			<tr>
				<th>Status</th>
				<th>Timestamp</th>
				<th>Details</th>
			</tr>
		</thead>
		<tbody>
			<tr class='log' status='info'>
				<td class='status info' title='info' alt='info'><i class='material-icons'>info_outline</i></td>
				<td class='timestamp'>10:59:23 AM</td>
				<td class='step-details'>
						<font style='color:#013ADF;'><b>Test purpose: If there are no people invited, display a label </b></font>
					
				</td>
			</tr>
			<tr class='log' status='fail'>
				<td class='status fail' title='fail' alt='fail'><i class='material-icons'>cancel</i></td>
				<td class='timestamp'>10:59:32 AM</td>
				<td class='step-details'>
						TC1663_noInvitationFilterLabel
					
				</td>
			</tr>
			<tr class='log' status='fail'>
				<td class='status fail' title='fail' alt='fail'><i class='material-icons'>cancel</i></td>
				<td class='timestamp'>10:59:32 AM</td>
				<td class='step-details'>
						<textarea disabled class="code-block">org.openqa.selenium.NoSuchElementException: no such element: Unable to locate element: {"method":"css selector","selector":"channeldetails"}
  (Session info: chrome=103.0.5060.53)
For documentation on this error, please visit: https://www.seleniumhq.org/exceptions/no_such_element.html
Build info: version: '3.141.59', revision: 'e82be7d358', time: '2018-11-14T08:17:03'
System info: host: 'LPF2LTVCZ', ip: '192.168.0.142', os.name: 'Windows 11', os.arch: 'amd64', os.version: '10.0', java.version: '1.8.0_333'
Driver info: org.openqa.selenium.chrome.ChromeDriver
Capabilities {acceptInsecureCerts: false, browserName: chrome, browserVersion: 103.0.5060.53, chrome: {chromedriverVersion: 103.0.5060.53 (a1711811edd7..., userDataDir: C:\Users\zittel\AppData\Loc...}, goog:chromeOptions: {debuggerAddress: localhost:65186}, javascriptEnabled: true, networkConnectionEnabled: false, pageLoadStrategy: normal, platform: WINDOWS, platformName: WINDOWS, proxy: Proxy(), setWindowRect: true, strictFileInteractability: false, timeouts: {implicit: 0, pageLoad: 300000, script: 30000}, unhandledPromptBehavior: dismiss and notify, webauthn:extension:credBlob: true, webauthn:extension:largeBlob: true, webauthn:virtualAuthenticators: true}
Session ID: 316e58b2971c44655f4599f3a37051e9
*** Element info: {Using=css selector, value=channeldetails}
	at sun.reflect.GeneratedConstructorAccessor54.newInstance(Unknown Source)
	at sun.reflect.DelegatingConstructorAccessorImpl.newInstance(DelegatingConstructorAccessorImpl.java:45)
	at java.lang.reflect.Constructor.newInstance(Constructor.java:423)
	at org.openqa.selenium.remote.http.W3CHttpResponseCodec.createException(W3CHttpResponseCodec.java:187)
	at org.openqa.selenium.remote.http.W3CHttpResponseCodec.decode(W3CHttpResponseCodec.java:122)
	at org.openqa.selenium.remote.http.W3CHttpResponseCodec.decode(W3CHttpResponseCodec.java:49)
	at org.openqa.selenium.remote.HttpCommandExecutor.execute(HttpCommandExecutor.java:158)
	at org.openqa.selenium.remote.service.DriverCommandExecutor.execute(DriverCommandExecutor.java:83)
	at org.openqa.selenium.remote.RemoteWebDriver.execute(RemoteWebDriver.java:552)
	at org.openqa.selenium.remote.RemoteWebElement.execute(RemoteWebElement.java:285)
	at org.openqa.selenium.remote.RemoteWebElement.findElement(RemoteWebElement.java:185)
	at org.openqa.selenium.remote.RemoteWebElement.findElementByCssSelector(RemoteWebElement.java:253)
	at org.openqa.selenium.By$ByCssSelector.findElement(By.java:431)
	at org.openqa.selenium.remote.RemoteWebElement.findElement(RemoteWebElement.java:181)
	at net.cloudservices.operations.qa.IntegrationTests.objects.WebClients.Searcher.waitElementUntil(Searcher.java:506)
	at net.cloudservices.operations.qa.IntegrationTests.objects.WebClients.RainbowWebElement.waitElementUntil(RainbowWebElement.java:432)
	at net.cloudservices.operations.qa.IntegrationTests.objects.WebClients.Channels.getChannelDetails(Channels.java:34)
	at net.cloudservices.operations.qa.IntegrationTests.Clients.actors.WebClients.ActorCHAN.lambda$_073_openEditChannelManageUser$58(ActorCHAN.java:453)
	at net.cloudservices.operations.qa.IntegrationTests.general.ActorOrChecker.wrap(ActorOrChecker.java:79)
	at net.cloudservices.operations.qa.IntegrationTests.Clients.actors.WebClients.ActorCHAN._073_openEditChannelManageUser(ActorCHAN.java:452)
	at net.cloudservices.operations.qa.Tests.WebClients.TS_Channels.TC1663_noInvitationFilterLabel(TS_Channels.java:1783)
	at sun.reflect.NativeMethodAccessorImpl.invoke0(Native Method)
	at sun.reflect.NativeMethodAccessorImpl.invoke(NativeMethodAccessorImpl.java:62)
	at sun.reflect.DelegatingMethodAccessorImpl.invoke(DelegatingMethodAccessorImpl.java:43)
	at java.lang.reflect.Method.invoke(Method.java:498)
	at org.testng.internal.MethodInvocationHelper.invokeMethod(MethodInvocationHelper.java:133)
	at org.testng.internal.TestInvoker.invokeMethod(TestInvoker.java:598)
	at org.testng.internal.TestInvoker.invokeTestMethod(TestInvoker.java:173)
	at org.testng.internal.MethodRunner.runInSequence(MethodRunner.java:46)
	at org.testng.internal.TestInvoker$MethodInvocationAgent.invoke(TestInvoker.java:824)
	at org.testng.internal.TestInvoker.invokeTestMethods(TestInvoker.java:146)
	at org.testng.internal.TestMethodWorker.invokeTestMethods(TestMethodWorker.java:146)
	at org.testng.internal.TestMethodWorker.run(TestMethodWorker.java:128)
	at java.util.ArrayList.forEach(ArrayList.java:1259)
	at org.testng.TestRunner.privateRun(TestRunner.java:794)
	at org.testng.TestRunner.run(TestRunner.java:596)
	at org.testng.SuiteRunner.runTest(SuiteRunner.java:377)
	at org.testng.SuiteRunner.runSequentially(SuiteRunner.java:371)
	at org.testng.SuiteRunner.privateRun(SuiteRunner.java:332)
	at org.testng.SuiteRunner.run(SuiteRunner.java:276)
	at org.testng.SuiteRunnerWorker.runSuite(SuiteRunnerWorker.java:53)
	at org.testng.SuiteRunnerWorker.run(SuiteRunnerWorker.java:96)
	at org.testng.TestNG.runSuitesSequentially(TestNG.java:1212)
	at org.testng.TestNG.runSuitesLocally(TestNG.java:1134)
	at org.testng.TestNG.runSuites(TestNG.java:1063)
	at org.testng.TestNG.run(TestNG.java:1031)
	at org.apache.maven.surefire.testng.TestNGExecutor.run(TestNGExecutor.java:73)
	at org.apache.maven.surefire.testng.TestNGXmlTestSuite.execute(TestNGXmlTestSuite.java:94)
	at org.apache.maven.surefire.Surefire.run(Surefire.java:169)
	at sun.reflect.NativeMethodAccessorImpl.invoke0(Native Method)
	at sun.reflect.NativeMethodAccessorImpl.invoke(NativeMethodAccessorImpl.java:62)
	at sun.reflect.DelegatingMethodAccessorImpl.invoke(DelegatingMethodAccessorImpl.java:43)
	at java.lang.reflect.Method.invoke(Method.java:498)
	at org.apache.maven.surefire.booter.SurefireBooter.runSuitesInProcess(SurefireBooter.java:350)
	at org.apache.maven.surefire.booter.SurefireBooter.main(SurefireBooter.java:1021)
</textarea>
					
				</td>
			</tr>
			<tr class='log' status='fail'>
				<td class='status fail' title='fail' alt='fail'><i class='material-icons'>cancel</i></td>
				<td class='timestamp'>10:59:33 AM</td>
				<td class='step-details'>
						Screenshot Device 0: see thumbnail below
					
				</td>
			</tr>
			<tr class='log' status='info'>
				<td class='status info' title='info' alt='info'><i class='material-icons'>info_outline</i></td>
				<td class='timestamp'>10:59:33 AM</td>
				<td class='step-details'>
						<a href=''>Logs from Device 0</a>
					
				</td>
			</tr>
			<tr class='log' status='fail'>
				<td class='status fail' title='fail' alt='fail'><i class='material-icons'>cancel</i></td>
				<td class='timestamp'>10:59:33 AM</td>
				<td class='step-details'>
						Screenshot Device 1: see thumbnail below
					
				</td>
			</tr>
			<tr class='log' status='info'>
				<td class='status info' title='info' alt='info'><i class='material-icons'>info_outline</i></td>
				<td class='timestamp'>10:59:33 AM</td>
				<td class='step-details'>
						<a href=''>Logs from Device 1</a>
					
				</td>
			</tr>
		</tbody>
	</table>
</div>
						<ul class='screenshots'>
							<li><img class='r-img' onerror='this.style.display="none"' data-featherlight='ReportLogs\TC1663_noInvitationFilterLabel-0.png' src='ReportLogs\TC1663_noInvitationFilterLabel-0.png' data-src='ReportLogs\TC1663_noInvitationFilterLabel-0.png'></li>
							<li><img class='r-img' onerror='this.style.display="none"' data-featherlight='ReportLogs\TC1663_noInvitationFilterLabel-1.png' src='ReportLogs\TC1663_noInvitationFilterLabel-1.png' data-src='ReportLogs\TC1663_noInvitationFilterLabel-1.png'></li>
						</ul>
					</div>
				</li>
				<li class='test displayed active  pass' status='pass' bdd='false' test-id='66'>
					<div class='test-heading'>
						<span class='test-name'>TC1664_removeMemberConfirmation</span>
						<span class='test-time'>Jun 28, 2022 11:00:12 AM</span>
						<span class='test-status right pass'>pass</span>
					</div>
					<div class='test-content hide'>
<div class='test-time-info'>
	<span class='label start-time'>Jun 28, 2022 11:00:12 AM</span>
	<span class='label end-time'>Jun 28, 2022 11:00:12 AM</span>
	<span class='label time-taken grey lighten-1 white-text'>0h 0m 0s+0ms</span>
</div>
<div class='test-attributes'>
	<div class='category-list'>
		<span class='category label'>CHANNELS</span>
	</div>
</div>
<div class='test-steps'>
	<table class='bordered table-results'>
		<thead>
			<tr>
				<th>Status</th>
				<th>Timestamp</th>
				<th>Details</th>
			</tr>
		</thead>
		<tbody>
			<tr class='log' status='info'>
				<td class='status info' title='info' alt='info'><i class='material-icons'>info_outline</i></td>
				<td class='timestamp'>11:00:12 AM</td>
				<td class='step-details'>
						<font style='color:#013ADF;'><b>Test purpose: A confirmation message should display when removing user</b></font>
					
				</td>
			</tr>
		</tbody>
	</table>
</div>
					</div>
				</li>
				<li class='test displayed active  skip' status='skip' bdd='false' test-id='67'>
					<div class='test-heading'>
						<span class='test-name'>TC1664_removeMemberConfirmation</span>
						<span class='test-time'>Jun 28, 2022 11:00:12 AM</span>
						<span class='test-status right skip'>skip</span>
					</div>
					<div class='test-content hide'>
<div class='test-time-info'>
	<span class='label start-time'>Jun 28, 2022 11:00:12 AM</span>
	<span class='label end-time'>Jun 28, 2022 11:00:12 AM</span>
	<span class='label time-taken grey lighten-1 white-text'>0h 0m 0s+0ms</span>
</div>
<div class='test-attributes'>
	<div class='category-list'>
		<span class='category label'>CHANNELS</span>
	</div>
</div>
<div class='test-steps'>
	<table class='bordered table-results'>
		<thead>
			<tr>
				<th>Status</th>
				<th>Timestamp</th>
				<th>Details</th>
			</tr>
		</thead>
		<tbody>
			<tr class='log' status='info'>
				<td class='status info' title='info' alt='info'><i class='material-icons'>info_outline</i></td>
				<td class='timestamp'>11:00:12 AM</td>
				<td class='step-details'>
						<font style='color:#013ADF;'><b>Test purpose: A confirmation message should display when removing user</b></font>
					
				</td>
			</tr>
			<tr class='log' status='skip'>
				<td class='status skip' title='skip' alt='skip'><i class='material-icons'>redo</i></td>
				<td class='timestamp'>11:00:12 AM</td>
				<td class='step-details'>
						TC1664_removeMemberConfirmation
					
				</td>
			</tr>
			<tr class='log' status='skip'>
				<td class='status skip' title='skip' alt='skip'><i class='material-icons'>redo</i></td>
				<td class='timestamp'>11:00:12 AM</td>
				<td class='step-details'>
						Test Case: TC1664_removeMemberConfirmation has been skipped
					
				</td>
			</tr>
		</tbody>
	</table>
</div>
					</div>
				</li>
				<li class='test displayed active  pass' status='pass' bdd='false' test-id='68'>
					<div class='test-heading'>
						<span class='test-name'>TC1665_removeMemberDeletedFromList</span>
						<span class='test-time'>Jun 28, 2022 11:00:12 AM</span>
						<span class='test-status right pass'>pass</span>
					</div>
					<div class='test-content hide'>
<div class='test-time-info'>
	<span class='label start-time'>Jun 28, 2022 11:00:12 AM</span>
	<span class='label end-time'>Jun 28, 2022 11:00:12 AM</span>
	<span class='label time-taken grey lighten-1 white-text'>0h 0m 0s+0ms</span>
</div>
<div class='test-attributes'>
	<div class='category-list'>
		<span class='category label'>CHANNELS</span>
	</div>
</div>
<div class='test-steps'>
	<table class='bordered table-results'>
		<thead>
			<tr>
				<th>Status</th>
				<th>Timestamp</th>
				<th>Details</th>
			</tr>
		</thead>
		<tbody>
			<tr class='log' status='info'>
				<td class='status info' title='info' alt='info'><i class='material-icons'>info_outline</i></td>
				<td class='timestamp'>11:00:12 AM</td>
				<td class='step-details'>
						<font style='color:#013ADF;'><b>Test purpose: Removed user should be deleted from the followers list</b></font>
					
				</td>
			</tr>
		</tbody>
	</table>
</div>
					</div>
				</li>
				<li class='test displayed active  skip' status='skip' bdd='false' test-id='69'>
					<div class='test-heading'>
						<span class='test-name'>TC1665_removeMemberDeletedFromList</span>
						<span class='test-time'>Jun 28, 2022 11:00:12 AM</span>
						<span class='test-status right skip'>skip</span>
					</div>
					<div class='test-content hide'>
<div class='test-time-info'>
	<span class='label start-time'>Jun 28, 2022 11:00:12 AM</span>
	<span class='label end-time'>Jun 28, 2022 11:00:12 AM</span>
	<span class='label time-taken grey lighten-1 white-text'>0h 0m 0s+0ms</span>
</div>
<div class='test-attributes'>
	<div class='category-list'>
		<span class='category label'>CHANNELS</span>
	</div>
</div>
<div class='test-steps'>
	<table class='bordered table-results'>
		<thead>
			<tr>
				<th>Status</th>
				<th>Timestamp</th>
				<th>Details</th>
			</tr>
		</thead>
		<tbody>
			<tr class='log' status='info'>
				<td class='status info' title='info' alt='info'><i class='material-icons'>info_outline</i></td>
				<td class='timestamp'>11:00:12 AM</td>
				<td class='step-details'>
						<font style='color:#013ADF;'><b>Test purpose: Removed user should be deleted from the followers list</b></font>
					
				</td>
			</tr>
			<tr class='log' status='skip'>
				<td class='status skip' title='skip' alt='skip'><i class='material-icons'>redo</i></td>
				<td class='timestamp'>11:00:12 AM</td>
				<td class='step-details'>
						TC1665_removeMemberDeletedFromList
					
				</td>
			</tr>
			<tr class='log' status='skip'>
				<td class='status skip' title='skip' alt='skip'><i class='material-icons'>redo</i></td>
				<td class='timestamp'>11:00:12 AM</td>
				<td class='step-details'>
						Test Case: TC1665_removeMemberDeletedFromList has been skipped
					
				</td>
			</tr>
		</tbody>
	</table>
</div>
					</div>
				</li>
			</ul>
		</div>
	</div>
	<!-- subview left -->
	<div class='subview-right left'>
		<div class='view-summary'>
			<div id='step-filters' class="right sr-filters">
				<a class="btn-floating waves-effect waves-light green" status="pass" alt="pass" title="pass"><i class="material-icons">check_circle</i></a>
				<a class="btn-floating waves-effect waves-light red" status="fail" alt="fail" title="fail"><i class="material-icons">cancel</i></a>
				<a class="btn-floating waves-effect waves-light red darken-4" status="fatal" alt="fatal" title="fatal"><i class="material-icons">cancel</i></a>
				<a class="btn-floating waves-effect waves-light pink text-lighten-1" status="error" alt="error" title="error"><i class="material-icons">error</i></a>
				<a class="btn-floating waves-effect waves-light orange" alt="warning" status="warning" title="warning"><i class="material-icons">warning</i></a>
				<a class="btn-floating waves-effect waves-light teal" status="skip" alt="skip" title="skip"><i class="material-icons">redo</i></a>
				<a class="btn-floating waves-effect waves-light grey" status="clear" alt="Clear filters" title="Clear filters"><i class="material-icons">clear</i></a>
			</div>
			<h5 class='test-name'></h5>
		</div>
	</div>
	<!-- subview right -->
</div>
<!-- test view --><div id='category-view' class='view hide'>
	<section id='controls'>
		<div class='controls grey lighten-4'>
			<!-- search -->
			<div class='chip transparent' alt='Search Tests' title='Search Tests'>
				<a href="#" class='search-div'>
				<i class='material-icons'>search</i> Search
				</a>
				<div class='input-field left hide'>
					<input id='search-tests' type='text' class='validate browser-default' placeholder='Search Tests...'>
				</div>
			</div>
			<!-- search -->
		</div>
	</section>
	<div class='subview-left left'>
		<div class='view-summary'>
			<ul id='category-collection' class='category-collection'>
				<li class='category displayed active'>
					<div class='category-heading'>
						<span class='category-name'>CHANNELS</span>
						<span class='category-status right'>
						<span class='label pass'>50</span>
						<span class='label fail'>5</span>
						<span class='label others'>14</span>
						</span>
					</div>
					<div class='category-content hide'>
						<div class='category-status-counts'>
							<span status="pass" class='label green accent-4 white-text'>Passed: 50</span>
							<span status="fail" class='label red lighten-1 white-text'>Failed: 5</span>
							<span status="skip" class='label yellow darken-2 white-text'>Skipped: 14</span>
						</div>
						<div class='category-tests'>
							<table class='bordered table-results'>
								<thead>
									<tr>
										<th>Timestamp</th>
										<th>TestName</th>
										<th>Status</th>
									</tr>
								</thead>
								<tbody>
									<tr>
										<td>Jun 28, 2022 10:50:21 AM</td>
										<td class='linked' test-id='1'>TC1600_checkChannelsPage</td>
										<td><span class='test-status pass'>pass</span></td>
									</tr>
									<tr>
										<td>Jun 28, 2022 10:50:27 AM</td>
										<td class='linked' test-id='2'>TC1601_checkCreateChannelWindow</td>
										<td><span class='test-status pass'>pass</span></td>
									</tr>
									<tr>
										<td>Jun 28, 2022 10:50:33 AM</td>
										<td class='linked' test-id='3'>TC1602_checkCreateChannelVisibilityWindow</td>
										<td><span class='test-status pass'>pass</span></td>
									</tr>
									<tr>
										<td>Jun 28, 2022 10:50:36 AM</td>
										<td class='linked' test-id='4'>TC1602bis_checkCreateChannelVisibilityWindowOpenVisibility</td>
										<td><span class='test-status pass'>pass</span></td>
									</tr>
									<tr>
										<td>Jun 28, 2022 10:50:37 AM</td>
										<td class='linked' test-id='5'>TC1602ter_checkCreateChannelVisibilityWindowChooseCompanyMembers</td>
										<td><span class='test-status pass'>pass</span></td>
									</tr>
									<tr>
										<td>Jun 28, 2022 10:50:40 AM</td>
										<td class='linked' test-id='6'>TC1603_checkCreateChannelInviteUserWindow</td>
										<td><span class='test-status pass'>pass</span></td>
									</tr>
									<tr>
										<td>Jun 28, 2022 10:50:43 AM</td>
										<td class='linked' test-id='7'>TC1604_inviteMembersInvalid</td>
										<td><span class='test-status pass'>pass</span></td>
									</tr>
									<tr>
										<td>Jun 28, 2022 10:50:49 AM</td>
										<td class='linked' test-id='8'>TC1605_inviteMembersByFirstname</td>
										<td><span class='test-status pass'>pass</span></td>
									</tr>
									<tr>
										<td>Jun 28, 2022 10:50:50 AM</td>
										<td class='linked' test-id='9'>TC1606_inviteMembersByLastname</td>
										<td><span class='test-status pass'>pass</span></td>
									</tr>
									<tr>
										<td>Jun 28, 2022 10:50:52 AM</td>
										<td class='linked' test-id='10'>TC1607_inviteMembersByLastnameAndFirstname</td>
										<td><span class='test-status pass'>pass</span></td>
									</tr>
									<tr>
										<td>Jun 28, 2022 10:50:54 AM</td>
										<td class='linked' test-id='11'>TC1608_inviteMembersByFirstnameAndLastname</td>
										<td><span class='test-status pass'>pass</span></td>
									</tr>
									<tr>
										<td>Jun 28, 2022 10:50:55 AM</td>
										<td class='linked' test-id='12'>TC1609_inviteOneMemberByEmail</td>
										<td><span class='test-status pass'>pass</span></td>
									</tr>
									<tr>
										<td>Jun 28, 2022 10:50:58 AM</td>
										<td class='linked' test-id='13'>TC1610_inviteMemberByEmailSeparatedByComma</td>
										<td><span class='test-status pass'>pass</span></td>
									</tr>
									<tr>
										<td>Jun 28, 2022 10:51:01 AM</td>
										<td class='linked' test-id='14'>TC1611_inviteMemberByEmailSeparatedBySemicolon</td>
										<td><span class='test-status pass'>pass</span></td>
									</tr>
									<tr>
										<td>Jun 28, 2022 10:51:05 AM</td>
										<td class='linked' test-id='15'>TC1612_inviteMemberByEmailMix</td>
										<td><span class='test-status pass'>pass</span></td>
									</tr>
									<tr>
										<td>Jun 28, 2022 10:51:09 AM</td>
										<td class='linked' test-id='16'>TC1613_completeChannelCreation</td>
										<td><span class='test-status pass'>pass</span></td>
									</tr>
									<tr>
										<td>Jun 28, 2022 10:51:17 AM</td>
										<td class='linked' test-id='17'>TC1620_goToCreateNewPost</td>
										<td><span class='test-status pass'>pass</span></td>
									</tr>
									<tr>
										<td>Jun 28, 2022 10:51:26 AM</td>
										<td class='linked' test-id='18'>TC1621_closeCreateNewPost</td>
										<td><span class='test-status pass'>pass</span></td>
									</tr>
									<tr>
										<td>Jun 28, 2022 10:51:35 AM</td>
										<td class='linked' test-id='19'>TC1622_cancelCreateNewPost</td>
										<td><span class='test-status pass'>pass</span></td>
									</tr>
									<tr>
										<td>Jun 28, 2022 10:51:44 AM</td>
										<td class='linked' test-id='20'>TC1623_writeTextAsNewPost</td>
										<td><span class='test-status pass'>pass</span></td>
									</tr>
									<tr>
										<td>Jun 28, 2022 10:51:46 AM</td>
										<td class='linked' test-id='21'>TC1624_likeAPost</td>
										<td><span class='test-status pass'>pass</span></td>
									</tr>
									<tr>
										<td>Jun 28, 2022 10:52:09 AM</td>
										<td class='linked' test-id='22'>TC1625_unlikeAPost</td>
										<td><span class='test-status pass'>pass</span></td>
									</tr>
									<tr>
										<td>Jun 28, 2022 10:52:16 AM</td>
										<td class='linked' test-id='23'>TC1630_modifyAPost</td>
										<td><span class='test-status pass'>pass</span></td>
									</tr>
									<tr>
										<td>Jun 28, 2022 10:52:30 AM</td>
										<td class='linked' test-id='24'>TC1631_deleteAPost</td>
										<td><span class='test-status pass'>pass</span></td>
									</tr>
									<tr>
										<td>Jun 28, 2022 10:52:42 AM</td>
										<td class='linked' test-id='25'>TC1632_deleteAChannel</td>
										<td><span class='test-status pass'>pass</span></td>
									</tr>
									<tr>
										<td>Jun 28, 2022 10:52:49 AM</td>
										<td class='linked' test-id='26'>TC1633_createChannelWithCategory</td>
										<td><span class='test-status pass'>pass</span></td>
									</tr>
									<tr>
										<td>Jun 28, 2022 10:53:03 AM</td>
										<td class='linked' test-id='27'>TC1634_createChannelWithAvatar</td>
										<td><span class='test-status pass'>pass</span></td>
									</tr>
									<tr>
										<td>Jun 28, 2022 10:53:18 AM</td>
										<td class='linked' test-id='28'>TC1635_modifyChannelAvatar</td>
										<td><span class='test-status pass'>pass</span></td>
									</tr>
									<tr>
										<td>Jun 28, 2022 10:53:39 AM</td>
										<td class='linked' test-id='29'>TC1636_CantCreateChannelWithAlreadyUseName</td>
										<td><span class='test-status pass'>pass</span></td>
									</tr>
									<tr>
										<td>Jun 28, 2022 10:53:56 AM</td>
										<td class='linked' test-id='30'>TC1637_CantCreateChannelWithTooShortName</td>
										<td><span class='test-status pass'>pass</span></td>
									</tr>
									<tr>
										<td>Jun 28, 2022 10:54:14 AM</td>
										<td class='linked' test-id='31'>TC1638_CanAddDescriptionToChannelWhileCreatingIt</td>
										<td><span class='test-status pass'>pass</span></td>
									</tr>
									<tr>
										<td>Jun 28, 2022 10:54:22 AM</td>
										<td class='linked' test-id='32'>TC1639_CanAddDescriptionToChannelWhileEditingIt</td>
										<td><span class='test-status pass'>pass</span></td>
									</tr>
									<tr>
										<td>Jun 28, 2022 10:54:29 AM</td>
										<td class='linked' test-id='33'>TC1640_createChannelWithCategoryScience</td>
										<td><span class='test-status pass'>pass</span></td>
									</tr>
									<tr>
										<td>Jun 28, 2022 10:54:42 AM</td>
										<td class='linked' test-id='34'>TC1641_createChannelWithCategoryTravel</td>
										<td><span class='test-status pass'>pass</span></td>
									</tr>
									<tr>
										<td>Jun 28, 2022 10:54:56 AM</td>
										<td class='linked' test-id='35'>TC1642_createChannelWithCategoryMarketing</td>
										<td><span class='test-status pass'>pass</span></td>
									</tr>
									<tr>
										<td>Jun 28, 2022 10:55:10 AM</td>
										<td class='linked' test-id='36'>TC1643_createChannelWithCategoryBusiness</td>
										<td><span class='test-status pass'>pass</span></td>
									</tr>
									<tr>
										<td>Jun 28, 2022 10:55:25 AM</td>
										<td class='linked' test-id='37'>TC1644_createChannelWithCategoryCulture</td>
										<td><span class='test-status fail'>fail</span></td>
									</tr>
									<tr>
										<td>Jun 28, 2022 10:56:30 AM</td>
										<td class='linked' test-id='38'>TC1645_createChannelWithCategoryInnovation</td>
										<td><span class='test-status pass'>pass</span></td>
									</tr>
									<tr>
										<td>Jun 28, 2022 10:56:30 AM</td>
										<td class='linked' test-id='39'>TC1645_createChannelWithCategoryInnovation</td>
										<td><span class='test-status skip'>skip</span></td>
									</tr>
									<tr>
										<td>Jun 28, 2022 10:56:30 AM</td>
										<td class='linked' test-id='40'>TC1646_createChannelWithCategoryHiTech</td>
										<td><span class='test-status pass'>pass</span></td>
									</tr>
									<tr>
										<td>Jun 28, 2022 10:56:30 AM</td>
										<td class='linked' test-id='41'>TC1646_createChannelWithCategoryHiTech</td>
										<td><span class='test-status skip'>skip</span></td>
									</tr>
									<tr>
										<td>Jun 28, 2022 10:56:30 AM</td>
										<td class='linked' test-id='42'>TC1647_createChannelWithCategorySocialMedia</td>
										<td><span class='test-status pass'>pass</span></td>
									</tr>
									<tr>
										<td>Jun 28, 2022 10:56:30 AM</td>
										<td class='linked' test-id='43'>TC1647_createChannelWithCategorySocialMedia</td>
										<td><span class='test-status skip'>skip</span></td>
									</tr>
									<tr>
										<td>Jun 28, 2022 10:56:30 AM</td>
										<td class='linked' test-id='44'>TC1650_modifyChannelAndFollowerSeeModification</td>
										<td><span class='test-status fail'>fail</span></td>
									</tr>
									<tr>
										<td>Jun 28, 2022 10:57:33 AM</td>
										<td class='linked' test-id='45'>TC1651_inviteToChannel</td>
										<td><span class='test-status fail'>fail</span></td>
									</tr>
									<tr>
										<td>Jun 28, 2022 10:58:33 AM</td>
										<td class='linked' test-id='46'>TC1652_promoteUserToPublisher</td>
										<td><span class='test-status pass'>pass</span></td>
									</tr>
									<tr>
										<td>Jun 28, 2022 10:58:33 AM</td>
										<td class='linked' test-id='47'>TC1652_promoteUserToPublisher</td>
										<td><span class='test-status skip'>skip</span></td>
									</tr>
									<tr>
										<td>Jun 28, 2022 10:58:33 AM</td>
										<td class='linked' test-id='48'>TC1653_demotePublisherToUser</td>
										<td><span class='test-status pass'>pass</span></td>
									</tr>
									<tr>
										<td>Jun 28, 2022 10:58:33 AM</td>
										<td class='linked' test-id='49'>TC1653_demotePublisherToUser</td>
										<td><span class='test-status skip'>skip</span></td>
									</tr>
									<tr>
										<td>Jun 28, 2022 10:58:33 AM</td>
										<td class='linked' test-id='50'>TC1654_channelForCompanyCantInviteFromOthers</td>
										<td><span class='test-status pass'>pass</span></td>
									</tr>
									<tr>
										<td>Jun 28, 2022 10:58:33 AM</td>
										<td class='linked' test-id='51'>TC1654_channelForCompanyCantInviteFromOthers</td>
										<td><span class='test-status skip'>skip</span></td>
									</tr>
									<tr>
										<td>Jun 28, 2022 10:58:33 AM</td>
										<td class='linked' test-id='52'>TC1655_noResultFoundDisplayed</td>
										<td><span class='test-status pass'>pass</span></td>
									</tr>
									<tr>
										<td>Jun 28, 2022 10:58:33 AM</td>
										<td class='linked' test-id='53'>TC1655_noResultFoundDisplayed</td>
										<td><span class='test-status skip'>skip</span></td>
									</tr>
									<tr>
										<td>Jun 28, 2022 10:58:34 AM</td>
										<td class='linked' test-id='54'>TC1656_channelForCompanyInviteCompanyMembers</td>
										<td><span class='test-status pass'>pass</span></td>
									</tr>
									<tr>
										<td>Jun 28, 2022 10:58:34 AM</td>
										<td class='linked' test-id='55'>TC1656_channelForCompanyInviteCompanyMembers</td>
										<td><span class='test-status skip'>skip</span></td>
									</tr>
									<tr>
										<td>Jun 28, 2022 10:58:34 AM</td>
										<td class='linked' test-id='56'>TC1657_removeUserFromChannel</td>
										<td><span class='test-status pass'>pass</span></td>
									</tr>
									<tr>
										<td>Jun 28, 2022 10:58:34 AM</td>
										<td class='linked' test-id='57'>TC1657_removeUserFromChannel</td>
										<td><span class='test-status skip'>skip</span></td>
									</tr>
									<tr>
										<td>Jun 28, 2022 10:58:34 AM</td>
										<td class='linked' test-id='58'>TC1658_createForAllAndSearch</td>
										<td><span class='test-status pass'>pass</span></td>
									</tr>
									<tr>
										<td>Jun 28, 2022 10:58:34 AM</td>
										<td class='linked' test-id='59'>TC1658_createForAllAndSearch</td>
										<td><span class='test-status skip'>skip</span></td>
									</tr>
									<tr>
										<td>Jun 28, 2022 10:58:34 AM</td>
										<td class='linked' test-id='60'>TC1660_filterPublishersUser</td>
										<td><span class='test-status fail'>fail</span></td>
									</tr>
									<tr>
										<td>Jun 28, 2022 10:59:23 AM</td>
										<td class='linked' test-id='61'>TC1661_filterInvitedUser</td>
										<td><span class='test-status pass'>pass</span></td>
									</tr>
									<tr>
										<td>Jun 28, 2022 10:59:23 AM</td>
										<td class='linked' test-id='62'>TC1661_filterInvitedUser</td>
										<td><span class='test-status skip'>skip</span></td>
									</tr>
									<tr>
										<td>Jun 28, 2022 10:59:23 AM</td>
										<td class='linked' test-id='63'>TC1662_filterAllUser</td>
										<td><span class='test-status pass'>pass</span></td>
									</tr>
									<tr>
										<td>Jun 28, 2022 10:59:23 AM</td>
										<td class='linked' test-id='64'>TC1662_filterAllUser</td>
										<td><span class='test-status skip'>skip</span></td>
									</tr>
									<tr>
										<td>Jun 28, 2022 10:59:23 AM</td>
										<td class='linked' test-id='65'>TC1663_noInvitationFilterLabel</td>
										<td><span class='test-status fail'>fail</span></td>
									</tr>
									<tr>
										<td>Jun 28, 2022 11:00:12 AM</td>
										<td class='linked' test-id='66'>TC1664_removeMemberConfirmation</td>
										<td><span class='test-status pass'>pass</span></td>
									</tr>
									<tr>
										<td>Jun 28, 2022 11:00:12 AM</td>
										<td class='linked' test-id='67'>TC1664_removeMemberConfirmation</td>
										<td><span class='test-status skip'>skip</span></td>
									</tr>
									<tr>
										<td>Jun 28, 2022 11:00:12 AM</td>
										<td class='linked' test-id='68'>TC1665_removeMemberDeletedFromList</td>
										<td><span class='test-status pass'>pass</span></td>
									</tr>
									<tr>
										<td>Jun 28, 2022 11:00:12 AM</td>
										<td class='linked' test-id='69'>TC1665_removeMemberDeletedFromList</td>
										<td><span class='test-status skip'>skip</span></td>
									</tr>
								</tbody>
							</table>
						</div>
					</div>
				</li>
			</ul>
		</div>
	</div>
	<div class='subview-right left'>
		<div class='view-summary'>
			<h5 class='category-name'></h5>
		</div>
	</div>
</div>
<!-- category view --><div id='exception-view' class='view hide'>
	<section id='controls'>
		<div class='controls grey lighten-4'>
			<!-- search -->
			<div class='chip transparent' alt='Search Tests' title='Search Tests'>
				<a href="#" class='search-div'>
				<i class='material-icons'>search</i> Search
				</a>
				<div class='input-field left hide'>
					<input id='search-tests' type='text' class='validate browser-default' placeholder='Search Tests...'>
				</div>
			</div>
			<!-- search -->
		</div>
	</section>
	<div class='subview-left left'>
		<div class='view-summary'>
			<ul id='exception-collection' class='exception-collection'>
				<li class='exception displayed active'>
					<div class='exception-heading'>
						<span class='exception-name'>org.openqa.selenium.NoSuchElementException</span>
						<span class='exception-count right'><span class='label red lighten-1 white-text'>5</span></span>
					</div>
					<div class='exception-content hide'>
						<div class='exception-tests'>
							<table class='bordered table-results'>
								<thead>
									<tr>
										<th>Timestamp</th>
										<th>TestName</th>
										<th>Status</th>
									</tr>
								</thead>
								<tbody>
									<tr>
										<td>Jun 28, 2022 10:55:25 AM</td>
										<td class='linked' test-id='37'>TC1644_createChannelWithCategoryCulture</td>
										<td>
											<textarea disabled class="code-block">org.openqa.selenium.NoSuchElementException: no such element: Unable to locate element: {"method":"css selector","selector":"channelsheader button[tooltip='backToNewsFeed']"}
  (Session info: chrome=103.0.5060.53)
For documentation on this error, please visit: https://www.seleniumhq.org/exceptions/no_such_element.html
Build info: version: '3.141.59', revision: 'e82be7d358', time: '2018-11-14T08:17:03'
System info: host: 'LPF2LTVCZ', ip: '192.168.0.142', os.name: 'Windows 11', os.arch: 'amd64', os.version: '10.0', java.version: '1.8.0_333'
Driver info: org.openqa.selenium.chrome.ChromeDriver
Capabilities {acceptInsecureCerts: false, browserName: chrome, browserVersion: 103.0.5060.53, chrome: {chromedriverVersion: 103.0.5060.53 (a1711811edd7..., userDataDir: C:\Users\zittel\AppData\Loc...}, goog:chromeOptions: {debuggerAddress: localhost:65186}, javascriptEnabled: true, networkConnectionEnabled: false, pageLoadStrategy: normal, platform: WINDOWS, platformName: WINDOWS, proxy: Proxy(), setWindowRect: true, strictFileInteractability: false, timeouts: {implicit: 0, pageLoad: 300000, script: 30000}, unhandledPromptBehavior: dismiss and notify, webauthn:extension:credBlob: true, webauthn:extension:largeBlob: true, webauthn:virtualAuthenticators: true}
Session ID: 316e58b2971c44655f4599f3a37051e9
*** Element info: {Using=css selector, value=channelsheader button[tooltip='backToNewsFeed']}
	at sun.reflect.NativeConstructorAccessorImpl.newInstance0(Native Method)
	at sun.reflect.NativeConstructorAccessorImpl.newInstance(NativeConstructorAccessorImpl.java:62)
	at sun.reflect.DelegatingConstructorAccessorImpl.newInstance(DelegatingConstructorAccessorImpl.java:45)
	at java.lang.reflect.Constructor.newInstance(Constructor.java:423)
	at org.openqa.selenium.remote.http.W3CHttpResponseCodec.createException(W3CHttpResponseCodec.java:187)
	at org.openqa.selenium.remote.http.W3CHttpResponseCodec.decode(W3CHttpResponseCodec.java:122)
	at org.openqa.selenium.remote.http.W3CHttpResponseCodec.decode(W3CHttpResponseCodec.java:49)
	at org.openqa.selenium.remote.HttpCommandExecutor.execute(HttpCommandExecutor.java:158)
	at org.openqa.selenium.remote.service.DriverCommandExecutor.execute(DriverCommandExecutor.java:83)
	at org.openqa.selenium.remote.RemoteWebDriver.execute(RemoteWebDriver.java:552)
	at org.openqa.selenium.remote.RemoteWebElement.execute(RemoteWebElement.java:285)
	at org.openqa.selenium.remote.RemoteWebElement.findElement(RemoteWebElement.java:185)
	at org.openqa.selenium.remote.RemoteWebElement.findElementByCssSelector(RemoteWebElement.java:253)
	at org.openqa.selenium.By$ByCssSelector.findElement(By.java:431)
	at org.openqa.selenium.remote.RemoteWebElement.findElement(RemoteWebElement.java:181)
	at net.cloudservices.operations.qa.IntegrationTests.objects.WebClients.Searcher.waitElementUntil(Searcher.java:506)
	at net.cloudservices.operations.qa.IntegrationTests.objects.WebClients.RainbowWebElement.waitElementUntil(RainbowWebElement.java:432)
	at net.cloudservices.operations.qa.IntegrationTests.objects.WebClients.RainbowWebElement.waitElementUntil(RainbowWebElement.java:429)
	at net.cloudservices.operations.qa.IntegrationTests.objects.WebClients.ChannelHeader.getButtonBack(ChannelHeader.java:36)
	at net.cloudservices.operations.qa.IntegrationTests.assertions.WebElementAssert.lambda$isDisplayed$0(WebElementAssert.java:34)
	at org.awaitility.core.CallableCondition$ConditionEvaluationWrapper.eval(CallableCondition.java:100)
	at org.awaitility.core.ConditionAwaiter$ConditionPoller.call(ConditionAwaiter.java:201)
	at org.awaitility.core.ConditionAwaiter$ConditionPoller.call(ConditionAwaiter.java:188)
	at java.util.concurrent.FutureTask.run(FutureTask.java:266)
	at java.util.concurrent.ThreadPoolExecutor.runWorker(ThreadPoolExecutor.java:1149)
	at java.util.concurrent.ThreadPoolExecutor$Worker.run(ThreadPoolExecutor.java:624)
	at java.lang.Thread.run(Thread.java:750)
</textarea>
										</td>
									</tr>
									<tr>
										<td>Jun 28, 2022 10:56:30 AM</td>
										<td class='linked' test-id='44'>TC1650_modifyChannelAndFollowerSeeModification</td>
										<td>
											<textarea disabled class="code-block">org.openqa.selenium.NoSuchElementException: no such element: Unable to locate element: {"method":"css selector","selector":"channeldetails"}
  (Session info: chrome=103.0.5060.53)
For documentation on this error, please visit: https://www.seleniumhq.org/exceptions/no_such_element.html
Build info: version: '3.141.59', revision: 'e82be7d358', time: '2018-11-14T08:17:03'
System info: host: 'LPF2LTVCZ', ip: '192.168.0.142', os.name: 'Windows 11', os.arch: 'amd64', os.version: '10.0', java.version: '1.8.0_333'
Driver info: org.openqa.selenium.chrome.ChromeDriver
Capabilities {acceptInsecureCerts: false, browserName: chrome, browserVersion: 103.0.5060.53, chrome: {chromedriverVersion: 103.0.5060.53 (a1711811edd7..., userDataDir: C:\Users\zittel\AppData\Loc...}, goog:chromeOptions: {debuggerAddress: localhost:65186}, javascriptEnabled: true, networkConnectionEnabled: false, pageLoadStrategy: normal, platform: WINDOWS, platformName: WINDOWS, proxy: Proxy(), setWindowRect: true, strictFileInteractability: false, timeouts: {implicit: 0, pageLoad: 300000, script: 30000}, unhandledPromptBehavior: dismiss and notify, webauthn:extension:credBlob: true, webauthn:extension:largeBlob: true, webauthn:virtualAuthenticators: true}
Session ID: 316e58b2971c44655f4599f3a37051e9
*** Element info: {Using=css selector, value=channeldetails}
	at sun.reflect.GeneratedConstructorAccessor54.newInstance(Unknown Source)
	at sun.reflect.DelegatingConstructorAccessorImpl.newInstance(DelegatingConstructorAccessorImpl.java:45)
	at java.lang.reflect.Constructor.newInstance(Constructor.java:423)
	at org.openqa.selenium.remote.http.W3CHttpResponseCodec.createException(W3CHttpResponseCodec.java:187)
	at org.openqa.selenium.remote.http.W3CHttpResponseCodec.decode(W3CHttpResponseCodec.java:122)
	at org.openqa.selenium.remote.http.W3CHttpResponseCodec.decode(W3CHttpResponseCodec.java:49)
	at org.openqa.selenium.remote.HttpCommandExecutor.execute(HttpCommandExecutor.java:158)
	at org.openqa.selenium.remote.service.DriverCommandExecutor.execute(DriverCommandExecutor.java:83)
	at org.openqa.selenium.remote.RemoteWebDriver.execute(RemoteWebDriver.java:552)
	at org.openqa.selenium.remote.RemoteWebElement.execute(RemoteWebElement.java:285)
	at org.openqa.selenium.remote.RemoteWebElement.findElement(RemoteWebElement.java:185)
	at org.openqa.selenium.remote.RemoteWebElement.findElementByCssSelector(RemoteWebElement.java:253)
	at org.openqa.selenium.By$ByCssSelector.findElement(By.java:431)
	at org.openqa.selenium.remote.RemoteWebElement.findElement(RemoteWebElement.java:181)
	at net.cloudservices.operations.qa.IntegrationTests.objects.WebClients.Searcher.waitElementUntil(Searcher.java:506)
	at net.cloudservices.operations.qa.IntegrationTests.objects.WebClients.RainbowWebElement.waitElementUntil(RainbowWebElement.java:432)
	at net.cloudservices.operations.qa.IntegrationTests.objects.WebClients.Channels.getChannelDetails(Channels.java:34)
	at net.cloudservices.operations.qa.IntegrationTests.Clients.actors.WebClients.ActorCHAN.lambda$_073_openEditChannelManageUser$58(ActorCHAN.java:453)
	at net.cloudservices.operations.qa.IntegrationTests.general.ActorOrChecker.wrap(ActorOrChecker.java:79)
	at net.cloudservices.operations.qa.IntegrationTests.Clients.actors.WebClients.ActorCHAN._073_openEditChannelManageUser(ActorCHAN.java:452)
	at net.cloudservices.operations.qa.Tests.WebClients.TS_Channels.TC1650_modifyChannelAndFollowerSeeModification(TS_Channels.java:1280)
	at sun.reflect.NativeMethodAccessorImpl.invoke0(Native Method)
	at sun.reflect.NativeMethodAccessorImpl.invoke(NativeMethodAccessorImpl.java:62)
	at sun.reflect.DelegatingMethodAccessorImpl.invoke(DelegatingMethodAccessorImpl.java:43)
	at java.lang.reflect.Method.invoke(Method.java:498)
	at org.testng.internal.MethodInvocationHelper.invokeMethod(MethodInvocationHelper.java:133)
	at org.testng.internal.TestInvoker.invokeMethod(TestInvoker.java:598)
	at org.testng.internal.TestInvoker.invokeTestMethod(TestInvoker.java:173)
	at org.testng.internal.MethodRunner.runInSequence(MethodRunner.java:46)
	at org.testng.internal.TestInvoker$MethodInvocationAgent.invoke(TestInvoker.java:824)
	at org.testng.internal.TestInvoker.invokeTestMethods(TestInvoker.java:146)
	at org.testng.internal.TestMethodWorker.invokeTestMethods(TestMethodWorker.java:146)
	at org.testng.internal.TestMethodWorker.run(TestMethodWorker.java:128)
	at java.util.ArrayList.forEach(ArrayList.java:1259)
	at org.testng.TestRunner.privateRun(TestRunner.java:794)
	at org.testng.TestRunner.run(TestRunner.java:596)
	at org.testng.SuiteRunner.runTest(SuiteRunner.java:377)
	at org.testng.SuiteRunner.runSequentially(SuiteRunner.java:371)
	at org.testng.SuiteRunner.privateRun(SuiteRunner.java:332)
	at org.testng.SuiteRunner.run(SuiteRunner.java:276)
	at org.testng.SuiteRunnerWorker.runSuite(SuiteRunnerWorker.java:53)
	at org.testng.SuiteRunnerWorker.run(SuiteRunnerWorker.java:96)
	at org.testng.TestNG.runSuitesSequentially(TestNG.java:1212)
	at org.testng.TestNG.runSuitesLocally(TestNG.java:1134)
	at org.testng.TestNG.runSuites(TestNG.java:1063)
	at org.testng.TestNG.run(TestNG.java:1031)
	at org.apache.maven.surefire.testng.TestNGExecutor.run(TestNGExecutor.java:73)
	at org.apache.maven.surefire.testng.TestNGXmlTestSuite.execute(TestNGXmlTestSuite.java:94)
	at org.apache.maven.surefire.Surefire.run(Surefire.java:169)
	at sun.reflect.NativeMethodAccessorImpl.invoke0(Native Method)
	at sun.reflect.NativeMethodAccessorImpl.invoke(NativeMethodAccessorImpl.java:62)
	at sun.reflect.DelegatingMethodAccessorImpl.invoke(DelegatingMethodAccessorImpl.java:43)
	at java.lang.reflect.Method.invoke(Method.java:498)
	at org.apache.maven.surefire.booter.SurefireBooter.runSuitesInProcess(SurefireBooter.java:350)
	at org.apache.maven.surefire.booter.SurefireBooter.main(SurefireBooter.java:1021)
</textarea>
										</td>
									</tr>
									<tr>
										<td>Jun 28, 2022 10:57:33 AM</td>
										<td class='linked' test-id='45'>TC1651_inviteToChannel</td>
										<td>
											<textarea disabled class="code-block">org.openqa.selenium.NoSuchElementException: no such element: Unable to locate element: {"method":"css selector","selector":"channeldetails"}
  (Session info: chrome=103.0.5060.53)
For documentation on this error, please visit: https://www.seleniumhq.org/exceptions/no_such_element.html
Build info: version: '3.141.59', revision: 'e82be7d358', time: '2018-11-14T08:17:03'
System info: host: 'LPF2LTVCZ', ip: '192.168.0.142', os.name: 'Windows 11', os.arch: 'amd64', os.version: '10.0', java.version: '1.8.0_333'
Driver info: org.openqa.selenium.chrome.ChromeDriver
Capabilities {acceptInsecureCerts: false, browserName: chrome, browserVersion: 103.0.5060.53, chrome: {chromedriverVersion: 103.0.5060.53 (a1711811edd7..., userDataDir: C:\Users\zittel\AppData\Loc...}, goog:chromeOptions: {debuggerAddress: localhost:65186}, javascriptEnabled: true, networkConnectionEnabled: false, pageLoadStrategy: normal, platform: WINDOWS, platformName: WINDOWS, proxy: Proxy(), setWindowRect: true, strictFileInteractability: false, timeouts: {implicit: 0, pageLoad: 300000, script: 30000}, unhandledPromptBehavior: dismiss and notify, webauthn:extension:credBlob: true, webauthn:extension:largeBlob: true, webauthn:virtualAuthenticators: true}
Session ID: 316e58b2971c44655f4599f3a37051e9
*** Element info: {Using=css selector, value=channeldetails}
	at sun.reflect.GeneratedConstructorAccessor54.newInstance(Unknown Source)
	at sun.reflect.DelegatingConstructorAccessorImpl.newInstance(DelegatingConstructorAccessorImpl.java:45)
	at java.lang.reflect.Constructor.newInstance(Constructor.java:423)
	at org.openqa.selenium.remote.http.W3CHttpResponseCodec.createException(W3CHttpResponseCodec.java:187)
	at org.openqa.selenium.remote.http.W3CHttpResponseCodec.decode(W3CHttpResponseCodec.java:122)
	at org.openqa.selenium.remote.http.W3CHttpResponseCodec.decode(W3CHttpResponseCodec.java:49)
	at org.openqa.selenium.remote.HttpCommandExecutor.execute(HttpCommandExecutor.java:158)
	at org.openqa.selenium.remote.service.DriverCommandExecutor.execute(DriverCommandExecutor.java:83)
	at org.openqa.selenium.remote.RemoteWebDriver.execute(RemoteWebDriver.java:552)
	at org.openqa.selenium.remote.RemoteWebElement.execute(RemoteWebElement.java:285)
	at org.openqa.selenium.remote.RemoteWebElement.findElement(RemoteWebElement.java:185)
	at org.openqa.selenium.remote.RemoteWebElement.findElementByCssSelector(RemoteWebElement.java:253)
	at org.openqa.selenium.By$ByCssSelector.findElement(By.java:431)
	at org.openqa.selenium.remote.RemoteWebElement.findElement(RemoteWebElement.java:181)
	at net.cloudservices.operations.qa.IntegrationTests.objects.WebClients.Searcher.waitElementUntil(Searcher.java:506)
	at net.cloudservices.operations.qa.IntegrationTests.objects.WebClients.RainbowWebElement.waitElementUntil(RainbowWebElement.java:432)
	at net.cloudservices.operations.qa.IntegrationTests.objects.WebClients.Channels.getChannelDetails(Channels.java:34)
	at net.cloudservices.operations.qa.IntegrationTests.Clients.actors.WebClients.ActorCHAN.lambda$_073_openEditChannelManageUser$58(ActorCHAN.java:453)
	at net.cloudservices.operations.qa.IntegrationTests.general.ActorOrChecker.wrap(ActorOrChecker.java:79)
	at net.cloudservices.operations.qa.IntegrationTests.Clients.actors.WebClients.ActorCHAN._073_openEditChannelManageUser(ActorCHAN.java:452)
	at net.cloudservices.operations.qa.Tests.WebClients.TS_Channels.TC1651_inviteToChannel(TS_Channels.java:1345)
	at sun.reflect.NativeMethodAccessorImpl.invoke0(Native Method)
	at sun.reflect.NativeMethodAccessorImpl.invoke(NativeMethodAccessorImpl.java:62)
	at sun.reflect.DelegatingMethodAccessorImpl.invoke(DelegatingMethodAccessorImpl.java:43)
	at java.lang.reflect.Method.invoke(Method.java:498)
	at org.testng.internal.MethodInvocationHelper.invokeMethod(MethodInvocationHelper.java:133)
	at org.testng.internal.TestInvoker.invokeMethod(TestInvoker.java:598)
	at org.testng.internal.TestInvoker.invokeTestMethod(TestInvoker.java:173)
	at org.testng.internal.MethodRunner.runInSequence(MethodRunner.java:46)
	at org.testng.internal.TestInvoker$MethodInvocationAgent.invoke(TestInvoker.java:824)
	at org.testng.internal.TestInvoker.invokeTestMethods(TestInvoker.java:146)
	at org.testng.internal.TestMethodWorker.invokeTestMethods(TestMethodWorker.java:146)
	at org.testng.internal.TestMethodWorker.run(TestMethodWorker.java:128)
	at java.util.ArrayList.forEach(ArrayList.java:1259)
	at org.testng.TestRunner.privateRun(TestRunner.java:794)
	at org.testng.TestRunner.run(TestRunner.java:596)
	at org.testng.SuiteRunner.runTest(SuiteRunner.java:377)
	at org.testng.SuiteRunner.runSequentially(SuiteRunner.java:371)
	at org.testng.SuiteRunner.privateRun(SuiteRunner.java:332)
	at org.testng.SuiteRunner.run(SuiteRunner.java:276)
	at org.testng.SuiteRunnerWorker.runSuite(SuiteRunnerWorker.java:53)
	at org.testng.SuiteRunnerWorker.run(SuiteRunnerWorker.java:96)
	at org.testng.TestNG.runSuitesSequentially(TestNG.java:1212)
	at org.testng.TestNG.runSuitesLocally(TestNG.java:1134)
	at org.testng.TestNG.runSuites(TestNG.java:1063)
	at org.testng.TestNG.run(TestNG.java:1031)
	at org.apache.maven.surefire.testng.TestNGExecutor.run(TestNGExecutor.java:73)
	at org.apache.maven.surefire.testng.TestNGXmlTestSuite.execute(TestNGXmlTestSuite.java:94)
	at org.apache.maven.surefire.Surefire.run(Surefire.java:169)
	at sun.reflect.NativeMethodAccessorImpl.invoke0(Native Method)
	at sun.reflect.NativeMethodAccessorImpl.invoke(NativeMethodAccessorImpl.java:62)
	at sun.reflect.DelegatingMethodAccessorImpl.invoke(DelegatingMethodAccessorImpl.java:43)
	at java.lang.reflect.Method.invoke(Method.java:498)
	at org.apache.maven.surefire.booter.SurefireBooter.runSuitesInProcess(SurefireBooter.java:350)
	at org.apache.maven.surefire.booter.SurefireBooter.main(SurefireBooter.java:1021)
</textarea>
										</td>
									</tr>
									<tr>
										<td>Jun 28, 2022 10:58:34 AM</td>
										<td class='linked' test-id='60'>TC1660_filterPublishersUser</td>
										<td>
											<textarea disabled class="code-block">org.openqa.selenium.NoSuchElementException: no such element: Unable to locate element: {"method":"css selector","selector":"channeldetails"}
  (Session info: chrome=103.0.5060.53)
For documentation on this error, please visit: https://www.seleniumhq.org/exceptions/no_such_element.html
Build info: version: '3.141.59', revision: 'e82be7d358', time: '2018-11-14T08:17:03'
System info: host: 'LPF2LTVCZ', ip: '192.168.0.142', os.name: 'Windows 11', os.arch: 'amd64', os.version: '10.0', java.version: '1.8.0_333'
Driver info: org.openqa.selenium.chrome.ChromeDriver
Capabilities {acceptInsecureCerts: false, browserName: chrome, browserVersion: 103.0.5060.53, chrome: {chromedriverVersion: 103.0.5060.53 (a1711811edd7..., userDataDir: C:\Users\zittel\AppData\Loc...}, goog:chromeOptions: {debuggerAddress: localhost:65186}, javascriptEnabled: true, networkConnectionEnabled: false, pageLoadStrategy: normal, platform: WINDOWS, platformName: WINDOWS, proxy: Proxy(), setWindowRect: true, strictFileInteractability: false, timeouts: {implicit: 0, pageLoad: 300000, script: 30000}, unhandledPromptBehavior: dismiss and notify, webauthn:extension:credBlob: true, webauthn:extension:largeBlob: true, webauthn:virtualAuthenticators: true}
Session ID: 316e58b2971c44655f4599f3a37051e9
*** Element info: {Using=css selector, value=channeldetails}
	at sun.reflect.GeneratedConstructorAccessor54.newInstance(Unknown Source)
	at sun.reflect.DelegatingConstructorAccessorImpl.newInstance(DelegatingConstructorAccessorImpl.java:45)
	at java.lang.reflect.Constructor.newInstance(Constructor.java:423)
	at org.openqa.selenium.remote.http.W3CHttpResponseCodec.createException(W3CHttpResponseCodec.java:187)
	at org.openqa.selenium.remote.http.W3CHttpResponseCodec.decode(W3CHttpResponseCodec.java:122)
	at org.openqa.selenium.remote.http.W3CHttpResponseCodec.decode(W3CHttpResponseCodec.java:49)
	at org.openqa.selenium.remote.HttpCommandExecutor.execute(HttpCommandExecutor.java:158)
	at org.openqa.selenium.remote.service.DriverCommandExecutor.execute(DriverCommandExecutor.java:83)
	at org.openqa.selenium.remote.RemoteWebDriver.execute(RemoteWebDriver.java:552)
	at org.openqa.selenium.remote.RemoteWebElement.execute(RemoteWebElement.java:285)
	at org.openqa.selenium.remote.RemoteWebElement.findElement(RemoteWebElement.java:185)
	at org.openqa.selenium.remote.RemoteWebElement.findElementByCssSelector(RemoteWebElement.java:253)
	at org.openqa.selenium.By$ByCssSelector.findElement(By.java:431)
	at org.openqa.selenium.remote.RemoteWebElement.findElement(RemoteWebElement.java:181)
	at net.cloudservices.operations.qa.IntegrationTests.objects.WebClients.Searcher.waitElementUntil(Searcher.java:506)
	at net.cloudservices.operations.qa.IntegrationTests.objects.WebClients.RainbowWebElement.waitElementUntil(RainbowWebElement.java:432)
	at net.cloudservices.operations.qa.IntegrationTests.objects.WebClients.Channels.getChannelDetails(Channels.java:34)
	at net.cloudservices.operations.qa.IntegrationTests.Clients.actors.WebClients.ActorCHAN.lambda$_073_openEditChannelManageUser$58(ActorCHAN.java:453)
	at net.cloudservices.operations.qa.IntegrationTests.general.ActorOrChecker.wrap(ActorOrChecker.java:79)
	at net.cloudservices.operations.qa.IntegrationTests.Clients.actors.WebClients.ActorCHAN._073_openEditChannelManageUser(ActorCHAN.java:452)
	at net.cloudservices.operations.qa.Tests.WebClients.TS_Channels.TC1660_filterPublishersUser(TS_Channels.java:1654)
	at sun.reflect.NativeMethodAccessorImpl.invoke0(Native Method)
	at sun.reflect.NativeMethodAccessorImpl.invoke(NativeMethodAccessorImpl.java:62)
	at sun.reflect.DelegatingMethodAccessorImpl.invoke(DelegatingMethodAccessorImpl.java:43)
	at java.lang.reflect.Method.invoke(Method.java:498)
	at org.testng.internal.MethodInvocationHelper.invokeMethod(MethodInvocationHelper.java:133)
	at org.testng.internal.TestInvoker.invokeMethod(TestInvoker.java:598)
	at org.testng.internal.TestInvoker.invokeTestMethod(TestInvoker.java:173)
	at org.testng.internal.MethodRunner.runInSequence(MethodRunner.java:46)
	at org.testng.internal.TestInvoker$MethodInvocationAgent.invoke(TestInvoker.java:824)
	at org.testng.internal.TestInvoker.invokeTestMethods(TestInvoker.java:146)
	at org.testng.internal.TestMethodWorker.invokeTestMethods(TestMethodWorker.java:146)
	at org.testng.internal.TestMethodWorker.run(TestMethodWorker.java:128)
	at java.util.ArrayList.forEach(ArrayList.java:1259)
	at org.testng.TestRunner.privateRun(TestRunner.java:794)
	at org.testng.TestRunner.run(TestRunner.java:596)
	at org.testng.SuiteRunner.runTest(SuiteRunner.java:377)
	at org.testng.SuiteRunner.runSequentially(SuiteRunner.java:371)
	at org.testng.SuiteRunner.privateRun(SuiteRunner.java:332)
	at org.testng.SuiteRunner.run(SuiteRunner.java:276)
	at org.testng.SuiteRunnerWorker.runSuite(SuiteRunnerWorker.java:53)
	at org.testng.SuiteRunnerWorker.run(SuiteRunnerWorker.java:96)
	at org.testng.TestNG.runSuitesSequentially(TestNG.java:1212)
	at org.testng.TestNG.runSuitesLocally(TestNG.java:1134)
	at org.testng.TestNG.runSuites(TestNG.java:1063)
	at org.testng.TestNG.run(TestNG.java:1031)
	at org.apache.maven.surefire.testng.TestNGExecutor.run(TestNGExecutor.java:73)
	at org.apache.maven.surefire.testng.TestNGXmlTestSuite.execute(TestNGXmlTestSuite.java:94)
	at org.apache.maven.surefire.Surefire.run(Surefire.java:169)
	at sun.reflect.NativeMethodAccessorImpl.invoke0(Native Method)
	at sun.reflect.NativeMethodAccessorImpl.invoke(NativeMethodAccessorImpl.java:62)
	at sun.reflect.DelegatingMethodAccessorImpl.invoke(DelegatingMethodAccessorImpl.java:43)
	at java.lang.reflect.Method.invoke(Method.java:498)
	at org.apache.maven.surefire.booter.SurefireBooter.runSuitesInProcess(SurefireBooter.java:350)
	at org.apache.maven.surefire.booter.SurefireBooter.main(SurefireBooter.java:1021)
</textarea>
										</td>
									</tr>
									<tr>
										<td>Jun 28, 2022 10:59:23 AM</td>
										<td class='linked' test-id='65'>TC1663_noInvitationFilterLabel</td>
										<td>
											<textarea disabled class="code-block">org.openqa.selenium.NoSuchElementException: no such element: Unable to locate element: {"method":"css selector","selector":"channeldetails"}
  (Session info: chrome=103.0.5060.53)
For documentation on this error, please visit: https://www.seleniumhq.org/exceptions/no_such_element.html
Build info: version: '3.141.59', revision: 'e82be7d358', time: '2018-11-14T08:17:03'
System info: host: 'LPF2LTVCZ', ip: '192.168.0.142', os.name: 'Windows 11', os.arch: 'amd64', os.version: '10.0', java.version: '1.8.0_333'
Driver info: org.openqa.selenium.chrome.ChromeDriver
Capabilities {acceptInsecureCerts: false, browserName: chrome, browserVersion: 103.0.5060.53, chrome: {chromedriverVersion: 103.0.5060.53 (a1711811edd7..., userDataDir: C:\Users\zittel\AppData\Loc...}, goog:chromeOptions: {debuggerAddress: localhost:65186}, javascriptEnabled: true, networkConnectionEnabled: false, pageLoadStrategy: normal, platform: WINDOWS, platformName: WINDOWS, proxy: Proxy(), setWindowRect: true, strictFileInteractability: false, timeouts: {implicit: 0, pageLoad: 300000, script: 30000}, unhandledPromptBehavior: dismiss and notify, webauthn:extension:credBlob: true, webauthn:extension:largeBlob: true, webauthn:virtualAuthenticators: true}
Session ID: 316e58b2971c44655f4599f3a37051e9
*** Element info: {Using=css selector, value=channeldetails}
	at sun.reflect.GeneratedConstructorAccessor54.newInstance(Unknown Source)
	at sun.reflect.DelegatingConstructorAccessorImpl.newInstance(DelegatingConstructorAccessorImpl.java:45)
	at java.lang.reflect.Constructor.newInstance(Constructor.java:423)
	at org.openqa.selenium.remote.http.W3CHttpResponseCodec.createException(W3CHttpResponseCodec.java:187)
	at org.openqa.selenium.remote.http.W3CHttpResponseCodec.decode(W3CHttpResponseCodec.java:122)
	at org.openqa.selenium.remote.http.W3CHttpResponseCodec.decode(W3CHttpResponseCodec.java:49)
	at org.openqa.selenium.remote.HttpCommandExecutor.execute(HttpCommandExecutor.java:158)
	at org.openqa.selenium.remote.service.DriverCommandExecutor.execute(DriverCommandExecutor.java:83)
	at org.openqa.selenium.remote.RemoteWebDriver.execute(RemoteWebDriver.java:552)
	at org.openqa.selenium.remote.RemoteWebElement.execute(RemoteWebElement.java:285)
	at org.openqa.selenium.remote.RemoteWebElement.findElement(RemoteWebElement.java:185)
	at org.openqa.selenium.remote.RemoteWebElement.findElementByCssSelector(RemoteWebElement.java:253)
	at org.openqa.selenium.By$ByCssSelector.findElement(By.java:431)
	at org.openqa.selenium.remote.RemoteWebElement.findElement(RemoteWebElement.java:181)
	at net.cloudservices.operations.qa.IntegrationTests.objects.WebClients.Searcher.waitElementUntil(Searcher.java:506)
	at net.cloudservices.operations.qa.IntegrationTests.objects.WebClients.RainbowWebElement.waitElementUntil(RainbowWebElement.java:432)
	at net.cloudservices.operations.qa.IntegrationTests.objects.WebClients.Channels.getChannelDetails(Channels.java:34)
	at net.cloudservices.operations.qa.IntegrationTests.Clients.actors.WebClients.ActorCHAN.lambda$_073_openEditChannelManageUser$58(ActorCHAN.java:453)
	at net.cloudservices.operations.qa.IntegrationTests.general.ActorOrChecker.wrap(ActorOrChecker.java:79)
	at net.cloudservices.operations.qa.IntegrationTests.Clients.actors.WebClients.ActorCHAN._073_openEditChannelManageUser(ActorCHAN.java:452)
	at net.cloudservices.operations.qa.Tests.WebClients.TS_Channels.TC1663_noInvitationFilterLabel(TS_Channels.java:1783)
	at sun.reflect.NativeMethodAccessorImpl.invoke0(Native Method)
	at sun.reflect.NativeMethodAccessorImpl.invoke(NativeMethodAccessorImpl.java:62)
	at sun.reflect.DelegatingMethodAccessorImpl.invoke(DelegatingMethodAccessorImpl.java:43)
	at java.lang.reflect.Method.invoke(Method.java:498)
	at org.testng.internal.MethodInvocationHelper.invokeMethod(MethodInvocationHelper.java:133)
	at org.testng.internal.TestInvoker.invokeMethod(TestInvoker.java:598)
	at org.testng.internal.TestInvoker.invokeTestMethod(TestInvoker.java:173)
	at org.testng.internal.MethodRunner.runInSequence(MethodRunner.java:46)
	at org.testng.internal.TestInvoker$MethodInvocationAgent.invoke(TestInvoker.java:824)
	at org.testng.internal.TestInvoker.invokeTestMethods(TestInvoker.java:146)
	at org.testng.internal.TestMethodWorker.invokeTestMethods(TestMethodWorker.java:146)
	at org.testng.internal.TestMethodWorker.run(TestMethodWorker.java:128)
	at java.util.ArrayList.forEach(ArrayList.java:1259)
	at org.testng.TestRunner.privateRun(TestRunner.java:794)
	at org.testng.TestRunner.run(TestRunner.java:596)
	at org.testng.SuiteRunner.runTest(SuiteRunner.java:377)
	at org.testng.SuiteRunner.runSequentially(SuiteRunner.java:371)
	at org.testng.SuiteRunner.privateRun(SuiteRunner.java:332)
	at org.testng.SuiteRunner.run(SuiteRunner.java:276)
	at org.testng.SuiteRunnerWorker.runSuite(SuiteRunnerWorker.java:53)
	at org.testng.SuiteRunnerWorker.run(SuiteRunnerWorker.java:96)
	at org.testng.TestNG.runSuitesSequentially(TestNG.java:1212)
	at org.testng.TestNG.runSuitesLocally(TestNG.java:1134)
	at org.testng.TestNG.runSuites(TestNG.java:1063)
	at org.testng.TestNG.run(TestNG.java:1031)
	at org.apache.maven.surefire.testng.TestNGExecutor.run(TestNGExecutor.java:73)
	at org.apache.maven.surefire.testng.TestNGXmlTestSuite.execute(TestNGXmlTestSuite.java:94)
	at org.apache.maven.surefire.Surefire.run(Surefire.java:169)
	at sun.reflect.NativeMethodAccessorImpl.invoke0(Native Method)
	at sun.reflect.NativeMethodAccessorImpl.invoke(NativeMethodAccessorImpl.java:62)
	at sun.reflect.DelegatingMethodAccessorImpl.invoke(DelegatingMethodAccessorImpl.java:43)
	at java.lang.reflect.Method.invoke(Method.java:498)
	at org.apache.maven.surefire.booter.SurefireBooter.runSuitesInProcess(SurefireBooter.java:350)
	at org.apache.maven.surefire.booter.SurefireBooter.main(SurefireBooter.java:1021)
</textarea>
										</td>
									</tr>
								</tbody>
							</table>
						</div>
					</div>
				</li>
			</ul>
		</div>
	</div>
	<div class='subview-right left'>
		<div class='view-summary'>
			<h5 class='exception-name'></h5>
		</div>
	</div>
</div>
<!-- exception view --><div id='dashboard-view' class='view hide'>
	<div class='card-panel transparent np-v'>
		<h5>Dashboard</h5>

		<div class='row'>
			<div class='col s2'>
				<div class='card-panel r'>
					Tests
					<div class='panel-lead'>69</div>
				</div>
			</div>
			<div class='col s2'>
				<div class='card-panel r'>
					Steps
					<div class='panel-lead'>0</div>
				</div>
			</div>
			<div class='col s2'>
				<div class='card-panel r'>
					Start
					<div class='panel-lead'>Jun 28, 2022 10:48:36 AM</div>
				</div>
			</div>
			<div class='col s2'>
				<div class='card-panel r'>
			 		End
			 		<div class='panel-lead'>Jun 28, 2022 11:00:12 AM</div>
				</div>
			</div>
			<div class='col s2'>
				<div class='card-panel r'>
					Time Taken
					<div class='panel-lead'>0h 11m 35s+820ms</div>
				</div>
			</div>
			<div class='col s4'>
				<div class='card-panel dashboard-environment'>
					<span class='right label cyan white-text'>Environment</span><p>&nbsp;</p>
					
					<table>
						<tr>
							<th>Name</th>
							<th>Value</th>
						</tr>
							<tr>
								<td>Environment: </td>
								<td>.NET</td>
							</tr>
							<tr>
								<td>Machine: </td>
								<td>Automated Tests Development Desk</td>
							</tr>
							<tr>
								<td>Build (client num. 0)</td>
								<td>2.106.6</td>
							</tr>
							<tr>
								<td>Client type (client num. 0)</td>
								<td>Chrome</td>
							</tr>
							<tr>
								<td>Build (client num. 1)</td>
								<td>2.106.6</td>
							</tr>
							<tr>
								<td>Client type (client num. 1)</td>
								<td>Chrome</td>
							</tr>
					</table>
				</div>
			</div>
			<div class='col s6'>
				<div class='card-panel dashboard-categories'>
					<span class='right label cyan white-text'>Categories</span><p>&nbsp;</p>
					
					<table>
						<tr>
							<th>Name</th>
							<th>Passed</th>
							<th>Failed</th>
							<th>Others</th>
							<th>Passed %</th>
						</tr>
						<tr>
							<td>CHANNELS</td>
							<td>50</td>
							<td>5</td>
							<td>0</td>
							<td>
									72.464%
							</td>
						</tr>
					</table>
				</div>
			</div>
		</div>
	</div>
</div>
<!-- dashboard view -->
<!-- testrunner-logs view -->		</div>
		<!-- container -->
		<script>
			var statusGroup = {
                parentCount: 69,
				passParent: 50,
				failParent: 5,
				fatalParent: 0,
				errorParent: 0,
				warningParent: 0,
				skipParent: 14,
				exceptionsParent: 19,
				childCount: 0,
				passChild: 0,
				failChild: 0,
				fatalChild: 0,
				errorChild: 0,
				warningChild: 0,
				skipChild: 0,
				infoChild: 0,
				debugChild: 0,
				exceptionsChild: 0,
				grandChildCount: 0,
				passGrandChild: 0,
				failGrandChild: 0,
				fatalGrandChild: 0,
				errorGrandChild: 0,
				warningGrandChild: 0,
				skipGrandChild: 0,
				infoGrandChild: 0,
				debugGrandChild: 0,
				exceptionsGrandChild: 0,
			};
		</script>
		<script>
			var timeline = {
			        "TC1600_checkChannelsPage":5.311,"TC1601_checkCreateChannelWindow":5.673,"TC1602_checkCreateChannelVisibilityWindow":2.786,"TC1602bis_checkCreateChannelVisibilityWindowOpenVisibility":1.003,"TC1602ter_checkCreateChannelVisibilityWindowChooseCompanyMembers":2.616,"TC1603_checkCreateChannelInviteUserWindow":2.633,"TC1604_inviteMembersInvalid":5.858,"TC1605_inviteMembersByFirstname":1.752,"TC1606_inviteMembersByLastname":1.469,"TC1607_inviteMembersByLastnameAndFirstname":1.677,"TC1608_inviteMembersByFirstnameAndLastname":1.491,"TC1609_inviteOneMemberByEmail":2.158,"TC1610_inviteMemberByEmailSeparatedByComma":3.356,"TC1611_inviteMemberByEmailSeparatedBySemicolon":3.471,"TC1612_inviteMemberByEmailMix":4.009,"TC1613_completeChannelCreation":6.293,"TC1620_goToCreateNewPost":8.888,"TC1621_closeCreateNewPost":8.346,"TC1622_cancelCreateNewPost":9.058,"TC1623_writeTextAsNewPost":2.04,"TC1624_likeAPost":22.781,"TC1625_unlikeAPost":6.295,"TC1630_modifyAPost":14.2,"TC1631_deleteAPost":12.346,"TC1632_deleteAChannel":6.967,"TC1633_createChannelWithCategory":11.001,"TC1634_createChannelWithAvatar":14.425,"TC1635_modifyChannelAvatar":19.333,"TC1636_CantCreateChannelWithAlreadyUseName":15.148,"TC1637_CantCreateChannelWithTooShortName":16.192,"TC1638_CanAddDescriptionToChannelWhileCreatingIt":7.314,"TC1639_CanAddDescriptionToChannelWhileEditingIt":5.418,"TC1640_createChannelWithCategoryScience":12.81,"TC1641_createChannelWithCategoryTravel":13.988,"TC1642_createChannelWithCategoryMarketing":14.17,"TC1643_createChannelWithCategoryBusiness":14.252,"TC1644_createChannelWithCategoryCulture":14.924,"TC1645_createChannelWithCategoryInnovation":0,"TC1645_createChannelWithCategoryInnovation":0,"TC1646_createChannelWithCategoryHiTech":0,"TC1646_createChannelWithCategoryHiTech":0,"TC1647_createChannelWithCategorySocialMedia":0,"TC1647_createChannelWithCategorySocialMedia":0,"TC1650_modifyChannelAndFollowerSeeModification":15.336,"TC1651_inviteToChannel":18.156,"TC1652_promoteUserToPublisher":0,"TC1652_promoteUserToPublisher":0,"TC1653_demotePublisherToUser":0,"TC1653_demotePublisherToUser":0,"TC1654_channelForCompanyCantInviteFromOthers":0,"TC1654_channelForCompanyCantInviteFromOthers":0,"TC1655_noResultFoundDisplayed":0,"TC1655_noResultFoundDisplayed":0,"TC1656_channelForCompanyInviteCompanyMembers":0,"TC1656_channelForCompanyInviteCompanyMembers":0,"TC1657_removeUserFromChannel":0,"TC1657_removeUserFromChannel":0,"TC1658_createForAllAndSearch":0,"TC1658_createForAllAndSearch":0,"TC1660_filterPublishersUser":11.596,"TC1661_filterInvitedUser":0,"TC1661_filterInvitedUser":0,"TC1662_filterAllUser":0,"TC1662_filterAllUser":0,"TC1663_noInvitationFilterLabel":9.559,"TC1664_removeMemberConfirmation":0,"TC1664_removeMemberConfirmation":0,"TC1665_removeMemberDeletedFromList":0,"TC1665_removeMemberDeletedFromList":0
			};
		</script>
		<script src='https://cdn.rawgit.com/extent-framework/extent-github-cdn/b65cd69/v3html/js/extent.js' type='text/javascript'></script>
		<script type='text/javascript'>
		</script>
	</body>
</html>